{"dist/cascadecanvas-1.0.7.js":{"path":"dist/cascadecanvas-1.0.7.js","s":{"1":1,"2":1,"3":0,"4":1,"5":0,"6":1,"7":1,"8":1,"9":82,"10":2,"11":2,"12":2,"13":2,"14":80,"15":80,"16":80,"17":73,"18":80,"19":80,"20":80,"21":191,"22":191,"23":87,"24":104,"25":104,"26":114,"27":114,"28":30,"29":30,"30":104,"31":74,"32":80,"33":1,"34":1,"35":1,"36":1,"37":1,"38":105,"39":105,"40":105,"41":1,"42":19,"43":19,"44":19,"45":19,"46":19,"47":18,"48":19,"49":1,"50":93,"51":93,"52":93,"53":93,"54":1,"55":0,"56":0,"57":0,"58":0,"59":1,"60":106,"61":106,"62":138,"63":138,"64":138,"65":138,"66":0,"67":138,"68":136,"69":138,"70":138,"71":138,"72":136,"73":138,"74":8,"75":106,"76":53,"77":53,"78":53,"79":53,"80":45,"81":16,"82":11,"83":8,"84":8,"85":6,"86":5,"87":4,"88":29,"89":17,"90":14,"91":14,"92":9,"93":12,"94":8,"95":8,"96":5,"97":6,"98":4,"99":2,"100":3,"101":3,"102":106,"103":78,"104":0,"105":78,"106":78,"107":78,"108":78,"109":78,"110":56,"111":56,"112":42,"113":78,"114":62,"115":21,"116":23,"117":41,"118":33,"119":106,"120":93,"121":1,"122":1,"123":35,"124":1,"125":28,"126":1,"127":32,"128":1,"129":35,"130":1,"131":9,"132":12,"133":1,"134":11,"135":18,"136":3,"137":1,"138":3,"139":15,"140":9,"141":9,"142":9,"143":1,"144":5,"145":1,"146":1,"147":6,"148":1,"149":5,"150":45,"151":23,"152":22,"153":15,"154":7,"155":0,"156":0,"157":0,"158":0,"159":7,"160":3,"161":1,"162":2,"163":2,"164":4,"165":1,"166":3,"167":3,"168":2,"169":3,"170":3,"171":2,"172":3,"173":3,"174":1,"175":3,"176":3,"177":1,"178":3,"179":3,"180":3,"181":3,"182":3,"183":3,"184":1,"185":49,"186":1,"187":29,"188":29,"189":4,"190":25,"191":25,"192":25,"193":25,"194":3,"195":29,"196":1,"197":28,"198":28,"199":28,"200":25,"201":28,"202":1,"203":1,"204":1,"205":1,"206":1,"207":1,"208":1,"209":1,"210":1,"211":1,"212":1,"213":1,"214":1,"215":2,"216":2,"217":2,"218":2,"219":1,"220":1,"221":2,"222":1,"223":1,"224":6,"225":6,"226":2,"227":4,"228":4,"229":4,"230":4,"231":4,"232":4,"233":6,"234":1,"235":1,"236":1,"237":1,"238":0,"239":0,"240":1,"241":0,"242":0,"243":1,"244":0,"245":0,"246":0,"247":1,"248":0,"249":0,"250":0,"251":0,"252":0,"253":0,"254":0,"255":1,"256":0,"257":0,"258":0,"259":0,"260":0,"261":0,"262":0,"263":0,"264":0,"265":0,"266":0,"267":0,"268":0,"269":1,"270":0,"271":0,"272":0,"273":1,"274":0,"275":0,"276":0,"277":1,"278":0,"279":0,"280":0,"281":0,"282":0,"283":0,"284":0,"285":0,"286":0,"287":0,"288":0,"289":0,"290":0,"291":0,"292":0,"293":0,"294":1,"295":0,"296":0,"297":0,"298":0,"299":0,"300":0,"301":0,"302":0,"303":0,"304":0,"305":0,"306":0,"307":0,"308":0,"309":0,"310":0,"311":0,"312":0,"313":1,"314":1,"315":3,"316":3,"317":0,"318":3,"319":3,"320":0,"321":0,"322":3,"323":1,"324":3,"325":3,"326":3,"327":0,"328":0,"329":0,"330":0,"331":3,"332":1,"333":3,"334":3,"335":3,"336":3,"337":3,"338":3,"339":0,"340":0,"341":3,"342":3,"343":0,"344":0,"345":3,"346":3,"347":3,"348":0,"349":0,"350":3,"351":1,"352":1,"353":3,"354":3,"355":3,"356":3,"357":3,"358":3,"359":3,"360":3,"361":3,"362":3,"363":3,"364":1,"365":1,"366":0,"367":0,"368":0,"369":0,"370":0,"371":0,"372":0,"373":0,"374":0,"375":1,"376":0,"377":1,"378":1,"379":1,"380":0,"381":0,"382":0,"383":0,"384":0,"385":1,"386":0,"387":0,"388":0,"389":0,"390":0,"391":0,"392":0,"393":0,"394":0,"395":0,"396":0,"397":0,"398":0,"399":0,"400":0,"401":0,"402":0,"403":0,"404":0,"405":0,"406":0,"407":0,"408":0,"409":0,"410":0,"411":0,"412":0,"413":0,"414":0,"415":0,"416":0,"417":1,"418":0,"419":0,"420":1,"421":0,"422":1,"423":0,"424":1,"425":0,"426":0,"427":1,"428":0,"429":0,"430":0,"431":0,"432":0,"433":0,"434":0,"435":0,"436":1,"437":0,"438":0,"439":0,"440":0,"441":0,"442":0,"443":0,"444":0,"445":0,"446":0,"447":0,"448":0,"449":0,"450":0,"451":0,"452":0,"453":0,"454":0,"455":0,"456":0,"457":1,"458":0,"459":0,"460":0,"461":0,"462":0,"463":0,"464":0,"465":0,"466":0,"467":0,"468":0,"469":0,"470":0,"471":0,"472":0,"473":0,"474":0,"475":1,"476":0,"477":0,"478":0,"479":0,"480":0,"481":0,"482":1,"483":0,"484":0,"485":0,"486":0,"487":0,"488":0,"489":1,"490":0,"491":0,"492":0,"493":0,"494":0,"495":0,"496":1,"497":0,"498":1,"499":0,"500":0,"501":0,"502":0,"503":0,"504":0,"505":1,"506":0,"507":0,"508":0,"509":0,"510":0,"511":0,"512":1,"513":0,"514":0,"515":0,"516":0,"517":1,"518":0,"519":0,"520":0,"521":1,"522":0,"523":0,"524":0,"525":0,"526":0,"527":0,"528":0,"529":0,"530":0,"531":0,"532":0,"533":0,"534":0,"535":0,"536":0,"537":0,"538":0,"539":0,"540":1,"541":0,"542":0,"543":0,"544":0,"545":0,"546":0,"547":0,"548":0,"549":0,"550":0,"551":0,"552":0,"553":0,"554":0,"555":0,"556":0,"557":0,"558":0,"559":1,"560":0,"561":0,"562":0,"563":0,"564":1,"565":0,"566":0,"567":0,"568":0,"569":0,"570":0,"571":1,"572":0,"573":0,"574":0,"575":0,"576":0,"577":0,"578":1,"579":0,"580":0,"581":0,"582":0,"583":0,"584":0,"585":0,"586":0,"587":0,"588":0,"589":0,"590":0,"591":0,"592":0,"593":1,"594":0,"595":0,"596":0,"597":0,"598":0,"599":0,"600":0,"601":0,"602":0,"603":0,"604":0,"605":0,"606":0,"607":0,"608":0,"609":0,"610":0,"611":0,"612":1,"613":0,"614":0,"615":0,"616":1,"617":0,"618":0,"619":0,"620":0,"621":0,"622":0,"623":1,"624":0,"625":0,"626":0,"627":0,"628":0,"629":0,"630":0,"631":0,"632":0,"633":0,"634":0,"635":0,"636":0,"637":0,"638":1,"639":0,"640":0,"641":0,"642":0,"643":0,"644":0,"645":0,"646":0,"647":0,"648":0,"649":0,"650":0,"651":0,"652":0,"653":0,"654":0,"655":0,"656":0,"657":0,"658":0,"659":0,"660":0,"661":0,"662":0,"663":0,"664":0,"665":0,"666":0,"667":0,"668":1,"669":0,"670":0,"671":0,"672":0,"673":0,"674":0,"675":0,"676":0,"677":0,"678":0,"679":1,"680":0,"681":0,"682":0,"683":0,"684":0,"685":0,"686":0,"687":0,"688":0,"689":0,"690":0,"691":1,"692":0,"693":0,"694":0,"695":0,"696":0,"697":0,"698":0,"699":0,"700":0,"701":0,"702":0,"703":0,"704":0,"705":0,"706":0,"707":0,"708":0,"709":0,"710":0,"711":0,"712":0,"713":0,"714":0,"715":1,"716":0,"717":0,"718":0,"719":0,"720":0,"721":0,"722":0,"723":0,"724":0,"725":1,"726":1,"727":1,"728":1,"729":0,"730":0,"731":0,"732":0,"733":0,"734":0,"735":0,"736":0,"737":0,"738":0,"739":0,"740":0,"741":0,"742":0,"743":0,"744":1,"745":0,"746":0,"747":0,"748":0,"749":0,"750":0,"751":0,"752":0,"753":1,"754":0,"755":1,"756":0,"757":1,"758":105,"759":105,"760":105,"761":105,"762":105,"763":105,"764":88,"765":105,"766":1,"767":1,"768":1,"769":1,"770":1,"771":1,"772":1,"773":1,"774":1,"775":1,"776":105,"777":105,"778":105,"779":105,"780":0,"781":105,"782":105,"783":124,"784":124,"785":36,"786":36,"787":31,"788":32,"789":32,"790":5,"791":105,"792":105,"793":0,"794":0,"795":0,"796":0,"797":0,"798":0,"799":0,"800":0,"801":0,"802":0,"803":0,"804":0,"805":0,"806":0,"807":0,"808":0,"809":0,"810":0,"811":0,"812":0,"813":0,"814":0,"815":0,"816":0,"817":105,"818":1,"819":0,"820":1,"821":1,"822":1,"823":1,"824":105,"825":0,"826":0,"827":0,"828":0,"829":105,"830":0,"831":0,"832":0,"833":0,"834":105,"835":0,"836":0,"837":0,"838":0,"839":0,"840":0,"841":105,"842":0,"843":0,"844":0,"845":105,"846":0,"847":0,"848":0,"849":0,"850":0,"851":105,"852":0,"853":0,"854":105,"855":0,"856":0,"857":105,"858":1,"859":82,"860":82,"861":82,"862":82,"863":82,"864":82,"865":82,"866":0,"867":0,"868":82,"869":65,"870":62,"871":65,"872":82,"873":0,"874":82,"875":0,"876":82,"877":0,"878":0,"879":0,"880":82,"881":0,"882":0,"883":82,"884":0,"885":0,"886":0,"887":0,"888":0,"889":0,"890":82,"891":0,"892":0,"893":0,"894":82,"895":0,"896":0,"897":82,"898":0,"899":0,"900":82,"901":1,"902":1,"903":1,"904":1,"905":0,"906":0,"907":82,"908":19,"909":19,"910":19,"911":82,"912":45,"913":45,"914":42,"915":45,"916":82,"917":0,"918":0,"919":0,"920":0,"921":0,"922":0,"923":0,"924":82,"925":0,"926":0,"927":0,"928":0,"929":0,"930":0,"931":0,"932":82,"933":0,"934":0,"935":0,"936":0,"937":0,"938":0,"939":0,"940":82,"941":0,"942":0,"943":82,"944":0,"945":0,"946":82,"947":1},"b":{"1":[0,1],"2":[0,1],"3":[1,0],"4":[2,80],"5":[73,7],"6":[87,104],"7":[191,156],"8":[30,84],"9":[114,45],"10":[74,30],"11":[88,17],"12":[19,0],"13":[18,1],"14":[0,0],"15":[138,49],"16":[0,138],"17":[138,138],"18":[136,2],"19":[138,0],"20":[136,2],"21":[53,29],"22":[45,8],"23":[53,45],"24":[16,29],"25":[11,5],"26":[8,3],"27":[11,10],"28":[6,2],"29":[4,1],"30":[17,12],"31":[9,5],"32":[8,0],"33":[5,3],"34":[2,2],"35":[0,78],"36":[78,31],"37":[62,16],"38":[21,41],"39":[33,8],"40":[41,41],"41":[35,34],"42":[28,26],"43":[32,31],"44":[35,34,14,14,13],"45":[1,11],"46":[12,11],"47":[3,15],"48":[1,2],"49":[3,3],"50":[1,4],"51":[23,22],"52":[4,19],"53":[15,7],"54":[3,12],"55":[0,7],"56":[0,0],"57":[0,0],"58":[0,0],"59":[0,0],"60":[3,4],"61":[1,2],"62":[0,1],"63":[2,0],"64":[0,2],"65":[2,1],"66":[3,2],"67":[2,1],"68":[3,2],"69":[1,2],"70":[3,1],"71":[1,2],"72":[3,1],"73":[4,25],"74":[3,22],"75":[25,3],"76":[1,1],"77":[2,4],"78":[4,0],"79":[4,4],"80":[0,0],"81":[0,0],"82":[0,0],"83":[0,0],"84":[0,0],"85":[0,0],"86":[0,0],"87":[0,0],"88":[0,0],"89":[0,0],"90":[0,0],"91":[0,0],"92":[0,0],"93":[0,0],"94":[0,0],"95":[0,3],"96":[0,0],"97":[3,0],"98":[0,0],"99":[3,3],"100":[3,3],"101":[0,3],"102":[3,3],"103":[0,0],"104":[3,0],"105":[3,0],"106":[3,0],"107":[3,3,3,1],"108":[0,0],"109":[0,0],"110":[0,0],"111":[0,0],"112":[0,0],"113":[0,0],"114":[0,0],"115":[0,0],"116":[0,0],"117":[0,0],"118":[0,0],"119":[0,0],"120":[0,0],"121":[0,0],"122":[0,0],"123":[0,0],"124":[0,0],"125":[0,0],"126":[0,0],"127":[0,0],"128":[0,0],"129":[0,0],"130":[0,0],"131":[0,0],"132":[0,0],"133":[0,0],"134":[0,0],"135":[0,0],"136":[0,0],"137":[0,0],"138":[0,0],"139":[0,0],"140":[0,0],"141":[0,0],"142":[0,0],"143":[0,0],"144":[0,0,0,0],"145":[0,0],"146":[0,0],"147":[0,0],"148":[0,0],"149":[0,0],"150":[0,0],"151":[0,0],"152":[0,0],"153":[0,0],"154":[0,0],"155":[0,0],"156":[0,0],"157":[0,0],"158":[0,0],"159":[0,0,0],"160":[0,0],"161":[0,0],"162":[0,0],"163":[0,0],"164":[0,0],"165":[0,0],"166":[0,0],"167":[0,0],"168":[0,0],"169":[0,0],"170":[0,0,0],"171":[0,0],"172":[0,0],"173":[0,0],"174":[0,0],"175":[0,0],"176":[0,0],"177":[0,0],"178":[0,0,0],"179":[0,0],"180":[0,0],"181":[0,0],"182":[0,0],"183":[0,0],"184":[0,0],"185":[0,0],"186":[0,0],"187":[0,0],"188":[0,0],"189":[0,0],"190":[0,0],"191":[0,0],"192":[0,0],"193":[0,0],"194":[0,0],"195":[0,0],"196":[0,0],"197":[0,0],"198":[0,0],"199":[0,0],"200":[0,0],"201":[0,0],"202":[0,0],"203":[0,0],"204":[0,0],"205":[0,0],"206":[0,0],"207":[0,0],"208":[0,0],"209":[0,0],"210":[0,0],"211":[0,0],"212":[0,0],"213":[0,0],"214":[0,0],"215":[0,0],"216":[0,0],"217":[0,0],"218":[0,0],"219":[0,0],"220":[0,0],"221":[0,0],"222":[0,0],"223":[0,0,0],"224":[0,0,0,0,0,0],"225":[0,0],"226":[0,0],"227":[0,0],"228":[0,0],"229":[0,0],"230":[0,0],"231":[0,0],"232":[0,0],"233":[0,0],"234":[0,0],"235":[0,0],"236":[0,0,0,0,0,0],"237":[0,0],"238":[0,0],"239":[0,0,0,0,0,0],"240":[0,0],"241":[0,0],"242":[88,17],"243":[1,104],"244":[0,105],"245":[36,88],"246":[124,36],"247":[31,5],"248":[36,31],"249":[0,0],"250":[0,0],"251":[0,0],"252":[0,0],"253":[0,0],"254":[0,0],"255":[0,0,0,0],"256":[0,0],"257":[0,0],"258":[0,0],"259":[0,0],"260":[0,0],"261":[0,0],"262":[0,0],"263":[0,0],"264":[0,0],"265":[0,0],"266":[0,0],"267":[0,1],"268":[0,0],"269":[0,0],"270":[0,0],"271":[0,0],"272":[0,0],"273":[0,0],"274":[0,0,0,0],"275":[0,0],"276":[0,0]},"f":{"1":1,"2":1,"3":82,"4":105,"5":19,"6":93,"7":0,"8":106,"9":138,"10":8,"11":53,"12":78,"13":56,"14":93,"15":35,"16":28,"17":32,"18":35,"19":9,"20":12,"21":5,"22":45,"23":3,"24":49,"25":29,"26":25,"27":28,"28":1,"29":1,"30":1,"31":2,"32":2,"33":6,"34":4,"35":4,"36":0,"37":0,"38":0,"39":0,"40":0,"41":0,"42":0,"43":0,"44":0,"45":0,"46":0,"47":0,"48":0,"49":0,"50":3,"51":3,"52":3,"53":1,"54":3,"55":0,"56":0,"57":0,"58":0,"59":1,"60":0,"61":0,"62":0,"63":0,"64":0,"65":0,"66":0,"67":0,"68":0,"69":0,"70":0,"71":0,"72":0,"73":0,"74":0,"75":0,"76":0,"77":0,"78":0,"79":0,"80":0,"81":0,"82":0,"83":0,"84":0,"85":0,"86":0,"87":0,"88":0,"89":0,"90":0,"91":0,"92":0,"93":0,"94":0,"95":0,"96":0,"97":0,"98":0,"99":105,"100":105,"101":105,"102":0,"103":0,"104":1,"105":0,"106":0,"107":0,"108":0,"109":0,"110":0,"111":0,"112":0,"113":0,"114":0,"115":82,"116":82,"117":82,"118":65,"119":0,"120":0,"121":0,"122":0,"123":0,"124":0,"125":0,"126":0,"127":0,"128":0,"129":0,"130":0,"131":0,"132":1,"133":1,"134":0,"135":19,"136":19,"137":45,"138":42,"139":0,"140":0,"141":0,"142":0,"143":0,"144":0,"145":0,"146":0,"147":0,"148":0,"149":0,"150":0,"151":0},"fnMap":{"1":{"name":"(anonymous_1)","line":1,"loc":{"start":{"line":1,"column":1},"end":{"line":1,"column":20}}},"2":{"name":"(anonymous_2)","line":15,"loc":{"start":{"line":15,"column":2},"end":{"line":15,"column":14}}},"3":{"name":"(anonymous_3)","line":36,"loc":{"start":{"line":36,"column":9},"end":{"line":36,"column":27}}},"4":{"name":"(anonymous_4)","line":107,"loc":{"start":{"line":107,"column":9},"end":{"line":107,"column":30}}},"5":{"name":"(anonymous_5)","line":121,"loc":{"start":{"line":121,"column":9},"end":{"line":121,"column":42}}},"6":{"name":"(anonymous_6)","line":142,"loc":{"start":{"line":142,"column":11},"end":{"line":142,"column":22}}},"7":{"name":"(anonymous_7)","line":154,"loc":{"start":{"line":154,"column":15},"end":{"line":154,"column":27}}},"8":{"name":"(anonymous_8)","line":178,"loc":{"start":{"line":178,"column":30},"end":{"line":178,"column":45}}},"9":{"name":"(anonymous_9)","line":190,"loc":{"start":{"line":190,"column":17},"end":{"line":190,"column":44}}},"10":{"name":"(anonymous_10)","line":213,"loc":{"start":{"line":213,"column":20},"end":{"line":213,"column":30}}},"11":{"name":"(anonymous_11)","line":229,"loc":{"start":{"line":229,"column":19},"end":{"line":229,"column":46}}},"12":{"name":"(anonymous_12)","line":298,"loc":{"start":{"line":298,"column":20},"end":{"line":298,"column":39}}},"13":{"name":"(anonymous_13)","line":310,"loc":{"start":{"line":310,"column":28},"end":{"line":310,"column":39}}},"14":{"name":"(anonymous_14)","line":333,"loc":{"start":{"line":333,"column":24},"end":{"line":333,"column":34}}},"15":{"name":"(anonymous_15)","line":352,"loc":{"start":{"line":352,"column":16},"end":{"line":352,"column":41}}},"16":{"name":"(anonymous_16)","line":359,"loc":{"start":{"line":359,"column":14},"end":{"line":359,"column":37}}},"17":{"name":"(anonymous_17)","line":366,"loc":{"start":{"line":366,"column":13},"end":{"line":366,"column":35}}},"18":{"name":"(anonymous_18)","line":373,"loc":{"start":{"line":373,"column":14},"end":{"line":373,"column":37}}},"19":{"name":"(anonymous_19)","line":392,"loc":{"start":{"line":392,"column":11},"end":{"line":392,"column":22}}},"20":{"name":"(anonymous_20)","line":394,"loc":{"start":{"line":394,"column":27},"end":{"line":394,"column":48}}},"21":{"name":"(anonymous_21)","line":437,"loc":{"start":{"line":437,"column":10},"end":{"line":437,"column":42}}},"22":{"name":"(anonymous_22)","line":447,"loc":{"start":{"line":447,"column":25},"end":{"line":447,"column":39}}},"23":{"name":"(anonymous_23)","line":486,"loc":{"start":{"line":486,"column":17},"end":{"line":486,"column":43}}},"24":{"name":"(anonymous_24)","line":529,"loc":{"start":{"line":529,"column":13},"end":{"line":529,"column":24}}},"25":{"name":"(anonymous_25)","line":533,"loc":{"start":{"line":533,"column":28},"end":{"line":533,"column":52}}},"26":{"name":"(anonymous_26)","line":543,"loc":{"start":{"line":543,"column":29},"end":{"line":543,"column":41}}},"27":{"name":"(anonymous_27)","line":557,"loc":{"start":{"line":557,"column":28},"end":{"line":557,"column":39}}},"28":{"name":"(anonymous_28)","line":569,"loc":{"start":{"line":569,"column":10},"end":{"line":569,"column":29}}},"29":{"name":"(anonymous_29)","line":573,"loc":{"start":{"line":573,"column":13},"end":{"line":573,"column":23}}},"30":{"name":"(anonymous_30)","line":584,"loc":{"start":{"line":584,"column":17},"end":{"line":584,"column":36}}},"31":{"name":"(anonymous_31)","line":591,"loc":{"start":{"line":591,"column":19},"end":{"line":591,"column":31}}},"32":{"name":"(anonymous_32)","line":592,"loc":{"start":{"line":592,"column":15},"end":{"line":592,"column":26}}},"33":{"name":"(anonymous_33)","line":609,"loc":{"start":{"line":609,"column":18},"end":{"line":609,"column":40}}},"34":{"name":"(anonymous_34)","line":621,"loc":{"start":{"line":621,"column":20},"end":{"line":621,"column":31}}},"35":{"name":"(anonymous_35)","line":625,"loc":{"start":{"line":625,"column":55},"end":{"line":625,"column":66}}},"36":{"name":"(anonymous_36)","line":742,"loc":{"start":{"line":742,"column":33},"end":{"line":742,"column":49}}},"37":{"name":"(anonymous_37)","line":747,"loc":{"start":{"line":747,"column":35},"end":{"line":747,"column":51}}},"38":{"name":"(anonymous_38)","line":755,"loc":{"start":{"line":755,"column":20},"end":{"line":755,"column":30}}},"39":{"name":"(anonymous_39)","line":770,"loc":{"start":{"line":770,"column":19},"end":{"line":770,"column":34}}},"40":{"name":"(anonymous_40)","line":791,"loc":{"start":{"line":791,"column":23},"end":{"line":791,"column":38}}},"41":{"name":"(anonymous_41)","line":821,"loc":{"start":{"line":821,"column":16},"end":{"line":821,"column":39}}},"42":{"name":"(anonymous_42)","line":822,"loc":{"start":{"line":822,"column":30},"end":{"line":822,"column":45}}},"43":{"name":"(anonymous_43)","line":834,"loc":{"start":{"line":834,"column":20},"end":{"line":834,"column":43}}},"44":{"name":"(anonymous_44)","line":835,"loc":{"start":{"line":835,"column":30},"end":{"line":835,"column":45}}},"45":{"name":"(anonymous_45)","line":847,"loc":{"start":{"line":847,"column":18},"end":{"line":847,"column":41}}},"46":{"name":"(anonymous_46)","line":848,"loc":{"start":{"line":848,"column":28},"end":{"line":848,"column":43}}},"47":{"name":"(anonymous_47)","line":878,"loc":{"start":{"line":878,"column":20},"end":{"line":878,"column":52}}},"48":{"name":"(anonymous_48)","line":893,"loc":{"start":{"line":893,"column":23},"end":{"line":893,"column":38}}},"49":{"name":"(anonymous_49)","line":908,"loc":{"start":{"line":908,"column":29},"end":{"line":908,"column":39}}},"50":{"name":"(anonymous_50)","line":927,"loc":{"start":{"line":927,"column":14},"end":{"line":927,"column":29}}},"51":{"name":"(anonymous_51)","line":944,"loc":{"start":{"line":944,"column":14},"end":{"line":944,"column":25}}},"52":{"name":"(anonymous_52)","line":964,"loc":{"start":{"line":964,"column":10},"end":{"line":964,"column":47}}},"53":{"name":"(anonymous_53)","line":995,"loc":{"start":{"line":995,"column":20},"end":{"line":995,"column":31}}},"54":{"name":"(anonymous_54)","line":1006,"loc":{"start":{"line":1006,"column":29},"end":{"line":1006,"column":40}}},"55":{"name":"(anonymous_55)","line":1036,"loc":{"start":{"line":1036,"column":19},"end":{"line":1036,"column":43}}},"56":{"name":"(anonymous_56)","line":1038,"loc":{"start":{"line":1038,"column":26},"end":{"line":1038,"column":42}}},"57":{"name":"(anonymous_57)","line":1041,"loc":{"start":{"line":1041,"column":21},"end":{"line":1041,"column":31}}},"58":{"name":"(anonymous_58)","line":1058,"loc":{"start":{"line":1058,"column":17},"end":{"line":1058,"column":30}}},"59":{"name":"(anonymous_59)","line":1065,"loc":{"start":{"line":1065,"column":1},"end":{"line":1065,"column":11}}},"60":{"name":"(anonymous_60)","line":1069,"loc":{"start":{"line":1069,"column":11},"end":{"line":1069,"column":21}}},"61":{"name":"(anonymous_61)","line":1076,"loc":{"start":{"line":1076,"column":43},"end":{"line":1076,"column":53}}},"62":{"name":"(anonymous_62)","line":1085,"loc":{"start":{"line":1085,"column":21},"end":{"line":1085,"column":32}}},"63":{"name":"(anonymous_63)","line":1158,"loc":{"start":{"line":1158,"column":20},"end":{"line":1158,"column":35}}},"64":{"name":"(anonymous_64)","line":1163,"loc":{"start":{"line":1163,"column":30},"end":{"line":1163,"column":41}}},"65":{"name":"(anonymous_65)","line":1164,"loc":{"start":{"line":1164,"column":24},"end":{"line":1164,"column":39}}},"66":{"name":"(anonymous_66)","line":1165,"loc":{"start":{"line":1165,"column":30},"end":{"line":1165,"column":47}}},"67":{"name":"(anonymous_67)","line":1171,"loc":{"start":{"line":1171,"column":19},"end":{"line":1171,"column":37}}},"68":{"name":"(anonymous_68)","line":1252,"loc":{"start":{"line":1252,"column":17},"end":{"line":1252,"column":41}}},"69":{"name":"(anonymous_69)","line":1296,"loc":{"start":{"line":1296,"column":21},"end":{"line":1296,"column":44}}},"70":{"name":"(anonymous_70)","line":1341,"loc":{"start":{"line":1341,"column":33},"end":{"line":1341,"column":59}}},"71":{"name":"(anonymous_71)","line":1357,"loc":{"start":{"line":1357,"column":26},"end":{"line":1357,"column":52}}},"72":{"name":"(anonymous_72)","line":1378,"loc":{"start":{"line":1378,"column":24},"end":{"line":1378,"column":56}}},"73":{"name":"(anonymous_73)","line":1399,"loc":{"start":{"line":1399,"column":22},"end":{"line":1399,"column":44}}},"74":{"name":"(anonymous_74)","line":1407,"loc":{"start":{"line":1407,"column":22},"end":{"line":1407,"column":48}}},"75":{"name":"(anonymous_75)","line":1422,"loc":{"start":{"line":1422,"column":20},"end":{"line":1422,"column":48}}},"76":{"name":"(anonymous_76)","line":1437,"loc":{"start":{"line":1437,"column":21},"end":{"line":1437,"column":49}}},"77":{"name":"(anonymous_77)","line":1450,"loc":{"start":{"line":1450,"column":21},"end":{"line":1450,"column":41}}},"78":{"name":"(anonymous_78)","line":1459,"loc":{"start":{"line":1459,"column":20},"end":{"line":1459,"column":48}}},"79":{"name":"(anonymous_79)","line":1499,"loc":{"start":{"line":1499,"column":22},"end":{"line":1499,"column":50}}},"80":{"name":"(anonymous_80)","line":1541,"loc":{"start":{"line":1541,"column":31},"end":{"line":1541,"column":59}}},"81":{"name":"(anonymous_81)","line":1568,"loc":{"start":{"line":1568,"column":25},"end":{"line":1568,"column":53}}},"82":{"name":"(anonymous_82)","line":1588,"loc":{"start":{"line":1588,"column":27},"end":{"line":1588,"column":55}}},"83":{"name":"(anonymous_83)","line":1607,"loc":{"start":{"line":1607,"column":25},"end":{"line":1607,"column":52}}},"84":{"name":"(anonymous_84)","line":1636,"loc":{"start":{"line":1636,"column":24},"end":{"line":1636,"column":52}}},"85":{"name":"(anonymous_85)","line":1670,"loc":{"start":{"line":1670,"column":20},"end":{"line":1670,"column":42}}},"86":{"name":"(anonymous_86)","line":1682,"loc":{"start":{"line":1682,"column":21},"end":{"line":1682,"column":41}}},"87":{"name":"(anonymous_87)","line":1694,"loc":{"start":{"line":1694,"column":31},"end":{"line":1694,"column":68}}},"88":{"name":"(anonymous_88)","line":1722,"loc":{"start":{"line":1722,"column":31},"end":{"line":1722,"column":68}}},"89":{"name":"(anonymous_89)","line":1778,"loc":{"start":{"line":1778,"column":21},"end":{"line":1778,"column":41}}},"90":{"name":"(anonymous_90)","line":1793,"loc":{"start":{"line":1793,"column":30},"end":{"line":1793,"column":59}}},"91":{"name":"(anonymous_91)","line":1807,"loc":{"start":{"line":1807,"column":22},"end":{"line":1807,"column":49}}},"92":{"name":"(anonymous_92)","line":1857,"loc":{"start":{"line":1857,"column":23},"end":{"line":1857,"column":47}}},"93":{"name":"(anonymous_93)","line":1900,"loc":{"start":{"line":1900,"column":15},"end":{"line":1900,"column":25}}},"94":{"name":"(anonymous_94)","line":1904,"loc":{"start":{"line":1904,"column":19},"end":{"line":1904,"column":29}}},"95":{"name":"(anonymous_95)","line":1924,"loc":{"start":{"line":1924,"column":28},"end":{"line":1924,"column":39}}},"96":{"name":"(anonymous_96)","line":1942,"loc":{"start":{"line":1942,"column":14},"end":{"line":1942,"column":24}}},"97":{"name":"(anonymous_97)","line":1966,"loc":{"start":{"line":1966,"column":11},"end":{"line":1966,"column":21}}},"98":{"name":"(anonymous_98)","line":1974,"loc":{"start":{"line":1974,"column":10},"end":{"line":1974,"column":20}}},"99":{"name":"(anonymous_99)","line":1989,"loc":{"start":{"line":1989,"column":14},"end":{"line":1989,"column":35}}},"100":{"name":"(anonymous_100)","line":2003,"loc":{"start":{"line":2003,"column":15},"end":{"line":2003,"column":25}}},"101":{"name":"(anonymous_101)","line":2035,"loc":{"start":{"line":2035,"column":19},"end":{"line":2035,"column":45}}},"102":{"name":"(anonymous_102)","line":2079,"loc":{"start":{"line":2079,"column":19},"end":{"line":2079,"column":34}}},"103":{"name":"(anonymous_103)","line":2081,"loc":{"start":{"line":2081,"column":33},"end":{"line":2081,"column":47}}},"104":{"name":"(anonymous_104)","line":2142,"loc":{"start":{"line":2142,"column":17},"end":{"line":2142,"column":30}}},"105":{"name":"(anonymous_105)","line":2159,"loc":{"start":{"line":2159,"column":18},"end":{"line":2159,"column":28}}},"106":{"name":"(anonymous_106)","line":2174,"loc":{"start":{"line":2174,"column":23},"end":{"line":2174,"column":39}}},"107":{"name":"(anonymous_107)","line":2187,"loc":{"start":{"line":2187,"column":18},"end":{"line":2187,"column":41}}},"108":{"name":"(anonymous_108)","line":2191,"loc":{"start":{"line":2191,"column":37},"end":{"line":2191,"column":47}}},"109":{"name":"(anonymous_109)","line":2207,"loc":{"start":{"line":2207,"column":17},"end":{"line":2207,"column":40}}},"110":{"name":"(anonymous_110)","line":2209,"loc":{"start":{"line":2209,"column":37},"end":{"line":2209,"column":47}}},"111":{"name":"(anonymous_111)","line":2222,"loc":{"start":{"line":2222,"column":19},"end":{"line":2222,"column":35}}},"112":{"name":"(anonymous_112)","line":2224,"loc":{"start":{"line":2224,"column":32},"end":{"line":2224,"column":47}}},"113":{"name":"(anonymous_113)","line":2237,"loc":{"start":{"line":2237,"column":25},"end":{"line":2237,"column":36}}},"114":{"name":"(anonymous_114)","line":2243,"loc":{"start":{"line":2243,"column":24},"end":{"line":2243,"column":49}}},"115":{"name":"(anonymous_115)","line":2263,"loc":{"start":{"line":2263,"column":18},"end":{"line":2263,"column":47}}},"116":{"name":"(anonymous_116)","line":2269,"loc":{"start":{"line":2269,"column":15},"end":{"line":2269,"column":25}}},"117":{"name":"(anonymous_117)","line":2273,"loc":{"start":{"line":2273,"column":33},"end":{"line":2273,"column":43}}},"118":{"name":"(anonymous_118)","line":2288,"loc":{"start":{"line":2288,"column":16},"end":{"line":2288,"column":32}}},"119":{"name":"(anonymous_119)","line":2303,"loc":{"start":{"line":2303,"column":14},"end":{"line":2303,"column":29}}},"120":{"name":"(anonymous_120)","line":2310,"loc":{"start":{"line":2310,"column":19},"end":{"line":2310,"column":29}}},"121":{"name":"(anonymous_121)","line":2319,"loc":{"start":{"line":2319,"column":19},"end":{"line":2319,"column":45}}},"122":{"name":"(anonymous_122)","line":2321,"loc":{"start":{"line":2321,"column":18},"end":{"line":2321,"column":28}}},"123":{"name":"(anonymous_123)","line":2332,"loc":{"start":{"line":2332,"column":16},"end":{"line":2332,"column":38}}},"124":{"name":"(anonymous_124)","line":2343,"loc":{"start":{"line":2343,"column":18},"end":{"line":2343,"column":32}}},"125":{"name":"(anonymous_125)","line":2347,"loc":{"start":{"line":2347,"column":18},"end":{"line":2347,"column":28}}},"126":{"name":"(anonymous_126)","line":2361,"loc":{"start":{"line":2361,"column":17},"end":{"line":2361,"column":30}}},"127":{"name":"(anonymous_127)","line":2363,"loc":{"start":{"line":2363,"column":18},"end":{"line":2363,"column":28}}},"128":{"name":"(anonymous_128)","line":2371,"loc":{"start":{"line":2371,"column":18},"end":{"line":2371,"column":28}}},"129":{"name":"(anonymous_129)","line":2373,"loc":{"start":{"line":2373,"column":18},"end":{"line":2373,"column":28}}},"130":{"name":"(anonymous_130)","line":2379,"loc":{"start":{"line":2379,"column":23},"end":{"line":2379,"column":39}}},"131":{"name":"(anonymous_131)","line":2381,"loc":{"start":{"line":2381,"column":18},"end":{"line":2381,"column":28}}},"132":{"name":"(anonymous_132)","line":2387,"loc":{"start":{"line":2387,"column":16},"end":{"line":2387,"column":43}}},"133":{"name":"(anonymous_133)","line":2391,"loc":{"start":{"line":2391,"column":18},"end":{"line":2391,"column":28}}},"134":{"name":"(anonymous_134)","line":2398,"loc":{"start":{"line":2398,"column":20},"end":{"line":2398,"column":31}}},"135":{"name":"(anonymous_135)","line":2407,"loc":{"start":{"line":2407,"column":18},"end":{"line":2407,"column":45}}},"136":{"name":"(anonymous_136)","line":2409,"loc":{"start":{"line":2409,"column":18},"end":{"line":2409,"column":28}}},"137":{"name":"(anonymous_137)","line":2417,"loc":{"start":{"line":2417,"column":19},"end":{"line":2417,"column":29}}},"138":{"name":"(anonymous_138)","line":2421,"loc":{"start":{"line":2421,"column":18},"end":{"line":2421,"column":28}}},"139":{"name":"(anonymous_139)","line":2429,"loc":{"start":{"line":2429,"column":18},"end":{"line":2429,"column":28}}},"140":{"name":"(anonymous_140)","line":2435,"loc":{"start":{"line":2435,"column":18},"end":{"line":2435,"column":28}}},"141":{"name":"(anonymous_141)","line":2442,"loc":{"start":{"line":2442,"column":20},"end":{"line":2442,"column":31}}},"142":{"name":"(anonymous_142)","line":2451,"loc":{"start":{"line":2451,"column":17},"end":{"line":2451,"column":27}}},"143":{"name":"(anonymous_143)","line":2457,"loc":{"start":{"line":2457,"column":18},"end":{"line":2457,"column":28}}},"144":{"name":"(anonymous_144)","line":2464,"loc":{"start":{"line":2464,"column":20},"end":{"line":2464,"column":31}}},"145":{"name":"(anonymous_145)","line":2473,"loc":{"start":{"line":2473,"column":19},"end":{"line":2473,"column":29}}},"146":{"name":"(anonymous_146)","line":2479,"loc":{"start":{"line":2479,"column":18},"end":{"line":2479,"column":28}}},"147":{"name":"(anonymous_147)","line":2486,"loc":{"start":{"line":2486,"column":20},"end":{"line":2486,"column":31}}},"148":{"name":"(anonymous_148)","line":2496,"loc":{"start":{"line":2496,"column":25},"end":{"line":2496,"column":35}}},"149":{"name":"(anonymous_149)","line":2498,"loc":{"start":{"line":2498,"column":18},"end":{"line":2498,"column":28}}},"150":{"name":"(anonymous_150)","line":2505,"loc":{"start":{"line":2505,"column":24},"end":{"line":2505,"column":48}}},"151":{"name":"(anonymous_151)","line":2507,"loc":{"start":{"line":2507,"column":18},"end":{"line":2507,"column":28}}}},"statementMap":{"1":{"start":{"line":1,"column":0},"end":{"line":2522,"column":4}},"2":{"start":{"line":3,"column":4},"end":{"line":14,"column":5}},"3":{"start":{"line":7,"column":8},"end":{"line":7,"column":35}},"4":{"start":{"line":8,"column":11},"end":{"line":14,"column":5}},"5":{"start":{"line":10,"column":8},"end":{"line":10,"column":24}},"6":{"start":{"line":13,"column":8},"end":{"line":13,"column":30}},"7":{"start":{"line":25,"column":0},"end":{"line":26,"column":21}},"8":{"start":{"line":36,"column":0},"end":{"line":89,"column":2}},"9":{"start":{"line":38,"column":4},"end":{"line":45,"column":5}},"10":{"start":{"line":39,"column":8},"end":{"line":39,"column":25}},"11":{"start":{"line":40,"column":8},"end":{"line":42,"column":9}},"12":{"start":{"line":41,"column":12},"end":{"line":41,"column":40}},"13":{"start":{"line":44,"column":8},"end":{"line":44,"column":50}},"14":{"start":{"line":47,"column":4},"end":{"line":47,"column":11}},"15":{"start":{"line":49,"column":4},"end":{"line":49,"column":50}},"16":{"start":{"line":51,"column":4},"end":{"line":53,"column":5}},"17":{"start":{"line":52,"column":8},"end":{"line":52,"column":24}},"18":{"start":{"line":55,"column":4},"end":{"line":55,"column":67}},"19":{"start":{"line":57,"column":4},"end":{"line":57,"column":23}},"20":{"start":{"line":59,"column":4},"end":{"line":84,"column":5}},"21":{"start":{"line":60,"column":8},"end":{"line":60,"column":30}},"22":{"start":{"line":62,"column":8},"end":{"line":65,"column":9}},"23":{"start":{"line":64,"column":12},"end":{"line":64,"column":21}},"24":{"start":{"line":67,"column":8},"end":{"line":67,"column":23}},"25":{"start":{"line":69,"column":8},"end":{"line":78,"column":9}},"26":{"start":{"line":70,"column":12},"end":{"line":70,"column":31}},"27":{"start":{"line":72,"column":12},"end":{"line":77,"column":13}},"28":{"start":{"line":74,"column":16},"end":{"line":74,"column":28}},"29":{"start":{"line":75,"column":16},"end":{"line":75,"column":22}},"30":{"start":{"line":80,"column":8},"end":{"line":82,"column":9}},"31":{"start":{"line":81,"column":12},"end":{"line":81,"column":30}},"32":{"start":{"line":87,"column":4},"end":{"line":87,"column":48}},"33":{"start":{"line":93,"column":0},"end":{"line":93,"column":16}},"34":{"start":{"line":94,"column":0},"end":{"line":94,"column":12}},"35":{"start":{"line":95,"column":0},"end":{"line":95,"column":11}},"36":{"start":{"line":96,"column":0},"end":{"line":96,"column":14}},"37":{"start":{"line":107,"column":0},"end":{"line":113,"column":2}},"38":{"start":{"line":109,"column":4},"end":{"line":109,"column":43}},"39":{"start":{"line":110,"column":4},"end":{"line":110,"column":67}},"40":{"start":{"line":112,"column":4},"end":{"line":112,"column":19}},"41":{"start":{"line":121,"column":0},"end":{"line":137,"column":2}},"42":{"start":{"line":122,"column":4},"end":{"line":122,"column":40}},"43":{"start":{"line":124,"column":4},"end":{"line":136,"column":5}},"44":{"start":{"line":125,"column":8},"end":{"line":125,"column":27}},"45":{"start":{"line":127,"column":8},"end":{"line":135,"column":9}},"46":{"start":{"line":128,"column":12},"end":{"line":132,"column":13}},"47":{"start":{"line":129,"column":16},"end":{"line":131,"column":18}},"48":{"start":{"line":134,"column":12},"end":{"line":134,"column":57}},"49":{"start":{"line":142,"column":0},"end":{"line":149,"column":2}},"50":{"start":{"line":144,"column":4},"end":{"line":144,"column":20}},"51":{"start":{"line":145,"column":4},"end":{"line":145,"column":20}},"52":{"start":{"line":146,"column":4},"end":{"line":146,"column":21}},"53":{"start":{"line":147,"column":4},"end":{"line":147,"column":21}},"54":{"start":{"line":154,"column":0},"end":{"line":164,"column":2}},"55":{"start":{"line":156,"column":4},"end":{"line":156,"column":25}},"56":{"start":{"line":158,"column":4},"end":{"line":162,"column":5}},"57":{"start":{"line":159,"column":8},"end":{"line":161,"column":9}},"58":{"start":{"line":160,"column":12},"end":{"line":160,"column":33}},"59":{"start":{"line":178,"column":0},"end":{"line":337,"column":2}},"60":{"start":{"line":180,"column":4},"end":{"line":180,"column":20}},"61":{"start":{"line":190,"column":4},"end":{"line":218,"column":6}},"62":{"start":{"line":192,"column":8},"end":{"line":192,"column":51}},"63":{"start":{"line":193,"column":8},"end":{"line":193,"column":41}},"64":{"start":{"line":194,"column":8},"end":{"line":194,"column":53}},"65":{"start":{"line":196,"column":8},"end":{"line":198,"column":9}},"66":{"start":{"line":197,"column":12},"end":{"line":197,"column":19}},"67":{"start":{"line":200,"column":8},"end":{"line":202,"column":9}},"68":{"start":{"line":201,"column":12},"end":{"line":201,"column":33}},"69":{"start":{"line":204,"column":8},"end":{"line":206,"column":9}},"70":{"start":{"line":205,"column":12},"end":{"line":205,"column":44}},"71":{"start":{"line":208,"column":8},"end":{"line":210,"column":9}},"72":{"start":{"line":209,"column":12},"end":{"line":209,"column":52}},"73":{"start":{"line":212,"column":8},"end":{"line":216,"column":10}},"74":{"start":{"line":214,"column":16},"end":{"line":214,"column":48}},"75":{"start":{"line":229,"column":4},"end":{"line":289,"column":6}},"76":{"start":{"line":231,"column":8},"end":{"line":231,"column":51}},"77":{"start":{"line":232,"column":8},"end":{"line":232,"column":41}},"78":{"start":{"line":233,"column":8},"end":{"line":233,"column":53}},"79":{"start":{"line":235,"column":8},"end":{"line":287,"column":9}},"80":{"start":{"line":236,"column":12},"end":{"line":267,"column":13}},"81":{"start":{"line":237,"column":16},"end":{"line":252,"column":17}},"82":{"start":{"line":239,"column":20},"end":{"line":245,"column":21}},"83":{"start":{"line":240,"column":24},"end":{"line":244,"column":25}},"84":{"start":{"line":241,"column":28},"end":{"line":243,"column":29}},"85":{"start":{"line":242,"column":32},"end":{"line":242,"column":72}},"86":{"start":{"line":249,"column":20},"end":{"line":251,"column":21}},"87":{"start":{"line":250,"column":24},"end":{"line":250,"column":58}},"88":{"start":{"line":253,"column":19},"end":{"line":267,"column":13}},"89":{"start":{"line":255,"column":16},"end":{"line":263,"column":17}},"90":{"start":{"line":257,"column":20},"end":{"line":261,"column":21}},"91":{"start":{"line":258,"column":24},"end":{"line":260,"column":25}},"92":{"start":{"line":259,"column":28},"end":{"line":259,"column":60}},"93":{"start":{"line":266,"column":16},"end":{"line":266,"column":39}},"94":{"start":{"line":268,"column":15},"end":{"line":287,"column":9}},"95":{"start":{"line":269,"column":12},"end":{"line":286,"column":13}},"96":{"start":{"line":271,"column":16},"end":{"line":279,"column":17}},"97":{"start":{"line":273,"column":20},"end":{"line":277,"column":21}},"98":{"start":{"line":274,"column":24},"end":{"line":276,"column":25}},"99":{"start":{"line":275,"column":28},"end":{"line":275,"column":62}},"100":{"start":{"line":283,"column":16},"end":{"line":285,"column":17}},"101":{"start":{"line":284,"column":20},"end":{"line":284,"column":48}},"102":{"start":{"line":298,"column":4},"end":{"line":331,"column":6}},"103":{"start":{"line":300,"column":8},"end":{"line":302,"column":9}},"104":{"start":{"line":301,"column":12},"end":{"line":301,"column":19}},"105":{"start":{"line":304,"column":8},"end":{"line":304,"column":51}},"106":{"start":{"line":305,"column":8},"end":{"line":305,"column":41}},"107":{"start":{"line":306,"column":8},"end":{"line":306,"column":53}},"108":{"start":{"line":308,"column":8},"end":{"line":308,"column":48}},"109":{"start":{"line":310,"column":8},"end":{"line":316,"column":10}},"110":{"start":{"line":311,"column":12},"end":{"line":311,"column":39}},"111":{"start":{"line":313,"column":12},"end":{"line":315,"column":13}},"112":{"start":{"line":314,"column":16},"end":{"line":314,"column":40}},"113":{"start":{"line":318,"column":8},"end":{"line":328,"column":9}},"114":{"start":{"line":320,"column":12},"end":{"line":326,"column":13}},"115":{"start":{"line":321,"column":16},"end":{"line":323,"column":17}},"116":{"start":{"line":322,"column":20},"end":{"line":322,"column":37}},"117":{"start":{"line":324,"column":19},"end":{"line":326,"column":13}},"118":{"start":{"line":325,"column":16},"end":{"line":325,"column":41}},"119":{"start":{"line":333,"column":4},"end":{"line":335,"column":6}},"120":{"start":{"line":334,"column":8},"end":{"line":334,"column":20}},"121":{"start":{"line":339,"column":0},"end":{"line":339,"column":28}},"122":{"start":{"line":352,"column":0},"end":{"line":359,"column":0}},"123":{"start":{"line":353,"column":4},"end":{"line":353,"column":96}},"124":{"start":{"line":359,"column":0},"end":{"line":361,"column":2}},"125":{"start":{"line":360,"column":4},"end":{"line":360,"column":79}},"126":{"start":{"line":366,"column":0},"end":{"line":368,"column":2}},"127":{"start":{"line":367,"column":4},"end":{"line":367,"column":87}},"128":{"start":{"line":373,"column":0},"end":{"line":379,"column":2}},"129":{"start":{"line":374,"column":4},"end":{"line":378,"column":34}},"130":{"start":{"line":392,"column":0},"end":{"line":429,"column":2}},"131":{"start":{"line":394,"column":4},"end":{"line":419,"column":6}},"132":{"start":{"line":396,"column":8},"end":{"line":398,"column":9}},"133":{"start":{"line":397,"column":12},"end":{"line":397,"column":19}},"134":{"start":{"line":400,"column":8},"end":{"line":417,"column":9}},"135":{"start":{"line":403,"column":12},"end":{"line":415,"column":13}},"136":{"start":{"line":405,"column":16},"end":{"line":407,"column":17}},"137":{"start":{"line":406,"column":20},"end":{"line":406,"column":35}},"138":{"start":{"line":409,"column":16},"end":{"line":409,"column":52}},"139":{"start":{"line":413,"column":16},"end":{"line":413,"column":35}},"140":{"start":{"line":421,"column":4},"end":{"line":425,"column":5}},"141":{"start":{"line":423,"column":8},"end":{"line":423,"column":53}},"142":{"start":{"line":427,"column":4},"end":{"line":427,"column":24}},"143":{"start":{"line":437,"column":0},"end":{"line":478,"column":2}},"144":{"start":{"line":439,"column":4},"end":{"line":445,"column":5}},"145":{"start":{"line":440,"column":8},"end":{"line":440,"column":25}},"146":{"start":{"line":441,"column":8},"end":{"line":443,"column":9}},"147":{"start":{"line":442,"column":12},"end":{"line":442,"column":38}},"148":{"start":{"line":444,"column":8},"end":{"line":444,"column":27}},"149":{"start":{"line":447,"column":4},"end":{"line":477,"column":7}},"150":{"start":{"line":448,"column":8},"end":{"line":450,"column":9}},"151":{"start":{"line":449,"column":12},"end":{"line":449,"column":35}},"152":{"start":{"line":452,"column":8},"end":{"line":454,"column":9}},"153":{"start":{"line":453,"column":12},"end":{"line":453,"column":35}},"154":{"start":{"line":456,"column":8},"end":{"line":464,"column":9}},"155":{"start":{"line":457,"column":12},"end":{"line":459,"column":13}},"156":{"start":{"line":458,"column":16},"end":{"line":458,"column":39}},"157":{"start":{"line":461,"column":12},"end":{"line":463,"column":13}},"158":{"start":{"line":462,"column":16},"end":{"line":462,"column":39}},"159":{"start":{"line":466,"column":8},"end":{"line":474,"column":9}},"160":{"start":{"line":467,"column":12},"end":{"line":469,"column":13}},"161":{"start":{"line":468,"column":16},"end":{"line":468,"column":39}},"162":{"start":{"line":471,"column":12},"end":{"line":473,"column":13}},"163":{"start":{"line":472,"column":16},"end":{"line":472,"column":39}},"164":{"start":{"line":476,"column":8},"end":{"line":476,"column":17}},"165":{"start":{"line":486,"column":0},"end":{"line":519,"column":2}},"166":{"start":{"line":488,"column":4},"end":{"line":488,"column":17}},"167":{"start":{"line":489,"column":4},"end":{"line":491,"column":5}},"168":{"start":{"line":490,"column":8},"end":{"line":490,"column":18}},"169":{"start":{"line":493,"column":4},"end":{"line":493,"column":17}},"170":{"start":{"line":494,"column":4},"end":{"line":496,"column":5}},"171":{"start":{"line":495,"column":8},"end":{"line":495,"column":18}},"172":{"start":{"line":498,"column":4},"end":{"line":498,"column":22}},"173":{"start":{"line":499,"column":4},"end":{"line":501,"column":5}},"174":{"start":{"line":500,"column":8},"end":{"line":500,"column":23}},"175":{"start":{"line":503,"column":4},"end":{"line":503,"column":22}},"176":{"start":{"line":504,"column":4},"end":{"line":506,"column":5}},"177":{"start":{"line":505,"column":8},"end":{"line":505,"column":23}},"178":{"start":{"line":508,"column":4},"end":{"line":508,"column":40}},"179":{"start":{"line":509,"column":4},"end":{"line":509,"column":24}},"180":{"start":{"line":510,"column":4},"end":{"line":510,"column":24}},"181":{"start":{"line":511,"column":4},"end":{"line":511,"column":29}},"182":{"start":{"line":512,"column":4},"end":{"line":512,"column":29}},"183":{"start":{"line":514,"column":4},"end":{"line":517,"column":6}},"184":{"start":{"line":529,"column":0},"end":{"line":531,"column":2}},"185":{"start":{"line":530,"column":4},"end":{"line":530,"column":25}},"186":{"start":{"line":533,"column":0},"end":{"line":555,"column":2}},"187":{"start":{"line":535,"column":4},"end":{"line":535,"column":10}},"188":{"start":{"line":537,"column":4},"end":{"line":552,"column":5}},"189":{"start":{"line":538,"column":8},"end":{"line":538,"column":45}},"190":{"start":{"line":541,"column":8},"end":{"line":541,"column":29}},"191":{"start":{"line":543,"column":8},"end":{"line":551,"column":11}},"192":{"start":{"line":545,"column":12},"end":{"line":545,"column":53}},"193":{"start":{"line":547,"column":12},"end":{"line":549,"column":13}},"194":{"start":{"line":548,"column":16},"end":{"line":548,"column":36}},"195":{"start":{"line":554,"column":4},"end":{"line":554,"column":13}},"196":{"start":{"line":557,"column":0},"end":{"line":567,"column":2}},"197":{"start":{"line":559,"column":4},"end":{"line":559,"column":28}},"198":{"start":{"line":560,"column":4},"end":{"line":560,"column":24}},"199":{"start":{"line":562,"column":4},"end":{"line":564,"column":5}},"200":{"start":{"line":563,"column":8},"end":{"line":563,"column":50}},"201":{"start":{"line":566,"column":4},"end":{"line":566,"column":25}},"202":{"start":{"line":569,"column":0},"end":{"line":582,"column":2}},"203":{"start":{"line":571,"column":4},"end":{"line":571,"column":29}},"204":{"start":{"line":573,"column":4},"end":{"line":576,"column":6}},"205":{"start":{"line":574,"column":8},"end":{"line":574,"column":35}},"206":{"start":{"line":575,"column":8},"end":{"line":575,"column":33}},"207":{"start":{"line":578,"column":4},"end":{"line":578,"column":27}},"208":{"start":{"line":580,"column":4},"end":{"line":580,"column":13}},"209":{"start":{"line":584,"column":0},"end":{"line":607,"column":2}},"210":{"start":{"line":586,"column":4},"end":{"line":586,"column":29}},"211":{"start":{"line":587,"column":4},"end":{"line":587,"column":32}},"212":{"start":{"line":588,"column":4},"end":{"line":588,"column":20}},"213":{"start":{"line":589,"column":4},"end":{"line":589,"column":21}},"214":{"start":{"line":591,"column":4},"end":{"line":602,"column":4}},"215":{"start":{"line":592,"column":8},"end":{"line":599,"column":10}},"216":{"start":{"line":593,"column":12},"end":{"line":593,"column":25}},"217":{"start":{"line":594,"column":12},"end":{"line":594,"column":63}},"218":{"start":{"line":596,"column":12},"end":{"line":598,"column":13}},"219":{"start":{"line":597,"column":16},"end":{"line":597,"column":41}},"220":{"start":{"line":602,"column":4},"end":{"line":604,"column":5}},"221":{"start":{"line":603,"column":8},"end":{"line":603,"column":38}},"222":{"start":{"line":606,"column":4},"end":{"line":606,"column":13}},"223":{"start":{"line":609,"column":0},"end":{"line":633,"column":2}},"224":{"start":{"line":611,"column":4},"end":{"line":611,"column":29}},"225":{"start":{"line":613,"column":4},"end":{"line":631,"column":5}},"226":{"start":{"line":614,"column":8},"end":{"line":614,"column":30}},"227":{"start":{"line":617,"column":8},"end":{"line":617,"column":44}},"228":{"start":{"line":619,"column":8},"end":{"line":630,"column":9}},"229":{"start":{"line":621,"column":12},"end":{"line":628,"column":15}},"230":{"start":{"line":623,"column":16},"end":{"line":623,"column":35}},"231":{"start":{"line":625,"column":16},"end":{"line":627,"column":19}},"232":{"start":{"line":626,"column":20},"end":{"line":626,"column":47}},"233":{"start":{"line":632,"column":4},"end":{"line":632,"column":13}},"234":{"start":{"line":652,"column":0},"end":{"line":653,"column":0}},"235":{"start":{"line":653,"column":0},"end":{"line":732,"column":2}},"236":{"start":{"line":734,"column":0},"end":{"line":737,"column":2}},"237":{"start":{"line":742,"column":0},"end":{"line":745,"column":10}},"238":{"start":{"line":743,"column":4},"end":{"line":743,"column":49}},"239":{"start":{"line":744,"column":4},"end":{"line":744,"column":31}},"240":{"start":{"line":747,"column":0},"end":{"line":750,"column":10}},"241":{"start":{"line":748,"column":4},"end":{"line":748,"column":49}},"242":{"start":{"line":749,"column":4},"end":{"line":749,"column":33}},"243":{"start":{"line":755,"column":0},"end":{"line":763,"column":2}},"244":{"start":{"line":757,"column":4},"end":{"line":759,"column":5}},"245":{"start":{"line":758,"column":8},"end":{"line":758,"column":21}},"246":{"start":{"line":761,"column":4},"end":{"line":761,"column":16}},"247":{"start":{"line":770,"column":0},"end":{"line":784,"column":2}},"248":{"start":{"line":771,"column":4},"end":{"line":771,"column":66}},"249":{"start":{"line":773,"column":4},"end":{"line":781,"column":5}},"250":{"start":{"line":774,"column":8},"end":{"line":776,"column":9}},"251":{"start":{"line":775,"column":12},"end":{"line":775,"column":28}},"252":{"start":{"line":778,"column":8},"end":{"line":780,"column":9}},"253":{"start":{"line":779,"column":12},"end":{"line":779,"column":25}},"254":{"start":{"line":783,"column":4},"end":{"line":783,"column":16}},"255":{"start":{"line":791,"column":0},"end":{"line":814,"column":2}},"256":{"start":{"line":792,"column":4},"end":{"line":792,"column":66}},"257":{"start":{"line":793,"column":4},"end":{"line":793,"column":17}},"258":{"start":{"line":795,"column":4},"end":{"line":805,"column":5}},"259":{"start":{"line":796,"column":8},"end":{"line":798,"column":9}},"260":{"start":{"line":797,"column":12},"end":{"line":797,"column":28}},"261":{"start":{"line":800,"column":8},"end":{"line":800,"column":29}},"262":{"start":{"line":801,"column":8},"end":{"line":803,"column":9}},"263":{"start":{"line":802,"column":12},"end":{"line":802,"column":25}},"264":{"start":{"line":804,"column":8},"end":{"line":804,"column":24}},"265":{"start":{"line":807,"column":4},"end":{"line":811,"column":5}},"266":{"start":{"line":808,"column":8},"end":{"line":810,"column":9}},"267":{"start":{"line":809,"column":12},"end":{"line":809,"column":25}},"268":{"start":{"line":813,"column":4},"end":{"line":813,"column":16}},"269":{"start":{"line":821,"column":0},"end":{"line":827,"column":2}},"270":{"start":{"line":822,"column":4},"end":{"line":826,"column":7}},"271":{"start":{"line":823,"column":8},"end":{"line":825,"column":9}},"272":{"start":{"line":824,"column":12},"end":{"line":824,"column":26}},"273":{"start":{"line":834,"column":0},"end":{"line":840,"column":2}},"274":{"start":{"line":835,"column":4},"end":{"line":839,"column":7}},"275":{"start":{"line":836,"column":8},"end":{"line":838,"column":9}},"276":{"start":{"line":837,"column":12},"end":{"line":837,"column":26}},"277":{"start":{"line":847,"column":0},"end":{"line":876,"column":2}},"278":{"start":{"line":848,"column":4},"end":{"line":875,"column":7}},"279":{"start":{"line":849,"column":8},"end":{"line":849,"column":72}},"280":{"start":{"line":850,"column":8},"end":{"line":850,"column":27}},"281":{"start":{"line":852,"column":8},"end":{"line":862,"column":9}},"282":{"start":{"line":853,"column":12},"end":{"line":855,"column":13}},"283":{"start":{"line":854,"column":16},"end":{"line":854,"column":32}},"284":{"start":{"line":857,"column":12},"end":{"line":857,"column":38}},"285":{"start":{"line":858,"column":12},"end":{"line":860,"column":13}},"286":{"start":{"line":859,"column":16},"end":{"line":859,"column":23}},"287":{"start":{"line":861,"column":12},"end":{"line":861,"column":37}},"288":{"start":{"line":864,"column":8},"end":{"line":866,"column":9}},"289":{"start":{"line":865,"column":12},"end":{"line":865,"column":19}},"290":{"start":{"line":868,"column":8},"end":{"line":872,"column":9}},"291":{"start":{"line":869,"column":12},"end":{"line":871,"column":13}},"292":{"start":{"line":870,"column":16},"end":{"line":870,"column":23}},"293":{"start":{"line":874,"column":8},"end":{"line":874,"column":22}},"294":{"start":{"line":878,"column":0},"end":{"line":914,"column":2}},"295":{"start":{"line":879,"column":4},"end":{"line":879,"column":17}},"296":{"start":{"line":881,"column":4},"end":{"line":881,"column":24}},"297":{"start":{"line":882,"column":4},"end":{"line":889,"column":5}},"298":{"start":{"line":883,"column":8},"end":{"line":883,"column":38}},"299":{"start":{"line":884,"column":8},"end":{"line":886,"column":9}},"300":{"start":{"line":885,"column":12},"end":{"line":885,"column":28}},"301":{"start":{"line":888,"column":8},"end":{"line":888,"column":27}},"302":{"start":{"line":891,"column":4},"end":{"line":891,"column":16}},"303":{"start":{"line":893,"column":4},"end":{"line":912,"column":7}},"304":{"start":{"line":895,"column":8},"end":{"line":895,"column":30}},"305":{"start":{"line":897,"column":8},"end":{"line":901,"column":9}},"306":{"start":{"line":898,"column":12},"end":{"line":898,"column":19}},"307":{"start":{"line":900,"column":12},"end":{"line":900,"column":21}},"308":{"start":{"line":903,"column":8},"end":{"line":906,"column":9}},"309":{"start":{"line":904,"column":12},"end":{"line":904,"column":21}},"310":{"start":{"line":905,"column":12},"end":{"line":905,"column":21}},"311":{"start":{"line":908,"column":8},"end":{"line":910,"column":21}},"312":{"start":{"line":909,"column":12},"end":{"line":909,"column":21}},"313":{"start":{"line":925,"column":0},"end":{"line":925,"column":19}},"314":{"start":{"line":927,"column":0},"end":{"line":942,"column":2}},"315":{"start":{"line":928,"column":4},"end":{"line":928,"column":20}},"316":{"start":{"line":930,"column":4},"end":{"line":940,"column":5}},"317":{"start":{"line":931,"column":8},"end":{"line":931,"column":22}},"318":{"start":{"line":933,"column":8},"end":{"line":933,"column":35}},"319":{"start":{"line":935,"column":8},"end":{"line":939,"column":9}},"320":{"start":{"line":936,"column":12},"end":{"line":938,"column":13}},"321":{"start":{"line":937,"column":16},"end":{"line":937,"column":56}},"322":{"start":{"line":941,"column":4},"end":{"line":941,"column":18}},"323":{"start":{"line":944,"column":0},"end":{"line":959,"column":2}},"324":{"start":{"line":945,"column":4},"end":{"line":945,"column":12}},"325":{"start":{"line":947,"column":4},"end":{"line":956,"column":5}},"326":{"start":{"line":948,"column":8},"end":{"line":948,"column":35}},"327":{"start":{"line":949,"column":11},"end":{"line":956,"column":5}},"328":{"start":{"line":951,"column":8},"end":{"line":955,"column":9}},"329":{"start":{"line":952,"column":12},"end":{"line":952,"column":54}},"330":{"start":{"line":954,"column":12},"end":{"line":954,"column":57}},"331":{"start":{"line":958,"column":4},"end":{"line":958,"column":15}},"332":{"start":{"line":964,"column":0},"end":{"line":1019,"column":2}},"333":{"start":{"line":966,"column":4},"end":{"line":966,"column":29}},"334":{"start":{"line":968,"column":4},"end":{"line":968,"column":21}},"335":{"start":{"line":969,"column":4},"end":{"line":969,"column":22}},"336":{"start":{"line":970,"column":4},"end":{"line":970,"column":28}},"337":{"start":{"line":972,"column":4},"end":{"line":977,"column":5}},"338":{"start":{"line":973,"column":8},"end":{"line":973,"column":24}},"339":{"start":{"line":975,"column":8},"end":{"line":975,"column":32}},"340":{"start":{"line":976,"column":5},"end":{"line":976,"column":14}},"341":{"start":{"line":979,"column":4},"end":{"line":979,"column":28}},"342":{"start":{"line":981,"column":4},"end":{"line":984,"column":5}},"343":{"start":{"line":982,"column":8},"end":{"line":982,"column":29}},"344":{"start":{"line":983,"column":8},"end":{"line":983,"column":23}},"345":{"start":{"line":986,"column":4},"end":{"line":986,"column":26}},"346":{"start":{"line":987,"column":4},"end":{"line":987,"column":78}},"347":{"start":{"line":989,"column":4},"end":{"line":993,"column":5}},"348":{"start":{"line":990,"column":8},"end":{"line":992,"column":9}},"349":{"start":{"line":991,"column":12},"end":{"line":991,"column":48}},"350":{"start":{"line":995,"column":4},"end":{"line":1000,"column":4}},"351":{"start":{"line":996,"column":8},"end":{"line":996,"column":20}},"352":{"start":{"line":997,"column":8},"end":{"line":997,"column":38}},"353":{"start":{"line":1000,"column":4},"end":{"line":1000,"column":33}},"354":{"start":{"line":1002,"column":4},"end":{"line":1004,"column":5}},"355":{"start":{"line":1003,"column":8},"end":{"line":1003,"column":49}},"356":{"start":{"line":1006,"column":4},"end":{"line":1014,"column":6}},"357":{"start":{"line":1007,"column":8},"end":{"line":1009,"column":9}},"358":{"start":{"line":1008,"column":12},"end":{"line":1008,"column":30}},"359":{"start":{"line":1010,"column":8},"end":{"line":1013,"column":9}},"360":{"start":{"line":1011,"column":12},"end":{"line":1011,"column":104}},"361":{"start":{"line":1012,"column":12},"end":{"line":1012,"column":51}},"362":{"start":{"line":1016,"column":4},"end":{"line":1016,"column":22}},"363":{"start":{"line":1018,"column":4},"end":{"line":1018,"column":13}},"364":{"start":{"line":1029,"column":0},"end":{"line":1029,"column":17}},"365":{"start":{"line":1036,"column":0},"end":{"line":1056,"column":2}},"366":{"start":{"line":1038,"column":4},"end":{"line":1052,"column":6}},"367":{"start":{"line":1039,"column":8},"end":{"line":1039,"column":30}},"368":{"start":{"line":1040,"column":8},"end":{"line":1040,"column":30}},"369":{"start":{"line":1041,"column":8},"end":{"line":1051,"column":10}},"370":{"start":{"line":1043,"column":12},"end":{"line":1043,"column":40}},"371":{"start":{"line":1045,"column":12},"end":{"line":1049,"column":13}},"372":{"start":{"line":1046,"column":16},"end":{"line":1046,"column":41}},"373":{"start":{"line":1048,"column":16},"end":{"line":1048,"column":27}},"374":{"start":{"line":1054,"column":4},"end":{"line":1054,"column":23}},"375":{"start":{"line":1058,"column":0},"end":{"line":1060,"column":2}},"376":{"start":{"line":1059,"column":4},"end":{"line":1059,"column":24}},"377":{"start":{"line":1065,"column":0},"end":{"line":1883,"column":5}},"378":{"start":{"line":1067,"column":4},"end":{"line":1067,"column":20}},"379":{"start":{"line":1069,"column":1},"end":{"line":1083,"column":3}},"380":{"start":{"line":1071,"column":8},"end":{"line":1082,"column":9}},"381":{"start":{"line":1072,"column":12},"end":{"line":1072,"column":36}},"382":{"start":{"line":1074,"column":9},"end":{"line":1074,"column":52}},"383":{"start":{"line":1076,"column":9},"end":{"line":1080,"column":12}},"384":{"start":{"line":1078,"column":13},"end":{"line":1078,"column":36}},"385":{"start":{"line":1085,"column":4},"end":{"line":1156,"column":6}},"386":{"start":{"line":1087,"column":8},"end":{"line":1154,"column":9}},"387":{"start":{"line":1089,"column":12},"end":{"line":1089,"column":66}},"388":{"start":{"line":1091,"column":12},"end":{"line":1105,"column":13}},"389":{"start":{"line":1092,"column":16},"end":{"line":1092,"column":59}},"390":{"start":{"line":1093,"column":16},"end":{"line":1093,"column":47}},"391":{"start":{"line":1094,"column":16},"end":{"line":1094,"column":59}},"392":{"start":{"line":1096,"column":16},"end":{"line":1104,"column":19}},"393":{"start":{"line":1109,"column":12},"end":{"line":1152,"column":13}},"394":{"start":{"line":1110,"column":16},"end":{"line":1110,"column":38}},"395":{"start":{"line":1112,"column":16},"end":{"line":1115,"column":17}},"396":{"start":{"line":1113,"column":20},"end":{"line":1113,"column":44}},"397":{"start":{"line":1114,"column":20},"end":{"line":1114,"column":29}},"398":{"start":{"line":1117,"column":16},"end":{"line":1117,"column":63}},"399":{"start":{"line":1118,"column":16},"end":{"line":1118,"column":59}},"400":{"start":{"line":1119,"column":16},"end":{"line":1119,"column":47}},"401":{"start":{"line":1120,"column":16},"end":{"line":1120,"column":59}},"402":{"start":{"line":1122,"column":16},"end":{"line":1130,"column":17}},"403":{"start":{"line":1124,"column":20},"end":{"line":1127,"column":21}},"404":{"start":{"line":1125,"column":24},"end":{"line":1125,"column":48}},"405":{"start":{"line":1126,"column":24},"end":{"line":1126,"column":33}},"406":{"start":{"line":1129,"column":20},"end":{"line":1129,"column":56}},"407":{"start":{"line":1132,"column":16},"end":{"line":1134,"column":17}},"408":{"start":{"line":1133,"column":20},"end":{"line":1133,"column":28}},"409":{"start":{"line":1136,"column":16},"end":{"line":1138,"column":17}},"410":{"start":{"line":1137,"column":20},"end":{"line":1137,"column":28}},"411":{"start":{"line":1140,"column":16},"end":{"line":1142,"column":17}},"412":{"start":{"line":1141,"column":20},"end":{"line":1141,"column":45}},"413":{"start":{"line":1144,"column":16},"end":{"line":1146,"column":17}},"414":{"start":{"line":1145,"column":20},"end":{"line":1145,"column":46}},"415":{"start":{"line":1148,"column":16},"end":{"line":1150,"column":17}},"416":{"start":{"line":1149,"column":20},"end":{"line":1149,"column":44}},"417":{"start":{"line":1158,"column":4},"end":{"line":1161,"column":6}},"418":{"start":{"line":1159,"column":8},"end":{"line":1159,"column":34}},"419":{"start":{"line":1160,"column":8},"end":{"line":1160,"column":34}},"420":{"start":{"line":1163,"column":4},"end":{"line":1163,"column":59}},"421":{"start":{"line":1163,"column":43},"end":{"line":1163,"column":56}},"422":{"start":{"line":1164,"column":4},"end":{"line":1164,"column":71}},"423":{"start":{"line":1164,"column":41},"end":{"line":1164,"column":68}},"424":{"start":{"line":1165,"column":4},"end":{"line":1165,"column":98}},"425":{"start":{"line":1165,"column":49},"end":{"line":1165,"column":81}},"426":{"start":{"line":1165,"column":82},"end":{"line":1165,"column":95}},"427":{"start":{"line":1171,"column":1},"end":{"line":1188,"column":3}},"428":{"start":{"line":1173,"column":2},"end":{"line":1175,"column":9}},"429":{"start":{"line":1174,"column":12},"end":{"line":1174,"column":19}},"430":{"start":{"line":1177,"column":8},"end":{"line":1177,"column":56}},"431":{"start":{"line":1179,"column":8},"end":{"line":1186,"column":9}},"432":{"start":{"line":1180,"column":12},"end":{"line":1180,"column":33}},"433":{"start":{"line":1181,"column":12},"end":{"line":1185,"column":13}},"434":{"start":{"line":1182,"column":16},"end":{"line":1182,"column":35}},"435":{"start":{"line":1184,"column":16},"end":{"line":1184,"column":41}},"436":{"start":{"line":1252,"column":1},"end":{"line":1294,"column":3}},"437":{"start":{"line":1257,"column":2},"end":{"line":1259,"column":9}},"438":{"start":{"line":1258,"column":12},"end":{"line":1258,"column":19}},"439":{"start":{"line":1261,"column":8},"end":{"line":1261,"column":50}},"440":{"start":{"line":1264,"column":8},"end":{"line":1266,"column":9}},"441":{"start":{"line":1265,"column":12},"end":{"line":1265,"column":19}},"442":{"start":{"line":1269,"column":8},"end":{"line":1269,"column":27}},"443":{"start":{"line":1272,"column":8},"end":{"line":1275,"column":9}},"444":{"start":{"line":1274,"column":12},"end":{"line":1274,"column":50}},"445":{"start":{"line":1278,"column":8},"end":{"line":1278,"column":42}},"446":{"start":{"line":1281,"column":8},"end":{"line":1281,"column":44}},"447":{"start":{"line":1282,"column":8},"end":{"line":1282,"column":48}},"448":{"start":{"line":1283,"column":8},"end":{"line":1283,"column":36}},"449":{"start":{"line":1284,"column":8},"end":{"line":1284,"column":40}},"450":{"start":{"line":1285,"column":8},"end":{"line":1285,"column":40}},"451":{"start":{"line":1286,"column":8},"end":{"line":1286,"column":41}},"452":{"start":{"line":1287,"column":8},"end":{"line":1287,"column":33}},"453":{"start":{"line":1288,"column":8},"end":{"line":1288,"column":40}},"454":{"start":{"line":1289,"column":8},"end":{"line":1289,"column":42}},"455":{"start":{"line":1290,"column":8},"end":{"line":1290,"column":48}},"456":{"start":{"line":1292,"column":8},"end":{"line":1292,"column":30}},"457":{"start":{"line":1296,"column":1},"end":{"line":1339,"column":3}},"458":{"start":{"line":1299,"column":8},"end":{"line":1299,"column":24}},"459":{"start":{"line":1302,"column":8},"end":{"line":1303,"column":25}},"460":{"start":{"line":1306,"column":8},"end":{"line":1308,"column":9}},"461":{"start":{"line":1307,"column":12},"end":{"line":1307,"column":48}},"462":{"start":{"line":1311,"column":8},"end":{"line":1330,"column":9}},"463":{"start":{"line":1313,"column":12},"end":{"line":1328,"column":13}},"464":{"start":{"line":1315,"column":16},"end":{"line":1315,"column":38}},"465":{"start":{"line":1316,"column":16},"end":{"line":1316,"column":38}},"466":{"start":{"line":1317,"column":16},"end":{"line":1320,"column":17}},"467":{"start":{"line":1318,"column":20},"end":{"line":1318,"column":70}},"468":{"start":{"line":1319,"column":20},"end":{"line":1319,"column":70}},"469":{"start":{"line":1322,"column":19},"end":{"line":1328,"column":13}},"470":{"start":{"line":1324,"column":16},"end":{"line":1324,"column":47}},"471":{"start":{"line":1326,"column":16},"end":{"line":1326,"column":69}},"472":{"start":{"line":1327,"column":16},"end":{"line":1327,"column":49}},"473":{"start":{"line":1332,"column":8},"end":{"line":1335,"column":40}},"474":{"start":{"line":1337,"column":8},"end":{"line":1337,"column":22}},"475":{"start":{"line":1341,"column":4},"end":{"line":1355,"column":6}},"476":{"start":{"line":1343,"column":8},"end":{"line":1343,"column":23}},"477":{"start":{"line":1344,"column":8},"end":{"line":1344,"column":23}},"478":{"start":{"line":1346,"column":8},"end":{"line":1349,"column":9}},"479":{"start":{"line":1347,"column":12},"end":{"line":1347,"column":19}},"480":{"start":{"line":1348,"column":12},"end":{"line":1348,"column":19}},"481":{"start":{"line":1351,"column":8},"end":{"line":1354,"column":60}},"482":{"start":{"line":1357,"column":1},"end":{"line":1376,"column":3}},"483":{"start":{"line":1359,"column":2},"end":{"line":1375,"column":9}},"484":{"start":{"line":1362,"column":12},"end":{"line":1367,"column":13}},"485":{"start":{"line":1363,"column":16},"end":{"line":1366,"column":18}},"486":{"start":{"line":1370,"column":12},"end":{"line":1370,"column":60}},"487":{"start":{"line":1372,"column":12},"end":{"line":1372,"column":56}},"488":{"start":{"line":1374,"column":12},"end":{"line":1374,"column":62}},"489":{"start":{"line":1378,"column":1},"end":{"line":1397,"column":3}},"490":{"start":{"line":1380,"column":8},"end":{"line":1396,"column":9}},"491":{"start":{"line":1383,"column":12},"end":{"line":1388,"column":13}},"492":{"start":{"line":1384,"column":16},"end":{"line":1387,"column":18}},"493":{"start":{"line":1391,"column":12},"end":{"line":1391,"column":64}},"494":{"start":{"line":1393,"column":12},"end":{"line":1393,"column":58}},"495":{"start":{"line":1395,"column":12},"end":{"line":1395,"column":66}},"496":{"start":{"line":1399,"column":1},"end":{"line":1405,"column":3}},"497":{"start":{"line":1401,"column":8},"end":{"line":1404,"column":10}},"498":{"start":{"line":1407,"column":1},"end":{"line":1420,"column":3}},"499":{"start":{"line":1409,"column":8},"end":{"line":1419,"column":9}},"500":{"start":{"line":1410,"column":12},"end":{"line":1410,"column":63}},"501":{"start":{"line":1411,"column":12},"end":{"line":1411,"column":63}},"502":{"start":{"line":1414,"column":12},"end":{"line":1414,"column":60}},"503":{"start":{"line":1416,"column":12},"end":{"line":1416,"column":50}},"504":{"start":{"line":1418,"column":12},"end":{"line":1418,"column":62}},"505":{"start":{"line":1422,"column":1},"end":{"line":1435,"column":3}},"506":{"start":{"line":1424,"column":8},"end":{"line":1434,"column":9}},"507":{"start":{"line":1425,"column":12},"end":{"line":1425,"column":65}},"508":{"start":{"line":1426,"column":12},"end":{"line":1426,"column":65}},"509":{"start":{"line":1429,"column":12},"end":{"line":1429,"column":60}},"510":{"start":{"line":1431,"column":12},"end":{"line":1431,"column":50}},"511":{"start":{"line":1433,"column":12},"end":{"line":1433,"column":62}},"512":{"start":{"line":1437,"column":1},"end":{"line":1448,"column":3}},"513":{"start":{"line":1439,"column":8},"end":{"line":1447,"column":9}},"514":{"start":{"line":1442,"column":12},"end":{"line":1442,"column":60}},"515":{"start":{"line":1444,"column":12},"end":{"line":1444,"column":68}},"516":{"start":{"line":1446,"column":12},"end":{"line":1446,"column":62}},"517":{"start":{"line":1450,"column":1},"end":{"line":1457,"column":3}},"518":{"start":{"line":1452,"column":2},"end":{"line":1456,"column":9}},"519":{"start":{"line":1453,"column":12},"end":{"line":1453,"column":49}},"520":{"start":{"line":1455,"column":12},"end":{"line":1455,"column":40}},"521":{"start":{"line":1459,"column":1},"end":{"line":1497,"column":3}},"522":{"start":{"line":1461,"column":2},"end":{"line":1463,"column":3}},"523":{"start":{"line":1462,"column":3},"end":{"line":1462,"column":10}},"524":{"start":{"line":1465,"column":2},"end":{"line":1465,"column":39}},"525":{"start":{"line":1468,"column":8},"end":{"line":1496,"column":9}},"526":{"start":{"line":1470,"column":12},"end":{"line":1475,"column":13}},"527":{"start":{"line":1471,"column":16},"end":{"line":1471,"column":65}},"528":{"start":{"line":1473,"column":16},"end":{"line":1473,"column":89}},"529":{"start":{"line":1474,"column":16},"end":{"line":1474,"column":35}},"530":{"start":{"line":1478,"column":15},"end":{"line":1496,"column":9}},"531":{"start":{"line":1480,"column":12},"end":{"line":1480,"column":38}},"532":{"start":{"line":1481,"column":12},"end":{"line":1481,"column":31}},"533":{"start":{"line":1484,"column":15},"end":{"line":1496,"column":9}},"534":{"start":{"line":1486,"column":12},"end":{"line":1486,"column":43}},"535":{"start":{"line":1487,"column":12},"end":{"line":1487,"column":58}},"536":{"start":{"line":1488,"column":12},"end":{"line":1488,"column":50}},"537":{"start":{"line":1491,"column":15},"end":{"line":1496,"column":9}},"538":{"start":{"line":1493,"column":12},"end":{"line":1493,"column":37}},"539":{"start":{"line":1494,"column":12},"end":{"line":1494,"column":31}},"540":{"start":{"line":1499,"column":1},"end":{"line":1539,"column":3}},"541":{"start":{"line":1501,"column":8},"end":{"line":1503,"column":9}},"542":{"start":{"line":1502,"column":9},"end":{"line":1502,"column":16}},"543":{"start":{"line":1505,"column":8},"end":{"line":1505,"column":47}},"544":{"start":{"line":1508,"column":8},"end":{"line":1537,"column":9}},"545":{"start":{"line":1510,"column":12},"end":{"line":1515,"column":13}},"546":{"start":{"line":1511,"column":16},"end":{"line":1511,"column":67}},"547":{"start":{"line":1513,"column":16},"end":{"line":1513,"column":89}},"548":{"start":{"line":1514,"column":16},"end":{"line":1514,"column":37}},"549":{"start":{"line":1518,"column":15},"end":{"line":1537,"column":9}},"550":{"start":{"line":1520,"column":12},"end":{"line":1520,"column":38}},"551":{"start":{"line":1522,"column":12},"end":{"line":1522,"column":33}},"552":{"start":{"line":1525,"column":15},"end":{"line":1537,"column":9}},"553":{"start":{"line":1527,"column":12},"end":{"line":1527,"column":43}},"554":{"start":{"line":1528,"column":12},"end":{"line":1528,"column":58}},"555":{"start":{"line":1529,"column":12},"end":{"line":1529,"column":52}},"556":{"start":{"line":1532,"column":15},"end":{"line":1537,"column":9}},"557":{"start":{"line":1534,"column":12},"end":{"line":1534,"column":37}},"558":{"start":{"line":1535,"column":12},"end":{"line":1535,"column":33}},"559":{"start":{"line":1541,"column":4},"end":{"line":1551,"column":6}},"560":{"start":{"line":1543,"column":8},"end":{"line":1550,"column":9}},"561":{"start":{"line":1545,"column":12},"end":{"line":1545,"column":46}},"562":{"start":{"line":1547,"column":15},"end":{"line":1550,"column":9}},"563":{"start":{"line":1549,"column":12},"end":{"line":1549,"column":45}},"564":{"start":{"line":1568,"column":1},"end":{"line":1586,"column":3}},"565":{"start":{"line":1570,"column":8},"end":{"line":1584,"column":9}},"566":{"start":{"line":1572,"column":12},"end":{"line":1572,"column":52}},"567":{"start":{"line":1575,"column":15},"end":{"line":1584,"column":9}},"568":{"start":{"line":1577,"column":12},"end":{"line":1577,"column":110}},"569":{"start":{"line":1580,"column":15},"end":{"line":1584,"column":9}},"570":{"start":{"line":1582,"column":12},"end":{"line":1582,"column":110}},"571":{"start":{"line":1588,"column":1},"end":{"line":1605,"column":3}},"572":{"start":{"line":1590,"column":8},"end":{"line":1604,"column":9}},"573":{"start":{"line":1592,"column":12},"end":{"line":1592,"column":56}},"574":{"start":{"line":1595,"column":15},"end":{"line":1604,"column":9}},"575":{"start":{"line":1597,"column":12},"end":{"line":1597,"column":114}},"576":{"start":{"line":1600,"column":15},"end":{"line":1604,"column":9}},"577":{"start":{"line":1602,"column":12},"end":{"line":1602,"column":114}},"578":{"start":{"line":1607,"column":4},"end":{"line":1634,"column":6}},"579":{"start":{"line":1609,"column":8},"end":{"line":1609,"column":39}},"580":{"start":{"line":1610,"column":8},"end":{"line":1610,"column":69}},"581":{"start":{"line":1612,"column":8},"end":{"line":1612,"column":23}},"582":{"start":{"line":1613,"column":8},"end":{"line":1613,"column":23}},"583":{"start":{"line":1614,"column":8},"end":{"line":1614,"column":82}},"584":{"start":{"line":1615,"column":8},"end":{"line":1615,"column":82}},"585":{"start":{"line":1618,"column":8},"end":{"line":1633,"column":48}},"586":{"start":{"line":1619,"column":12},"end":{"line":1619,"column":23}},"587":{"start":{"line":1620,"column":12},"end":{"line":1627,"column":52}},"588":{"start":{"line":1622,"column":16},"end":{"line":1622,"column":126}},"589":{"start":{"line":1624,"column":16},"end":{"line":1626,"column":17}},"590":{"start":{"line":1625,"column":20},"end":{"line":1625,"column":39}},"591":{"start":{"line":1629,"column":12},"end":{"line":1631,"column":13}},"592":{"start":{"line":1630,"column":16},"end":{"line":1630,"column":35}},"593":{"start":{"line":1636,"column":4},"end":{"line":1668,"column":6}},"594":{"start":{"line":1638,"column":8},"end":{"line":1638,"column":39}},"595":{"start":{"line":1640,"column":8},"end":{"line":1640,"column":19}},"596":{"start":{"line":1642,"column":8},"end":{"line":1648,"column":9}},"597":{"start":{"line":1643,"column":12},"end":{"line":1643,"column":33}},"598":{"start":{"line":1644,"column":12},"end":{"line":1644,"column":33}},"599":{"start":{"line":1646,"column":12},"end":{"line":1646,"column":20}},"600":{"start":{"line":1647,"column":12},"end":{"line":1647,"column":20}},"601":{"start":{"line":1650,"column":8},"end":{"line":1650,"column":23}},"602":{"start":{"line":1652,"column":8},"end":{"line":1667,"column":9}},"603":{"start":{"line":1654,"column":12},"end":{"line":1654,"column":27}},"604":{"start":{"line":1656,"column":12},"end":{"line":1665,"column":13}},"605":{"start":{"line":1657,"column":16},"end":{"line":1657,"column":54}},"606":{"start":{"line":1658,"column":16},"end":{"line":1658,"column":28}},"607":{"start":{"line":1659,"column":16},"end":{"line":1659,"column":28}},"608":{"start":{"line":1661,"column":16},"end":{"line":1661,"column":70}},"609":{"start":{"line":1662,"column":16},"end":{"line":1662,"column":126}},"610":{"start":{"line":1664,"column":16},"end":{"line":1664,"column":29}},"611":{"start":{"line":1666,"column":12},"end":{"line":1666,"column":25}},"612":{"start":{"line":1670,"column":1},"end":{"line":1680,"column":3}},"613":{"start":{"line":1671,"column":2},"end":{"line":1671,"column":26}},"614":{"start":{"line":1673,"column":8},"end":{"line":1677,"column":28}},"615":{"start":{"line":1679,"column":8},"end":{"line":1679,"column":32}},"616":{"start":{"line":1682,"column":1},"end":{"line":1692,"column":3}},"617":{"start":{"line":1683,"column":2},"end":{"line":1683,"column":26}},"618":{"start":{"line":1684,"column":8},"end":{"line":1684,"column":63}},"619":{"start":{"line":1686,"column":8},"end":{"line":1689,"column":9}},"620":{"start":{"line":1687,"column":12},"end":{"line":1687,"column":38}},"621":{"start":{"line":1688,"column":12},"end":{"line":1688,"column":51}},"622":{"start":{"line":1691,"column":8},"end":{"line":1691,"column":32}},"623":{"start":{"line":1694,"column":4},"end":{"line":1720,"column":6}},"624":{"start":{"line":1696,"column":8},"end":{"line":1698,"column":9}},"625":{"start":{"line":1697,"column":12},"end":{"line":1697,"column":42}},"626":{"start":{"line":1700,"column":8},"end":{"line":1702,"column":9}},"627":{"start":{"line":1701,"column":12},"end":{"line":1701,"column":42}},"628":{"start":{"line":1704,"column":8},"end":{"line":1704,"column":52}},"629":{"start":{"line":1705,"column":8},"end":{"line":1705,"column":52}},"630":{"start":{"line":1706,"column":8},"end":{"line":1706,"column":50}},"631":{"start":{"line":1707,"column":8},"end":{"line":1707,"column":50}},"632":{"start":{"line":1709,"column":8},"end":{"line":1709,"column":72}},"633":{"start":{"line":1711,"column":8},"end":{"line":1716,"column":9}},"634":{"start":{"line":1712,"column":12},"end":{"line":1712,"column":37}},"635":{"start":{"line":1713,"column":12},"end":{"line":1715,"column":13}},"636":{"start":{"line":1714,"column":16},"end":{"line":1714,"column":63}},"637":{"start":{"line":1718,"column":8},"end":{"line":1718,"column":24}},"638":{"start":{"line":1722,"column":4},"end":{"line":1776,"column":6}},"639":{"start":{"line":1724,"column":8},"end":{"line":1726,"column":9}},"640":{"start":{"line":1725,"column":12},"end":{"line":1725,"column":44}},"641":{"start":{"line":1728,"column":8},"end":{"line":1730,"column":9}},"642":{"start":{"line":1729,"column":12},"end":{"line":1729,"column":52}},"643":{"start":{"line":1732,"column":8},"end":{"line":1734,"column":9}},"644":{"start":{"line":1733,"column":12},"end":{"line":1733,"column":52}},"645":{"start":{"line":1736,"column":8},"end":{"line":1738,"column":9}},"646":{"start":{"line":1737,"column":12},"end":{"line":1737,"column":50}},"647":{"start":{"line":1740,"column":8},"end":{"line":1742,"column":9}},"648":{"start":{"line":1741,"column":12},"end":{"line":1741,"column":44}},"649":{"start":{"line":1744,"column":8},"end":{"line":1746,"column":9}},"650":{"start":{"line":1745,"column":12},"end":{"line":1745,"column":52}},"651":{"start":{"line":1748,"column":8},"end":{"line":1750,"column":9}},"652":{"start":{"line":1749,"column":12},"end":{"line":1749,"column":52}},"653":{"start":{"line":1752,"column":8},"end":{"line":1754,"column":9}},"654":{"start":{"line":1753,"column":12},"end":{"line":1753,"column":52}},"655":{"start":{"line":1756,"column":8},"end":{"line":1756,"column":38}},"656":{"start":{"line":1758,"column":8},"end":{"line":1758,"column":63}},"657":{"start":{"line":1759,"column":8},"end":{"line":1759,"column":63}},"658":{"start":{"line":1760,"column":8},"end":{"line":1760,"column":66}},"659":{"start":{"line":1761,"column":8},"end":{"line":1761,"column":63}},"660":{"start":{"line":1762,"column":8},"end":{"line":1762,"column":63}},"661":{"start":{"line":1763,"column":8},"end":{"line":1763,"column":66}},"662":{"start":{"line":1765,"column":8},"end":{"line":1765,"column":80}},"663":{"start":{"line":1767,"column":8},"end":{"line":1772,"column":9}},"664":{"start":{"line":1768,"column":12},"end":{"line":1768,"column":37}},"665":{"start":{"line":1769,"column":12},"end":{"line":1771,"column":13}},"666":{"start":{"line":1770,"column":16},"end":{"line":1770,"column":63}},"667":{"start":{"line":1774,"column":8},"end":{"line":1774,"column":24}},"668":{"start":{"line":1778,"column":4},"end":{"line":1791,"column":6}},"669":{"start":{"line":1779,"column":8},"end":{"line":1781,"column":9}},"670":{"start":{"line":1780,"column":12},"end":{"line":1780,"column":27}},"671":{"start":{"line":1783,"column":8},"end":{"line":1783,"column":20}},"672":{"start":{"line":1784,"column":8},"end":{"line":1784,"column":22}},"673":{"start":{"line":1785,"column":8},"end":{"line":1785,"column":48}},"674":{"start":{"line":1786,"column":8},"end":{"line":1786,"column":50}},"675":{"start":{"line":1787,"column":8},"end":{"line":1787,"column":46}},"676":{"start":{"line":1788,"column":8},"end":{"line":1788,"column":60}},"677":{"start":{"line":1789,"column":8},"end":{"line":1789,"column":57}},"678":{"start":{"line":1790,"column":8},"end":{"line":1790,"column":103}},"679":{"start":{"line":1793,"column":4},"end":{"line":1805,"column":6}},"680":{"start":{"line":1794,"column":8},"end":{"line":1794,"column":32}},"681":{"start":{"line":1795,"column":8},"end":{"line":1795,"column":38}},"682":{"start":{"line":1796,"column":8},"end":{"line":1796,"column":41}},"683":{"start":{"line":1797,"column":8},"end":{"line":1797,"column":56}},"684":{"start":{"line":1798,"column":8},"end":{"line":1798,"column":42}},"685":{"start":{"line":1799,"column":8},"end":{"line":1799,"column":60}},"686":{"start":{"line":1800,"column":8},"end":{"line":1800,"column":39}},"687":{"start":{"line":1801,"column":8},"end":{"line":1801,"column":58}},"688":{"start":{"line":1802,"column":8},"end":{"line":1802,"column":38}},"689":{"start":{"line":1803,"column":8},"end":{"line":1803,"column":54}},"690":{"start":{"line":1804,"column":8},"end":{"line":1804,"column":32}},"691":{"start":{"line":1807,"column":4},"end":{"line":1855,"column":6}},"692":{"start":{"line":1809,"column":8},"end":{"line":1854,"column":9}},"693":{"start":{"line":1811,"column":12},"end":{"line":1820,"column":13}},"694":{"start":{"line":1812,"column":16},"end":{"line":1812,"column":40}},"695":{"start":{"line":1813,"column":16},"end":{"line":1813,"column":41}},"696":{"start":{"line":1814,"column":16},"end":{"line":1814,"column":49}},"697":{"start":{"line":1815,"column":16},"end":{"line":1815,"column":57}},"698":{"start":{"line":1816,"column":16},"end":{"l
[...]
{"line":1510,"type":"if","locations":[{"start":{"line":1510,"column":12},"end":{"line":1510,"column":12}},{"start":{"line":1510,"column":12},"end":{"line":1510,"column":12}}]},"176":{"line":1518,"type":"if","locations":[{"start":{"line":1518,"column":15},"end":{"line":1518,"column":15}},{"start":{"line":1518,"column":15},"end":{"line":1518,"column":15}}]},"177":{"line":1525,"type":"if","locations":[{"start":{"line":1525,"column":15},"end":{"line":1525,"column":15}},{"start":{"line":1525,"column":15},"end":{"line":1525,"column":15}}]},"178":{"line":1525,"type":"binary-expr","locations":[{"start":{"line":1525,"column":19},"end":{"line":1525,"column":40}},{"start":{"line":1525,"column":44},"end":{"line":1525,"column":66}},{"start":{"line":1525,"column":70},"end":{"line":1525,"column":86}}]},"179":{"line":1532,"type":"if","locations":[{"start":{"line":1532,"column":15},"end":{"line":1532,"column":15}},{"start":{"line":1532,"column":15},"end":{"line":1532,"column":15}}]},"180":{"line":1543,"type":"if","locations":[{"start":{"line":1543,"column":8},"end":{"line":1543,"column":8}},{"start":{"line":1543,"column":8},"end":{"line":1543,"column":8}}]},"181":{"line":1543,"type":"binary-expr","locations":[{"start":{"line":1543,"column":12},"end":{"line":1543,"column":23}},{"start":{"line":1543,"column":27},"end":{"line":1543,"column":42}}]},"182":{"line":1547,"type":"if","locations":[{"start":{"line":1547,"column":15},"end":{"line":1547,"column":15}},{"start":{"line":1547,"column":15},"end":{"line":1547,"column":15}}]},"183":{"line":1570,"type":"if","locations":[{"start":{"line":1570,"column":8},"end":{"line":1570,"column":8}},{"start":{"line":1570,"column":8},"end":{"line":1570,"column":8}}]},"184":{"line":1570,"type":"binary-expr","locations":[{"start":{"line":1570,"column":12},"end":{"line":1570,"column":27}},{"start":{"line":1570,"column":31},"end":{"line":1570,"column":59}}]},"185":{"line":1575,"type":"if","locations":[{"start":{"line":1575,"column":15},"end":{"line":1575,"column":15}},{"start":{"line":1575,"column":15},"end":{"line":1575,"column":15}}]},"186":{"line":1580,"type":"if","locations":[{"start":{"line":1580,"column":15},"end":{"line":1580,"column":15}},{"start":{"line":1580,"column":15},"end":{"line":1580,"column":15}}]},"187":{"line":1590,"type":"if","locations":[{"start":{"line":1590,"column":8},"end":{"line":1590,"column":8}},{"start":{"line":1590,"column":8},"end":{"line":1590,"column":8}}]},"188":{"line":1590,"type":"binary-expr","locations":[{"start":{"line":1590,"column":12},"end":{"line":1590,"column":29}},{"start":{"line":1590,"column":33},"end":{"line":1590,"column":63}}]},"189":{"line":1595,"type":"if","locations":[{"start":{"line":1595,"column":15},"end":{"line":1595,"column":15}},{"start":{"line":1595,"column":15},"end":{"line":1595,"column":15}}]},"190":{"line":1600,"type":"if","locations":[{"start":{"line":1600,"column":15},"end":{"line":1600,"column":15}},{"start":{"line":1600,"column":15},"end":{"line":1600,"column":15}}]},"191":{"line":1614,"type":"binary-expr","locations":[{"start":{"line":1614,"column":22},"end":{"line":1614,"column":40}},{"start":{"line":1614,"column":44},"end":{"line":1614,"column":81}}]},"192":{"line":1615,"type":"binary-expr","locations":[{"start":{"line":1615,"column":22},"end":{"line":1615,"column":40}},{"start":{"line":1615,"column":44},"end":{"line":1615,"column":81}}]},"193":{"line":1633,"type":"binary-expr","locations":[{"start":{"line":1633,"column":17},"end":{"line":1633,"column":35}},{"start":{"line":1633,"column":39},"end":{"line":1633,"column":46}}]},"194":{"line":1627,"type":"binary-expr","locations":[{"start":{"line":1627,"column":21},"end":{"line":1627,"column":39}},{"start":{"line":1627,"column":43},"end":{"line":1627,"column":50}}]},"195":{"line":1624,"type":"if","locations":[{"start":{"line":1624,"column":16},"end":{"line":1624,"column":16}},{"start":{"line":1624,"column":16},"end":{"line":1624,"column":16}}]},"196":{"line":1629,"type":"if","locations":[{"start":{"line":1629,"column":12},"end":{"line":1629,"column":12}},{"start":{"line":1629,"column":12},"end":{"line":1629,"column":12}}]},"197":{"line":1642,"type":"if","locations":[{"start":{"line":1642,"column":8},"end":{"line":1642,"column":8}},{"start":{"line":1642,"column":8},"end":{"line":1642,"column":8}}]},"198":{"line":1696,"type":"if","locations":[{"start":{"line":1696,"column":8},"end":{"line":1696,"column":8}},{"start":{"line":1696,"column":8},"end":{"line":1696,"column":8}}]},"199":{"line":1700,"type":"if","locations":[{"start":{"line":1700,"column":8},"end":{"line":1700,"column":8}},{"start":{"line":1700,"column":8},"end":{"line":1700,"column":8}}]},"200":{"line":1713,"type":"if","locations":[{"start":{"line":1713,"column":12},"end":{"line":1713,"column":12}},{"start":{"line":1713,"column":12},"end":{"line":1713,"column":12}}]},"201":{"line":1713,"type":"binary-expr","locations":[{"start":{"line":1713,"column":16},"end":{"line":1713,"column":28}},{"start":{"line":1713,"column":32},"end":{"line":1713,"column":46}}]},"202":{"line":1724,"type":"if","locations":[{"start":{"line":1724,"column":8},"end":{"line":1724,"column":8}},{"start":{"line":1724,"column":8},"end":{"line":1724,"column":8}}]},"203":{"line":1728,"type":"if","locations":[{"start":{"line":1728,"column":8},"end":{"line":1728,"column":8}},{"start":{"line":1728,"column":8},"end":{"line":1728,"column":8}}]},"204":{"line":1732,"type":"if","locations":[{"start":{"line":1732,"column":8},"end":{"line":1732,"column":8}},{"start":{"line":1732,"column":8},"end":{"line":1732,"column":8}}]},"205":{"line":1736,"type":"if","locations":[{"start":{"line":1736,"column":8},"end":{"line":1736,"column":8}},{"start":{"line":1736,"column":8},"end":{"line":1736,"column":8}}]},"206":{"line":1740,"type":"if","locations":[{"start":{"line":1740,"column":8},"end":{"line":1740,"column":8}},{"start":{"line":1740,"column":8},"end":{"line":1740,"column":8}}]},"207":{"line":1744,"type":"if","locations":[{"start":{"line":1744,"column":8},"end":{"line":1744,"column":8}},{"start":{"line":1744,"column":8},"end":{"line":1744,"column":8}}]},"208":{"line":1748,"type":"if","locations":[{"start":{"line":1748,"column":8},"end":{"line":1748,"column":8}},{"start":{"line":1748,"column":8},"end":{"line":1748,"column":8}}]},"209":{"line":1752,"type":"if","locations":[{"start":{"line":1752,"column":8},"end":{"line":1752,"column":8}},{"start":{"line":1752,"column":8},"end":{"line":1752,"column":8}}]},"210":{"line":1769,"type":"if","locations":[{"start":{"line":1769,"column":12},"end":{"line":1769,"column":12}},{"start":{"line":1769,"column":12},"end":{"line":1769,"column":12}}]},"211":{"line":1769,"type":"binary-expr","locations":[{"start":{"line":1769,"column":16},"end":{"line":1769,"column":28}},{"start":{"line":1769,"column":32},"end":{"line":1769,"column":46}}]},"212":{"line":1779,"type":"if","locations":[{"start":{"line":1779,"column":8},"end":{"line":1779,"column":8}},{"start":{"line":1779,"column":8},"end":{"line":1779,"column":8}}]},"213":{"line":1785,"type":"binary-expr","locations":[{"start":{"line":1785,"column":26},"end":{"line":1785,"column":41}},{"start":{"line":1785,"column":45},"end":{"line":1785,"column":47}}]},"214":{"line":1786,"type":"binary-expr","locations":[{"start":{"line":1786,"column":27},"end":{"line":1786,"column":43}},{"start":{"line":1786,"column":47},"end":{"line":1786,"column":49}}]},"215":{"line":1787,"type":"binary-expr","locations":[{"start":{"line":1787,"column":25},"end":{"line":1787,"column":39}},{"start":{"line":1787,"column":43},"end":{"line":1787,"column":45}}]},"216":{"line":1788,"type":"binary-expr","locations":[{"start":{"line":1788,"column":27},"end":{"line":1788,"column":43}},{"start":{"line":1788,"column":47},"end":{"line":1788,"column":59}}]},"217":{"line":1789,"type":"binary-expr","locations":[{"start":{"line":1789,"column":29},"end":{"line":1789,"column":47}},{"start":{"line":1789,"column":51},"end":{"line":1789,"column":56}}]},"218":{"line":1809,"type":"if","locations":[{"start":{"line":1809,"column":8},"end":{"line":1809,"column":8}},{"start":{"line":1809,"column":8},"end":{"line":1809,"column":8}}]},"219":{"line":1809,"type":"binary-expr","locations":[{"start":{"line":1809,"column":12},"end":{"line":1809,"column":33}},{"start":{"line":1809,"column":37},"end":{"line":1809,"column":61}}]},"220":{"line":1811,"type":"if","locations":[{"start":{"line":1811,"column":12},"end":{"line":1811,"column":12}},{"start":{"line":1811,"column":12},"end":{"line":1811,"column":12}}]},"221":{"line":1825,"type":"if","locations":[{"start":{"line":1825,"column":15},"end":{"line":1825,"column":15}},{"start":{"line":1825,"column":15},"end":{"line":1825,"column":15}}]},"222":{"line":1831,"type":"if","locations":[{"start":{"line":1831,"column":15},"end":{"line":1831,"column":15}},{"start":{"line":1831,"column":15},"end":{"line":1831,"column":15}}]},"223":{"line":1831,"type":"binary-expr","locations":[{"start":{"line":1831,"column":19},"end":{"line":1831,"column":40}},{"start":{"line":1831,"column":44},"end":{"line":1831,"column":66}},{"start":{"line":1831,"column":70},"end":{"line":1831,"column":86}}]},"224":{"line":1836,"type":"binary-expr","locations":[{"start":{"line":1836,"column":27},"end":{"line":1836,"column":47}},{"start":{"line":1837,"column":16},"end":{"line":1837,"column":42}},{"start":{"line":1838,"column":16},"end":{"line":1838,"column":39}},{"start":{"line":1839,"column":16},"end":{"line":1839,"column":37}},{"start":{"line":1840,"column":16},"end":{"line":1840,"column":38}},{"start":{"line":1841,"column":16},"end":{"line":1841,"column":20}}]},"225":{"line":1843,"type":"if","locations":[{"start":{"line":1843,"column":12},"end":{"line":1843,"column":12}},{"start":{"line":1843,"column":12},"end":{"line":1843,"column":12}}]},"226":{"line":1849,"type":"if","locations":[{"start":{"line":1849,"column":15},"end":{"line":1849,"column":15}},{"start":{"line":1849,"column":15},"end":{"line":1849,"column":15}}]},"227":{"line":1862,"type":"binary-expr","locations":[{"start":{"line":1862,"column":15},"end":{"line":1862,"column":23}},{"start":{"line":1862,"column":27},"end":{"line":1862,"column":28}}]},"228":{"line":1863,"type":"binary-expr","locations":[{"start":{"line":1863,"column":15},"end":{"line":1863,"column":23}},{"start":{"line":1863,"column":27},"end":{"line":1863,"column":28}}]},"229":{"line":1866,"type":"binary-expr","locations":[{"start":{"line":1866,"column":21},"end":{"line":1866,"column":29}},{"start":{"line":1866,"column":33},"end":{"line":1866,"column":65}}]},"230":{"line":1867,"type":"binary-expr","locations":[{"start":{"line":1867,"column":21},"end":{"line":1867,"column":29}},{"start":{"line":1867,"column":33},"end":{"line":1867,"column":66}}]},"231":{"line":1869,"type":"binary-expr","locations":[{"start":{"line":1869,"column":20},"end":{"line":1869,"column":32}},{"start":{"line":1869,"column":36},"end":{"line":1869,"column":37}}]},"232":{"line":1871,"type":"if","locations":[{"start":{"line":1871,"column":8},"end":{"line":1871,"column":8}},{"start":{"line":1871,"column":8},"end":{"line":1871,"column":8}}]},"233":{"line":1871,"type":"binary-expr","locations":[{"start":{"line":1871,"column":12},"end":{"line":1871,"column":25}},{"start":{"line":1871,"column":29},"end":{"line":1871,"column":46}}]},"234":{"line":1872,"type":"if","locations":[{"start":{"line":1872,"column":12},"end":{"line":1872,"column":12}},{"start":{"line":1872,"column":12},"end":{"line":1872,"column":12}}]},"235":{"line":1906,"type":"if","locations":[{"start":{"line":1906,"column":8},"end":{"line":1906,"column":8}},{"start":{"line":1906,"column":8},"end":{"line":1906,"column":8}}]},"236":{"line":1915,"type":"binary-expr","locations":[{"start":{"line":1915,"column":20},"end":{"line":1915,"column":48}},{"start":{"line":1916,"column":8},"end":{"line":1916,"column":42}},{"start":{"line":1917,"column":8},"end":{"line":1917,"column":39}},{"start":{"line":1918,"column":8},"end":{"line":1918,"column":37}},{"start":{"line":1919,"column":8},"end":{"line":1919,"column":38}},{"start":{"line":1920,"column":8},"end":{"line":1920,"column":12}}]},"237":{"line":1922,"type":"if","locations":[{"start":{"line":1922,"column":4},"end":{"line":1922,"column":4}},{"start":{"line":1922,"column":4},"end":{"line":1922,"column":4}}]},"238":{"line":1943,"type":"if","locations":[{"start":{"line":1943,"column":4},"end":{"line":1943,"column":4}},{"start":{"line":1943,"column":4},"end":{"line":1943,"column":4}}]},"239":{"line":1944,"type":"binary-expr","locations":[{"start":{"line":1944,"column":26},"end":{"line":1944,"column":53}},{"start":{"line":1945,"column":12},"end":{"line":1945,"column":45}},{"start":{"line":1946,"column":12},"end":{"line":1946,"column":42}},{"start":{"line":1947,"column":12},"end":{"line":1947,"column":40}},{"start":{"line":1948,"column":12},"end":{"line":1948,"column":41}},{"start":{"line":1949,"column":12},"end":{"line":1949,"column":16}}]},"240":{"line":1951,"type":"if","locations":[{"start":{"line":1951,"column":8},"end":{"line":1951,"column":8}},{"start":{"line":1951,"column":8},"end":{"line":1951,"column":8}}]},"241":{"line":1957,"type":"if","locations":[{"start":{"line":1957,"column":4},"end":{"line":1957,"column":4}},{"start":{"line":1957,"column":4},"end":{"line":1957,"column":4}}]},"242":{"line":2007,"type":"if","locations":[{"start":{"line":2007,"column":8},"end":{"line":2007,"column":8}},{"start":{"line":2007,"column":8},"end":{"line":2007,"column":8}}]},"243":{"line":2011,"type":"if","locations":[{"start":{"line":2011,"column":8},"end":{"line":2011,"column":8}},{"start":{"line":2011,"column":8},"end":{"line":2011,"column":8}}]},"244":{"line":2037,"type":"if","locations":[{"start":{"line":2037,"column":8},"end":{"line":2037,"column":8}},{"start":{"line":2037,"column":8},"end":{"line":2037,"column":8}}]},"245":{"line":2046,"type":"if","locations":[{"start":{"line":2046,"column":12},"end":{"line":2046,"column":12}},{"start":{"line":2046,"column":12},"end":{"line":2046,"column":12}}]},"246":{"line":2046,"type":"binary-expr","locations":[{"start":{"line":2046,"column":16},"end":{"line":2046,"column":24}},{"start":{"line":2046,"column":28},"end":{"line":2046,"column":44}}]},"247":{"line":2050,"type":"if","locations":[{"start":{"line":2050,"column":16},"end":{"line":2050,"column":16}},{"start":{"line":2050,"column":16},"end":{"line":2050,"column":16}}]},"248":{"line":2050,"type":"binary-expr","locations":[{"start":{"line":2050,"column":20},"end":{"line":2050,"column":33}},{"start":{"line":2050,"column":37},"end":{"line":2050,"column":63}}]},"249":{"line":2083,"type":"if","locations":[{"start":{"line":2083,"column":12},"end":{"line":2083,"column":12}},{"start":{"line":2083,"column":12},"end":{"line":2083,"column":12}}]},"250":{"line":2083,"type":"binary-expr","locations":[{"start":{"line":2083,"column":16},"end":{"line":2083,"column":18}},{"start":{"line":2083,"column":22},"end":{"line":2083,"column":24}}]},"251":{"line":2089,"type":"if","locations":[{"start":{"line":2089,"column":16},"end":{"line":2089,"column":16}},{"start":{"line":2089,"column":16},"end":{"line":2089,"column":16}}]},"252":{"line":2093,"type":"if","locations":[{"start":{"line":2093,"column":23},"end":{"line":2093,"column":23}},{"start":{"line":2093,"column":23},"end":{"line":2093,"column":23}}]},"253":{"line":2095,"type":"if","locations":[{"start":{"line":2095,"column":20},"end":{"line":2095,"column":20}},{"start":{"line":2095,"column":20},"end":{"line":2095,"column":20}}]},"254":{"line":2100,"type":"if","locations":[{"start":{"line":2100,"column":23},"end":{"line":2100,"column":23}},{"start":{"line":2100,"column":23},"end":{"line":2100,"column":23}}]},"255":{"line":2100,"type":"binary-expr","locations":[{"start":{"line":2100,"column":28},"end":{"line":2100,"column":45}},{"start":{"line":2101,"column":24},"end":{"line":2101,"column":46}},{"start":{"line":2101,"column":50},"end":{"line":2101,"column":72}},{"start":{"line":2101,"column":76},"end":{"line":2101,"column":99}}]},"256":{"line":2103,"type":"if","locations":[{"start":{"line":2103,"column":20},"end":{"line":2103,"column":20}},{"start":{"line":2103,"column":20},"end":{"line":2103,"column":20}}]},"257":{"line":2103,"type":"binary-expr","locations":[{"start":{"line":2103,"column":24},"end":{"line":2103,"column":47}},{"start":{"line":2103,"column":51},"end":{"line":2103,"column":80}}]},"258":{"line":2107,"type":"if","locations":[{"start":{"line":2107,"column":20},"end":{"line":2107,"column":20}},{"start":{"line":2107,"column":20},"end":{"line":2107,"column":20}}]},"259":{"line":2107,"type":"binary-expr","locations":[{"start":{"line":2107,"column":24},"end":{"line":2107,"column":46}},{"start":{"line":2107,"column":50},"end":{"line":2107,"column":79}}]},"260":{"line":2111,"type":"if","locations":[{"start":{"line":2111,"column":20},"end":{"line":2111,"column":20}},{"start":{"line":2111,"column":20},"end":{"line":2111,"column":20}}]},"261":{"line":2111,"type":"binary-expr","locations":[{"start":{"line":2111,"column":24},"end":{"line":2111,"column":47}},{"start":{"line":2111,"column":51},"end":{"line":2111,"column":80}}]},"262":{"line":2115,"type":"if","locations":[{"start":{"line":2115,"column":20},"end":{"line":2115,"column":20}},{"start":{"line":2115,"column":20},"end":{"line":2115,"column":20}}]},"263":{"line":2115,"type":"binary-expr","locations":[{"start":{"line":2115,"column":24},"end":{"line":2115,"column":46}},{"start":{"line":2115,"column":50},"end":{"line":2115,"column":79}}]},"264":{"line":2119,"type":"if","locations":[{"start":{"line":2119,"column":20},"end":{"line":2119,"column":20}},{"start":{"line":2119,"column":20},"end":{"line":2119,"column":20}}]},"265":{"line":2119,"type":"binary-expr","locations":[{"start":{"line":2119,"column":24},"end":{"line":2119,"column":47}},{"start":{"line":2119,"column":51},"end":{"line":2119,"column":81}}]},"266":{"line":2123,"type":"if","locations":[{"start":{"line":2123,"column":23},"end":{"line":2123,"column":23}},{"start":{"line":2123,"column":23},"end":{"line":2123,"column":23}}]},"267":{"line":2144,"type":"if","locations":[{"start":{"line":2144,"column":8},"end":{"line":2144,"column":8}},{"start":{"line":2144,"column":8},"end":{"line":2144,"column":8}}]},"268":{"line":2161,"type":"if","locations":[{"start":{"line":2161,"column":8},"end":{"line":2161,"column":8}},{"start":{"line":2161,"column":8},"end":{"line":2161,"column":8}}]},"269":{"line":2176,"type":"if","locations":[{"start":{"line":2176,"column":8},"end":{"line":2176,"column":8}},{"start":{"line":2176,"column":8},"end":{"line":2176,"column":8}}]},"270":{"line":2195,"type":"if","locations":[{"start":{"line":2195,"column":12},"end":{"line":2195,"column":12}},{"start":{"line":2195,"column":12},"end":{"line":2195,"column":12}}]},"271":{"line":2195,"type":"binary-expr","locations":[{"start":{"line":2195,"column":16},"end":{"line":2195,"column":24}},{"start":{"line":2195,"column":28},"end":{"line":2195,"column":38}}]},"272":{"line":2211,"type":"if","locations":[{"start":{"line":2211,"column":12},"end":{"line":2211,"column":12}},{"start":{"line":2211,"column":12},"end":{"line":2211,"column":12}}]},"273":{"line":2227,"type":"if","locations":[{"start":{"line":2227,"column":12},"end":{"line":2227,"column":12}},{"start":{"line":2227,"column":12},"end":{"line":2227,"column":12}}]},"274":{"line":2227,"type":"binary-expr","locations":[{"start":{"line":2227,"column":16},"end":{"line":2227,"column":25}},{"start":{"line":2228,"column":16},"end":{"line":2228,"column":32}},{"start":{"line":2229,"column":16},"end":{"line":2229,"column":25}},{"start":{"line":2230,"column":16},"end":{"line":2230,"column":32}}]},"275":{"line":2277,"type":"if","locations":[{"start":{"line":2277,"column":12},"end":{"line":2277,"column":12}},{"start":{"line":2277,"column":12},"end":{"line":2277,"column":12}}]},"276":{"line":2350,"type":"if","locations":[{"start":{"line":2350,"column":12},"end":{"line":2350,"column":12}},{"start":{"line":2350,"column":12},"end":{"line":2350,"column":12}}]}}}}