{"src/core.js":{"path":"src/core.js","s":{"1":1,"2":1,"3":1,"4":1,"5":127,"6":9,"7":9,"8":26,"9":9,"10":118,"11":118,"12":118,"13":88,"14":118,"15":118,"16":118,"17":324,"18":324,"19":113,"20":211,"21":211,"22":221,"23":221,"24":71,"25":71,"26":211,"27":140,"28":118,"29":1,"30":1,"31":282,"32":2,"33":2,"34":282,"35":282,"36":282,"37":5,"38":5,"39":5,"40":2,"41":5,"42":3,"43":5,"44":277,"45":282,"46":1,"47":22,"48":0,"49":22,"50":22,"51":22,"52":22,"53":22,"54":21,"55":22,"56":1,"57":176,"58":176,"59":176,"60":176,"61":176,"62":176,"63":1,"64":7,"65":7,"66":28,"67":5,"68":7,"69":17,"70":5,"71":7,"72":7,"73":7,"74":2,"75":4,"76":1,"77":1,"78":71,"79":3,"80":68,"81":68,"82":68,"83":68,"84":68,"85":68,"86":210,"87":654,"88":24,"89":24,"90":68,"91":68,"92":1,"93":92,"94":125,"95":125,"96":85,"97":7,"98":7,"99":78,"100":0,"101":118,"102":118,"103":118,"104":94,"105":1,"106":2,"107":1,"108":3,"109":3,"110":4,"111":1,"112":1,"113":0,"114":1,"115":1,"116":2,"117":2,"118":2,"119":4,"120":4,"121":2},"b":{"1":[9,118],"2":[88,30],"3":[113,211],"4":[324,194],"5":[71,150],"6":[221,140],"7":[140,71],"8":[2,280],"9":[282,75,7],"10":[2,2],"11":[257,25],"12":[5,277],"13":[282,75,5,5],"14":[2,3],"15":[3,2],"16":[0,22],"17":[22,22],"18":[22,0],"19":[21,1],"20":[5,23],"21":[5,12],"22":[2,5],"23":[7,2],"24":[1,3],"25":[3,68],"26":[71,71,68,68,68],"27":[24,630],"28":[654,56],"29":[85,40],"30":[7,78],"31":[0,78],"32":[118,5],"33":[118,5],"34":[94,24],"35":[118,100,98,94],"36":[1,1],"37":[1,0],"38":[0,1],"39":[1,1,1,1]},"f":{"1":1,"2":127,"3":282,"4":22,"5":176,"6":7,"7":71,"8":92,"9":2},"fnMap":{"1":{"name":"(anonymous_1)","line":8,"loc":{"start":{"line":8,"column":1},"end":{"line":8,"column":11}}},"2":{"name":"(anonymous_2)","line":24,"loc":{"start":{"line":24,"column":9},"end":{"line":24,"column":27}}},"3":{"name":"(anonymous_3)","line":92,"loc":{"start":{"line":92,"column":13},"end":{"line":92,"column":34}}},"4":{"name":"(anonymous_4)","line":128,"loc":{"start":{"line":128,"column":13},"end":{"line":128,"column":46}}},"5":{"name":"(anonymous_5)","line":153,"loc":{"start":{"line":153,"column":15},"end":{"line":153,"column":26}}},"6":{"name":"(anonymous_6)","line":167,"loc":{"start":{"line":167,"column":16},"end":{"line":167,"column":28}}},"7":{"name":"(anonymous_7)","line":196,"loc":{"start":{"line":196,"column":20},"end":{"line":196,"column":35}}},"8":{"name":"(anonymous_8)","line":227,"loc":{"start":{"line":227,"column":37},"end":{"line":227,"column":62}}},"9":{"name":"(anonymous_9)","line":257,"loc":{"start":{"line":257,"column":15},"end":{"line":257,"column":67}}}},"statementMap":{"1":{"start":{"line":6,"column":0},"end":{"line":6,"column":7}},"2":{"start":{"line":8,"column":0},"end":{"line":303,"column":5}},"3":{"start":{"line":10,"column":4},"end":{"line":14,"column":24}},"4":{"start":{"line":24,"column":4},"end":{"line":77,"column":6}},"5":{"start":{"line":26,"column":8},"end":{"line":33,"column":9}},"6":{"start":{"line":27,"column":12},"end":{"line":27,"column":29}},"7":{"start":{"line":28,"column":12},"end":{"line":30,"column":13}},"8":{"start":{"line":29,"column":16},"end":{"line":29,"column":44}},"9":{"start":{"line":32,"column":12},"end":{"line":32,"column":54}},"10":{"start":{"line":35,"column":8},"end":{"line":35,"column":15}},"11":{"start":{"line":37,"column":8},"end":{"line":37,"column":54}},"12":{"start":{"line":39,"column":8},"end":{"line":41,"column":9}},"13":{"start":{"line":40,"column":12},"end":{"line":40,"column":28}},"14":{"start":{"line":43,"column":8},"end":{"line":43,"column":71}},"15":{"start":{"line":45,"column":8},"end":{"line":45,"column":27}},"16":{"start":{"line":47,"column":8},"end":{"line":72,"column":9}},"17":{"start":{"line":48,"column":12},"end":{"line":48,"column":34}},"18":{"start":{"line":50,"column":12},"end":{"line":53,"column":13}},"19":{"start":{"line":52,"column":16},"end":{"line":52,"column":25}},"20":{"start":{"line":55,"column":12},"end":{"line":55,"column":27}},"21":{"start":{"line":57,"column":12},"end":{"line":66,"column":13}},"22":{"start":{"line":58,"column":16},"end":{"line":58,"column":35}},"23":{"start":{"line":60,"column":16},"end":{"line":65,"column":17}},"24":{"start":{"line":62,"column":20},"end":{"line":62,"column":32}},"25":{"start":{"line":63,"column":20},"end":{"line":63,"column":26}},"26":{"start":{"line":68,"column":12},"end":{"line":70,"column":13}},"27":{"start":{"line":69,"column":16},"end":{"line":69,"column":34}},"28":{"start":{"line":75,"column":8},"end":{"line":75,"column":52}},"29":{"start":{"line":81,"column":4},"end":{"line":81,"column":20}},"30":{"start":{"line":92,"column":4},"end":{"line":120,"column":6}},"31":{"start":{"line":94,"column":8},"end":{"line":97,"column":9}},"32":{"start":{"line":95,"column":12},"end":{"line":95,"column":29}},"33":{"start":{"line":96,"column":12},"end":{"line":96,"column":82}},"34":{"start":{"line":99,"column":8},"end":{"line":99,"column":47}},"35":{"start":{"line":100,"column":8},"end":{"line":100,"column":71}},"36":{"start":{"line":102,"column":8},"end":{"line":117,"column":9}},"37":{"start":{"line":103,"column":12},"end":{"line":103,"column":53}},"38":{"start":{"line":104,"column":12},"end":{"line":104,"column":53}},"39":{"start":{"line":106,"column":12},"end":{"line":108,"column":13}},"40":{"start":{"line":107,"column":16},"end":{"line":107,"column":38}},"41":{"start":{"line":110,"column":12},"end":{"line":112,"column":13}},"42":{"start":{"line":111,"column":16},"end":{"line":111,"column":42}},"43":{"start":{"line":114,"column":12},"end":{"line":114,"column":47}},"44":{"start":{"line":116,"column":12},"end":{"line":116,"column":42}},"45":{"start":{"line":119,"column":8},"end":{"line":119,"column":23}},"46":{"start":{"line":128,"column":4},"end":{"line":148,"column":6}},"47":{"start":{"line":129,"column":8},"end":{"line":131,"column":9}},"48":{"start":{"line":130,"column":12},"end":{"line":130,"column":19}},"49":{"start":{"line":133,"column":8},"end":{"line":133,"column":44}},"50":{"start":{"line":135,"column":8},"end":{"line":147,"column":9}},"51":{"start":{"line":136,"column":12},"end":{"line":136,"column":31}},"52":{"start":{"line":138,"column":12},"end":{"line":146,"column":13}},"53":{"start":{"line":139,"column":16},"end":{"line":143,"column":17}},"54":{"start":{"line":140,"column":20},"end":{"line":142,"column":22}},"55":{"start":{"line":145,"column":16},"end":{"line":145,"column":61}},"56":{"start":{"line":153,"column":4},"end":{"line":162,"column":6}},"57":{"start":{"line":155,"column":8},"end":{"line":155,"column":24}},"58":{"start":{"line":156,"column":8},"end":{"line":156,"column":24}},"59":{"start":{"line":157,"column":8},"end":{"line":157,"column":25}},"60":{"start":{"line":158,"column":8},"end":{"line":158,"column":26}},"61":{"start":{"line":159,"column":8},"end":{"line":159,"column":29}},"62":{"start":{"line":160,"column":8},"end":{"line":160,"column":25}},"63":{"start":{"line":167,"column":4},"end":{"line":194,"column":6}},"64":{"start":{"line":169,"column":8},"end":{"line":169,"column":29}},"65":{"start":{"line":171,"column":8},"end":{"line":175,"column":9}},"66":{"start":{"line":172,"column":12},"end":{"line":174,"column":13}},"67":{"start":{"line":173,"column":16},"end":{"line":173,"column":37}},"68":{"start":{"line":177,"column":8},"end":{"line":181,"column":9}},"69":{"start":{"line":178,"column":12},"end":{"line":180,"column":13}},"70":{"start":{"line":179,"column":16},"end":{"line":179,"column":42}},"71":{"start":{"line":183,"column":8},"end":{"line":183,"column":44}},"72":{"start":{"line":184,"column":8},"end":{"line":184,"column":44}},"73":{"start":{"line":186,"column":8},"end":{"line":192,"column":9}},"74":{"start":{"line":187,"column":12},"end":{"line":191,"column":13}},"75":{"start":{"line":188,"column":16},"end":{"line":190,"column":17}},"76":{"start":{"line":189,"column":20},"end":{"line":189,"column":51}},"77":{"start":{"line":196,"column":4},"end":{"line":225,"column":6}},"78":{"start":{"line":198,"column":8},"end":{"line":200,"column":9}},"79":{"start":{"line":199,"column":12},"end":{"line":199,"column":24}},"80":{"start":{"line":202,"column":8},"end":{"line":202,"column":27}},"81":{"start":{"line":205,"column":8},"end":{"line":205,"column":53}},"82":{"start":{"line":206,"column":8},"end":{"line":206,"column":53}},"83":{"start":{"line":207,"column":8},"end":{"line":207,"column":62}},"84":{"start":{"line":208,"column":8},"end":{"line":208,"column":62}},"85":{"start":{"line":210,"column":8},"end":{"line":218,"column":9}},"86":{"start":{"line":211,"column":12},"end":{"line":217,"column":13}},"87":{"start":{"line":212,"column":16},"end":{"line":216,"column":17}},"88":{"start":{"line":213,"column":20},"end":{"line":213,"column":49}},"89":{"start":{"line":215,"column":20},"end":{"line":215,"column":67}},"90":{"start":{"line":221,"column":8},"end":{"line":221,"column":69}},"91":{"start":{"line":223,"column":8},"end":{"line":223,"column":73}},"92":{"start":{"line":227,"column":4},"end":{"line":255,"column":6}},"93":{"start":{"line":229,"column":8},"end":{"line":253,"column":9}},"94":{"start":{"line":230,"column":12},"end":{"line":230,"column":29}},"95":{"start":{"line":232,"column":12},"end":{"line":241,"column":13}},"96":{"start":{"line":234,"column":16},"end":{"line":239,"column":17}},"97":{"start":{"line":235,"column":20},"end":{"line":235,"column":32}},"98":{"start":{"line":236,"column":20},"end":{"line":236,"column":29}},"99":{"start":{"line":237,"column":23},"end":{"line":239,"column":17}},"100":{"start":{"line":238,"column":20},"end":{"line":238,"column":29}},"101":{"start":{"line":243,"column":12},"end":{"line":243,"column":30}},"102":{"start":{"line":244,"column":12},"end":{"line":244,"column":30}},"103":{"start":{"line":246,"column":12},"end":{"line":252,"column":13}},"104":{"start":{"line":251,"column":16},"end":{"line":251,"column":28}},"105":{"start":{"line":257,"column":4},"end":{"line":301,"column":6}},"106":{"start":{"line":259,"column":8},"end":{"line":299,"column":9}},"107":{"start":{"line":261,"column":12},"end":{"line":267,"column":13}},"108":{"start":{"line":262,"column":16},"end":{"line":262,"column":49}},"109":{"start":{"line":264,"column":16},"end":{"line":266,"column":17}},"110":{"start":{"line":265,"column":20},"end":{"line":265,"column":46}},"111":{"start":{"line":269,"column":15},"end":{"line":299,"column":9}},"112":{"start":{"line":271,"column":12},"end":{"line":277,"column":13}},"113":{"start":{"line":276,"column":16},"end":{"line":276,"column":23}},"114":{"start":{"line":279,"column":12},"end":{"line":279,"column":27}},"115":{"start":{"line":280,"column":12},"end":{"line":297,"column":13}},"116":{"start":{"line":281,"column":16},"end":{"line":281,"column":42}},"117":{"start":{"line":282,"column":16},"end":{"line":282,"column":31}},"118":{"start":{"line":284,"column":16},"end":{"line":294,"column":17}},"119":{"start":{"line":286,"column":20},"end":{"line":291,"column":23}},"120":{"start":{"line":293,"column":20},"end":{"line":293,"column":31}},"121":{"start":{"line":296,"column":16},"end":{"line":296,"column":27}}},"branchMap":{"1":{"line":26,"type":"if","locations":[{"start":{"line":26,"column":8},"end":{"line":26,"column":8}},{"start":{"line":26,"column":8},"end":{"line":26,"column":8}}]},"2":{"line":39,"type":"if","locations":[{"start":{"line":39,"column":8},"end":{"line":39,"column":8}},{"start":{"line":39,"column":8},"end":{"line":39,"column":8}}]},"3":{"line":50,"type":"if","locations":[{"start":{"line":50,"column":12},"end":{"line":50,"column":12}},{"start":{"line":50,"column":12},"end":{"line":50,"column":12}}]},"4":{"line":50,"type":"binary-expr","locations":[{"start":{"line":50,"column":16},"end":{"line":50,"column":18}},{"start":{"line":50,"column":22},"end":{"line":50,"column":32}}]},"5":{"line":60,"type":"if","locations":[{"start":{"line":60,"column":16},"end":{"line":60,"column":16}},{"start":{"line":60,"column":16},"end":{"line":60,"column":16}}]},"6":{"line":60,"type":"binary-expr","locations":[{"start":{"line":60,"column":20},"end":{"line":60,"column":28}},{"start":{"line":60,"column":32},"end":{"line":60,"column":45}}]},"7":{"line":68,"type":"if","locations":[{"start":{"line":68,"column":12},"end":{"line":68,"column":12}},{"start":{"line":68,"column":12},"end":{"line":68,"column":12}}]},"8":{"line":94,"type":"if","locations":[{"start":{"line":94,"column":8},"end":{"line":94,"column":8}},{"start":{"line":94,"column":8},"end":{"line":94,"column":8}}]},"9":{"line":94,"type":"binary-expr","locations":[{"start":{"line":94,"column":12},"end":{"line":94,"column":16}},{"start":{"line":94,"column":20},"end":{"line":94,"column":38}},{"start":{"line":94,"column":42},"end":{"line":94,"column":60}}]},"10":{"line":96,"type":"binary-expr","locations":[{"start":{"line":96,"column":12},"end":{"line":96,"column":19}},{"start":{"line":96,"column":23},"end":{"line":96,"column":81}}]},"11":{"line":100,"type":"cond-expr","locations":[{"start":{"line":100,"column":32},"end":{"line":100,"column":42}},{"start":{"line":100,"column":45},"end":{"line":100,"column":59}}]},"12":{"line":102,"type":"if","locations":[{"start":{"line":102,"column":8},"end":{"line":102,"column":8}},{"start":{"line":102,"column":8},"end":{"line":102,"column":8}}]},"13":{"line":102,"type":"binary-expr","locations":[{"start":{"line":102,"column":12},"end":{"line":102,"column":16}},{"start":{"line":102,"column":20},"end":{"line":102,"column":38}},{"start":{"line":102,"column":42},"end":{"line":102,"column":65}},{"start":{"line":102,"column":69},"end":{"line":102,"column":92}}]},"14":{"line":106,"type":"if","locations":[{"start":{"line":106,"column":12},"end":{"line":106,"column":12}},{"start":{"line":106,"column":12},"end":{"line":106,"column":12}}]},"15":{"line":110,"type":"if","locations":[{"start":{"line":110,"column":12},"end":{"line":110,"column":12}},{"start":{"line":110,"column":12},"end":{"line":110,"column":12}}]},"16":{"line":129,"type":"if","locations":[{"start":{"line":129,"column":8},"end":{"line":129,"column":8}},{"start":{"line":129,"column":8},"end":{"line":129,"column":8}}]},"17":{"line":129,"type":"binary-expr","locations":[{"start":{"line":129,"column":12},"end":{"line":129,"column":36}},{"start":{"line":129,"column":40},"end":{"line":129,"column":67}}]},"18":{"line":138,"type":"if","locations":[{"start":{"line":138,"column":12},"end":{"line":138,"column":12}},{"start":{"line":138,"column":12},"end":{"line":138,"column":12}}]},"19":{"line":139,"type":"if","locations":[{"start":{"line":139,"column":16},"end":{"line":139,"column":16}},{"start":{"line":139,"column":16},"end":{"line":139,"column":16}}]},"20":{"line":172,"type":"if","locations":[{"start":{"line":172,"column":12},"end":{"line":172,"column":12}},{"start":{"line":172,"column":12},"end":{"line":172,"column":12}}]},"21":{"line":178,"type":"if","locations":[{"start":{"line":178,"column":12},"end":{"line":178,"column":12}},{"start":{"line":178,"column":12},"end":{"line":178,"column":12}}]},"22":{"line":186,"type":"if","locations":[{"start":{"line":186,"column":8},"end":{"line":186,"column":8}},{"start":{"line":186,"column":8},"end":{"line":186,"column":8}}]},"23":{"line":186,"type":"binary-expr","locations":[{"start":{"line":186,"column":12},"end":{"line":186,"column":28}},{"start":{"line":186,"column":32},"end":{"line":186,"column":52}}]},"24":{"line":188,"type":"if","locations":[{"start":{"line":188,"column":16},"end":{"line":188,"column":16}},{"start":{"line":188,"column":16},"end":{"line":188,"column":16}}]},"25":{"line":198,"type":"if","locations":[{"start":{"line":198,"column":8},"end":{"line":198,"column":8}},{"start":{"line":198,"column":8},"end":{"line":198,"column":8}}]},"26":{"line":198,"type":"binary-expr","locations":[{"start":{"line":198,"column":12},"end":{"line":198,"column":24}},{"start":{"line":198,"column":28},"end":{"line":198,"column":48}},{"start":{"line":198,"column":52},"end":{"line":198,"column":72}},{"start":{"line":198,"column":76},"end":{"line":198,"column":96}},{"start":{"line":198,"column":100},"end":{"line":198,"column":119}}]},"27":{"line":212,"type":"if","locations":[{"start":{"line":212,"column":16},"end":{"line":212,"column":16}},{"start":{"line":212,"column":16},"end":{"line":212,"column":16}}]},"28":{"line":212,"type":"binary-expr","locations":[{"start":{"line":212,"column":20},"end":{"line":212,"column":36}},{"start":{"line":212,"column":40},"end":{"line":212,"column":60}}]},"29":{"line":232,"type":"if","locations":[{"start":{"line":232,"column":12},"end":{"line":232,"column":12}},{"start":{"line":232,"column":12},"end":{"line":232,"column":12}}]},"30":{"line":234,"type":"if","locations":[{"start":{"line":234,"column":16},"end":{"line":234,"column":16}},{"start":{"line":234,"column":16},"end":{"line":234,"column":16}}]},"31":{"line":237,"type":"if","locations":[{"start":{"line":237,"column":23},"end":{"line":237,"column":23}},{"start":{"line":237,"column":23},"end":{"line":237,"column":23}}]},"32":{"line":243,"type":"binary-expr","locations":[{"start":{"line":243,"column":20},"end":{"line":243,"column":24}},{"start":{"line":243,"column":28},"end":{"line":243,"column":29}}]},"33":{"line":244,"type":"binary-expr","locations":[{"start":{"line":244,"column":20},"end":{"line":244,"column":24}},{"start":{"line":244,"column":28},"end":{"line":244,"column":29}}]},"34":{"line":246,"type":"if","locations":[{"start":{"line":246,"column":12},"end":{"line":246,"column":12}},{"start":{"line":246,"column":12},"end":{"line":246,"column":12}}]},"35":{"line":246,"type":"binary-expr","locations":[{"start":{"line":246,"column":18},"end":{"line":246,"column":40}},{"start":{"line":247,"column":19},"end":{"line":247,"column":36}},{"start":{"line":248,"column":19},"end":{"line":248,"column":41}},{"start":{"line":249,"column":19},"end":{"line":249,"column":36}}]},"36":{"line":259,"type":"if","locations":[{"start":{"line":259,"column":8},"end":{"line":259,"column":8}},{"start":{"line":259,"column":8},"end":{"line":259,"column":8}}]},"37":{"line":269,"type":"if","locations":[{"start":{"line":269,"column":15},"end":{"line":269,"column":15}},{"start":{"line":269,"column":15},"end":{"line":269,"column":15}}]},"38":{"line":271,"type":"if","locations":[{"start":{"line":271,"column":12},"end":{"line":271,"column":12}},{"start":{"line":271,"column":12},"end":{"line":271,"column":12}}]},"39":{"line":271,"type":"binary-expr","locations":[{"start":{"line":271,"column":16},"end":{"line":271,"column":36}},{"start":{"line":272,"column":16},"end":{"line":272,"column":36}},{"start":{"line":273,"column":17},"end":{"line":273,"column":36}},{"start":{"line":274,"column":17},"end":{"line":274,"column":36}}]}}},"src/event.js":{"path":"src/event.js","s":{"1":1,"2":283,"3":283,"4":1698,"5":1698,"6":1698,"7":1698,"8":1698,"9":1270,"10":1698,"11":1271,"12":1698,"13":1697,"14":1698,"15":31,"16":283,"17":80,"18":80,"19":80,"20":80,"21":69,"22":18,"23":12,"24":9,"25":9,"26":7,"27":6,"28":5,"29":51,"30":39,"31":36,"32":36,"33":31,"34":12,"35":11,"36":11,"37":5,"38":8,"39":4,"40":2,"41":6,"42":8,"43":283,"44":339,"45":1,"46":338,"47":338,"48":338,"49":338,"50":338,"51":265,"52":265,"53":284,"54":338,"55":273,"56":229,"57":230,"58":44,"59":35,"60":283,"61":176,"62":1},"b":{"1":[1698,1608],"2":[1698,0],"3":[1698,1698],"4":[1270,428],"5":[1271,427],"6":[1697,1],"7":[80,51],"8":[69,11],"9":[80,69],"10":[18,51],"11":[12,6],"12":[9,3],"13":[12,11],"14":[7,2],"15":[5,1],"16":[39,12],"17":[31,5],"18":[11,0],"19":[5,6],"20":[2,2],"21":[1,338],"22":[339,57],"23":[338,286],"24":[273,65],"25":[229,44],"26":[35,9],"27":[44,44]},"f":{"1":283,"2":1698,"3":31,"4":80,"5":339,"6":265,"7":176},"fnMap":{"1":{"name":"(anonymous_1)","line":9,"loc":{"start":{"line":9,"column":30},"end":{"line":9,"column":60}}},"2":{"name":"(anonymous_2)","line":21,"loc":{"start":{"line":21,"column":17},"end":{"line":21,"column":44}}},"3":{"name":"(anonymous_3)","line":43,"loc":{"start":{"line":43,"column":20},"end":{"line":43,"column":30}}},"4":{"name":"(anonymous_4)","line":59,"loc":{"start":{"line":59,"column":19},"end":{"line":59,"column":46}}},"5":{"name":"(anonymous_5)","line":128,"loc":{"start":{"line":128,"column":20},"end":{"line":128,"column":39}}},"6":{"name":"(anonymous_6)","line":140,"loc":{"start":{"line":140,"column":28},"end":{"line":140,"column":39}}},"7":{"name":"(anonymous_7)","line":163,"loc":{"start":{"line":163,"column":24},"end":{"line":163,"column":34}}}},"statementMap":{"1":{"start":{"line":9,"column":0},"end":{"line":167,"column":2}},"2":{"start":{"line":11,"column":4},"end":{"line":11,"column":20}},"3":{"start":{"line":21,"column":4},"end":{"line":48,"column":6}},"4":{"start":{"line":23,"column":8},"end":{"line":23,"column":51}},"5":{"start":{"line":24,"column":8},"end":{"line":24,"column":41}},"6":{"start":{"line":25,"column":8},"end":{"line":25,"column":53}},"7":{"start":{"line":27,"column":8},"end":{"line":40,"column":9}},"8":{"start":{"line":29,"column":12},"end":{"line":31,"column":13}},"9":{"start":{"line":30,"column":16},"end":{"line":30,"column":37}},"10":{"start":{"line":33,"column":12},"end":{"line":35,"column":13}},"11":{"start":{"line":34,"column":16},"end":{"line":34,"column":48}},"12":{"start":{"line":37,"column":12},"end":{"line":39,"column":13}},"13":{"start":{"line":38,"column":16},"end":{"line":38,"column":56}},"14":{"start":{"line":42,"column":8},"end":{"line":46,"column":10}},"15":{"start":{"line":44,"column":16},"end":{"line":44,"column":48}},"16":{"start":{"line":59,"column":4},"end":{"line":119,"column":6}},"17":{"start":{"line":61,"column":8},"end":{"line":61,"column":51}},"18":{"start":{"line":62,"column":8},"end":{"line":62,"column":41}},"19":{"start":{"line":63,"column":8},"end":{"line":63,"column":53}},"20":{"start":{"line":65,"column":8},"end":{"line":117,"column":9}},"21":{"start":{"line":66,"column":12},"end":{"line":97,"column":13}},"22":{"start":{"line":67,"column":16},"end":{"line":82,"column":17}},"23":{"start":{"line":69,"column":20},"end":{"line":75,"column":21}},"24":{"start":{"line":70,"column":24},"end":{"line":74,"column":25}},"25":{"start":{"line":71,"column":28},"end":{"line":73,"column":29}},"26":{"start":{"line":72,"column":32},"end":{"line":72,"column":72}},"27":{"start":{"line":79,"column":20},"end":{"line":81,"column":21}},"28":{"start":{"line":80,"column":24},"end":{"line":80,"column":58}},"29":{"start":{"line":83,"column":19},"end":{"line":97,"column":13}},"30":{"start":{"line":85,"column":16},"end":{"line":93,"column":17}},"31":{"start":{"line":87,"column":20},"end":{"line":91,"column":21}},"32":{"start":{"line":88,"column":24},"end":{"line":90,"column":25}},"33":{"start":{"line":89,"column":28},"end":{"line":89,"column":60}},"34":{"start":{"line":96,"column":16},"end":{"line":96,"column":39}},"35":{"start":{"line":98,"column":15},"end":{"line":117,"column":9}},"36":{"start":{"line":99,"column":12},"end":{"line":116,"column":13}},"37":{"start":{"line":101,"column":16},"end":{"line":109,"column":17}},"38":{"start":{"line":103,"column":20},"end":{"line":107,"column":21}},"39":{"start":{"line":104,"column":24},"end":{"line":106,"column":25}},"40":{"start":{"line":105,"column":28},"end":{"line":105,"column":62}},"41":{"start":{"line":113,"column":16},"end":{"line":115,"column":17}},"42":{"start":{"line":114,"column":20},"end":{"line":114,"column":48}},"43":{"start":{"line":128,"column":4},"end":{"line":161,"column":6}},"44":{"start":{"line":130,"column":8},"end":{"line":132,"column":9}},"45":{"start":{"line":131,"column":12},"end":{"line":131,"column":19}},"46":{"start":{"line":134,"column":8},"end":{"line":134,"column":51}},"47":{"start":{"line":135,"column":8},"end":{"line":135,"column":41}},"48":{"start":{"line":136,"column":8},"end":{"line":136,"column":53}},"49":{"start":{"line":138,"column":8},"end":{"line":138,"column":48}},"50":{"start":{"line":140,"column":8},"end":{"line":146,"column":10}},"51":{"start":{"line":141,"column":12},"end":{"line":141,"column":39}},"52":{"start":{"line":143,"column":12},"end":{"line":145,"column":13}},"53":{"start":{"line":144,"column":16},"end":{"line":144,"column":40}},"54":{"start":{"line":148,"column":8},"end":{"line":158,"column":9}},"55":{"start":{"line":150,"column":12},"end":{"line":156,"column":13}},"56":{"start":{"line":151,"column":16},"end":{"line":153,"column":17}},"57":{"start":{"line":152,"column":20},"end":{"line":152,"column":37}},"58":{"start":{"line":154,"column":19},"end":{"line":156,"column":13}},"59":{"start":{"line":155,"column":16},"end":{"line":155,"column":41}},"60":{"start":{"line":163,"column":4},"end":{"line":165,"column":6}},"61":{"start":{"line":164,"column":8},"end":{"line":164,"column":20}},"62":{"start":{"line":169,"column":0},"end":{"line":169,"column":28}}},"branchMap":{"1":{"line":25,"type":"binary-expr","locations":[{"start":{"line":25,"column":24},"end":{"line":25,"column":42}},{"start":{"line":25,"column":46},"end":{"line":25,"column":52}}]},"2":{"line":27,"type":"if","locations":[{"start":{"line":27,"column":8},"end":{"line":27,"column":8}},{"start":{"line":27,"column":8},"end":{"line":27,"column":8}}]},"3":{"line":27,"type":"binary-expr","locations":[{"start":{"line":27,"column":12},"end":{"line":27,"column":19}},{"start":{"line":27,"column":23},"end":{"line":27,"column":37}}]},"4":{"line":29,"type":"if","locations":[{"start":{"line":29,"column":12},"end":{"line":29,"column":12}},{"start":{"line":29,"column":12},"end":{"line":29,"column":12}}]},"5":{"line":33,"type":"if","locations":[{"start":{"line":33,"column":12},"end":{"line":33,"column":12}},{"start":{"line":33,"column":12},"end":{"line":33,"column":12}}]},"6":{"line":37,"type":"if","locations":[{"start":{"line":37,"column":12},"end":{"line":37,"column":12}},{"start":{"line":37,"column":12},"end":{"line":37,"column":12}}]},"7":{"line":63,"type":"binary-expr","locations":[{"start":{"line":63,"column":24},"end":{"line":63,"column":42}},{"start":{"line":63,"column":46},"end":{"line":63,"column":52}}]},"8":{"line":65,"type":"if","locations":[{"start":{"line":65,"column":8},"end":{"line":65,"column":8}},{"start":{"line":65,"column":8},"end":{"line":65,"column":8}}]},"9":{"line":65,"type":"binary-expr","locations":[{"start":{"line":65,"column":12},"end":{"line":65,"column":19}},{"start":{"line":65,"column":23},"end":{"line":65,"column":37}}]},"10":{"line":66,"type":"if","locations":[{"start":{"line":66,"column":12},"end":{"line":66,"column":12}},{"start":{"line":66,"column":12},"end":{"line":66,"column":12}}]},"11":{"line":67,"type":"if","locations":[{"start":{"line":67,"column":16},"end":{"line":67,"column":16}},{"start":{"line":67,"column":16},"end":{"line":67,"column":16}}]},"12":{"line":69,"type":"if","locations":[{"start":{"line":69,"column":20},"end":{"line":69,"column":20}},{"start":{"line":69,"column":20},"end":{"line":69,"column":20}}]},"13":{"line":69,"type":"binary-expr","locations":[{"start":{"line":69,"column":24},"end":{"line":69,"column":39}},{"start":{"line":69,"column":43},"end":{"line":69,"column":69}}]},"14":{"line":71,"type":"if","locations":[{"start":{"line":71,"column":28},"end":{"line":71,"column":28}},{"start":{"line":71,"column":28},"end":{"line":71,"column":28}}]},"15":{"line":79,"type":"if","locations":[{"start":{"line":79,"column":20},"end":{"line":79,"column":20}},{"start":{"line":79,"column":20},"end":{"line":79,"column":20}}]},"16":{"line":83,"type":"if","locations":[{"start":{"line":83,"column":19},"end":{"line":83,"column":19}},{"start":{"line":83,"column":19},"end":{"line":83,"column":19}}]},"17":{"line":88,"type":"if","locations":[{"start":{"line":88,"column":24},"end":{"line":88,"column":24}},{"start":{"line":88,"column":24},"end":{"line":88,"column":24}}]},"18":{"line":98,"type":"if","locations":[{"start":{"line":98,"column":15},"end":{"line":98,"column":15}},{"start":{"line":98,"column":15},"end":{"line":98,"column":15}}]},"19":{"line":99,"type":"if","locations":[{"start":{"line":99,"column":12},"end":{"line":99,"column":12}},{"start":{"line":99,"column":12},"end":{"line":99,"column":12}}]},"20":{"line":104,"type":"if","locations":[{"start":{"line":104,"column":24},"end":{"line":104,"column":24}},{"start":{"line":104,"column":24},"end":{"line":104,"column":24}}]},"21":{"line":130,"type":"if","locations":[{"start":{"line":130,"column":8},"end":{"line":130,"column":8}},{"start":{"line":130,"column":8},"end":{"line":130,"column":8}}]},"22":{"line":130,"type":"binary-expr","locations":[{"start":{"line":130,"column":12},"end":{"line":130,"column":25}},{"start":{"line":130,"column":29},"end":{"line":130,"column":45}}]},"23":{"line":136,"type":"binary-expr","locations":[{"start":{"line":136,"column":24},"end":{"line":136,"column":42}},{"start":{"line":136,"column":46},"end":{"line":136,"column":52}}]},"24":{"line":148,"type":"if","locations":[{"start":{"line":148,"column":8},"end":{"line":148,"column":8}},{"start":{"line":148,"column":8},"end":{"line":148,"column":8}}]},"25":{"line":150,"type":"if","locations":[{"start":{"line":150,"column":12},"end":{"line":150,"column":12}},{"start":{"line":150,"column":12},"end":{"line":150,"column":12}}]},"26":{"line":154,"type":"if","locations":[{"start":{"line":154,"column":19},"end":{"line":154,"column":19}},{"start":{"line":154,"column":19},"end":{"line":154,"column":19}}]},"27":{"line":154,"type":"binary-expr","locations":[{"start":{"line":154,"column":23},"end":{"line":154,"column":38}},{"start":{"line":154,"column":42},"end":{"line":154,"column":68}}]}}},"src/typeChecker.js":{"path":"src/typeChecker.js","s":{"1":1,"2":1,"3":621,"4":1,"5":948,"6":1,"7":196,"8":1,"9":356,"10":1,"11":267},"b":{"1":[621,564],"2":[948,253],"3":[196,78],"4":[356,351],"5":[267,266,75,75,74,73]},"f":{"1":1,"2":621,"3":948,"4":196,"5":356,"6":267},"fnMap":{"1":{"name":"(anonymous_1)","line":6,"loc":{"start":{"line":6,"column":1},"end":{"line":6,"column":11}}},"2":{"name":"(anonymous_2)","line":11,"loc":{"start":{"line":11,"column":20},"end":{"line":11,"column":45}}},"3":{"name":"(anonymous_3)","line":18,"loc":{"start":{"line":18,"column":18},"end":{"line":18,"column":41}}},"4":{"name":"(anonymous_4)","line":25,"loc":{"start":{"line":25,"column":18},"end":{"line":25,"column":42}}},"5":{"name":"(anonymous_5)","line":32,"loc":{"start":{"line":32,"column":17},"end":{"line":32,"column":39}}},"6":{"name":"(anonymous_6)","line":39,"loc":{"start":{"line":39,"column":18},"end":{"line":39,"column":41}}}},"statementMap":{"1":{"start":{"line":6,"column":0},"end":{"line":48,"column":5}},"2":{"start":{"line":11,"column":4},"end":{"line":18,"column":4}},"3":{"start":{"line":12,"column":8},"end":{"line":12,"column":100}},"4":{"start":{"line":18,"column":4},"end":{"line":20,"column":6}},"5":{"start":{"line":19,"column":8},"end":{"line":19,"column":83}},"6":{"start":{"line":25,"column":4},"end":{"line":27,"column":6}},"7":{"start":{"line":26,"column":5},"end":{"line":26,"column":73}},"8":{"start":{"line":32,"column":4},"end":{"line":34,"column":6}},"9":{"start":{"line":33,"column":8},"end":{"line":33,"column":91}},"10":{"start":{"line":39,"column":4},"end":{"line":46,"column":6}},"11":{"start":{"line":40,"column":8},"end":{"line":45,"column":38}}},"branchMap":{"1":{"line":12,"type":"binary-expr","locations":[{"start":{"line":12,"column":15},"end":{"line":12,"column":38}},{"start":{"line":12,"column":42},"end":{"line":12,"column":99}}]},"2":{"line":19,"type":"binary-expr","locations":[{"start":{"line":19,"column":15},"end":{"line":19,"column":47}},{"start":{"line":19,"column":51},"end":{"line":19,"column":82}}]},"3":{"line":26,"type":"binary-expr","locations":[{"start":{"line":26,"column":12},"end":{"line":26,"column":45}},{"start":{"line":26,"column":49},"end":{"line":26,"column":72}}]},"4":{"line":33,"type":"binary-expr","locations":[{"start":{"line":33,"column":15},"end":{"line":33,"column":35}},{"start":{"line":33,"column":39},"end":{"line":33,"column":90}}]},"5":{"line":40,"type":"binary-expr","locations":[{"start":{"line":40,"column":15},"end":{"line":40,"column":36}},{"start":{"line":41,"column":11},"end":{"line":41,"column":44}},{"start":{"line":42,"column":11},"end":{"line":42,"column":40}},{"start":{"line":43,"column":11},"end":{"line":43,"column":38}},{"start":{"line":44,"column":11},"end":{"line":44,"column":38}},{"start":{"line":45,"column":11},"end":{"line":45,"column":37}}]}}},"src/objectTools.js":{"path":"src/objectTools.js","s":{"1":1,"2":1,"3":11,"4":14,"5":1,"6":13,"7":20,"8":3,"9":1,"10":3,"11":17,"12":11,"13":11,"14":11,"15":1,"16":114,"17":0,"18":114,"19":114,"20":114,"21":53,"22":0,"23":53,"24":53,"25":52,"26":53,"27":114,"28":0,"29":114,"30":95,"31":95,"32":95,"33":95,"34":95,"35":19,"36":95,"37":16,"38":95,"39":18,"40":18,"41":13,"42":5,"43":77,"44":44,"45":33,"46":23,"47":10,"48":0,"49":0,"50":0,"51":0,"52":10,"53":10,"54":3,"55":7,"56":7,"57":0,"58":114,"59":82},"b":{"1":[1,13],"2":[14,13],"3":[3,17],"4":[1,2],"5":[3,3],"6":[0,114],"7":[53,61],"8":[0,53],"9":[0,114],"10":[114,114],"11":[19,76],"12":[16,79],"13":[18,77],"14":[13,5],"15":[18,13],"16":[44,33],"17":[7,37],"18":[23,10],"19":[5,18],"20":[0,10],"21":[0,0],"22":[0,0],"23":[0,0],"24":[0,0],"25":[10,0],"26":[3,7],"27":[0,3],"28":[7,0],"29":[0,7]},"f":{"1":1,"2":11,"3":14,"4":114,"5":95,"6":82},"fnMap":{"1":{"name":"(anonymous_1)","line":6,"loc":{"start":{"line":6,"column":1},"end":{"line":6,"column":11}}},"2":{"name":"(anonymous_2)","line":11,"loc":{"start":{"line":11,"column":15},"end":{"line":11,"column":26}}},"3":{"name":"(anonymous_3)","line":13,"loc":{"start":{"line":13,"column":31},"end":{"line":13,"column":52}}},"4":{"name":"(anonymous_4)","line":53,"loc":{"start":{"line":53,"column":14},"end":{"line":53,"column":24}}},"5":{"name":"(anonymous_5)","line":83,"loc":{"start":{"line":83,"column":31},"end":{"line":83,"column":52}}},"6":{"name":"(anonymous_6)","line":138,"loc":{"start":{"line":138,"column":29},"end":{"line":138,"column":43}}}},"statementMap":{"1":{"start":{"line":6,"column":0},"end":{"line":143,"column":5}},"2":{"start":{"line":11,"column":4},"end":{"line":48,"column":6}},"3":{"start":{"line":13,"column":8},"end":{"line":38,"column":10}},"4":{"start":{"line":15,"column":12},"end":{"line":17,"column":13}},"5":{"start":{"line":16,"column":16},"end":{"line":16,"column":23}},"6":{"start":{"line":19,"column":12},"end":{"line":36,"column":13}},"7":{"start":{"line":22,"column":16},"end":{"line":34,"column":17}},"8":{"start":{"line":24,"column":20},"end":{"line":26,"column":21}},"9":{"start":{"line":25,"column":24},"end":{"line":25,"column":39}},"10":{"start":{"line":28,"column":20},"end":{"line":28,"column":56}},"11":{"start":{"line":32,"column":20},"end":{"line":32,"column":39}},"12":{"start":{"line":40,"column":8},"end":{"line":44,"column":9}},"13":{"start":{"line":42,"column":12},"end":{"line":42,"column":57}},"14":{"start":{"line":46,"column":8},"end":{"line":46,"column":28}},"15":{"start":{"line":53,"column":4},"end":{"line":141,"column":6}},"16":{"start":{"line":55,"column":8},"end":{"line":58,"column":9}},"17":{"start":{"line":57,"column":12},"end":{"line":57,"column":19}},"18":{"start":{"line":60,"column":8},"end":{"line":60,"column":36}},"19":{"start":{"line":62,"column":8},"end":{"line":62,"column":49}},"20":{"start":{"line":64,"column":8},"end":{"line":76,"column":9}},"21":{"start":{"line":66,"column":12},"end":{"line":69,"column":13}},"22":{"start":{"line":68,"column":16},"end":{"line":68,"column":32}},"23":{"start":{"line":71,"column":12},"end":{"line":71,"column":29}},"24":{"start":{"line":72,"column":12},"end":{"line":74,"column":13}},"25":{"start":{"line":73,"column":16},"end":{"line":73,"column":42}},"26":{"start":{"line":75,"column":12},"end":{"line":75,"column":31}},"27":{"start":{"line":78,"column":8},"end":{"line":81,"column":9}},"28":{"start":{"line":80,"column":12},"end":{"line":80,"column":28}},"29":{"start":{"line":83,"column":8},"end":{"line":136,"column":10}},"30":{"start":{"line":84,"column":12},"end":{"line":84,"column":39}},"31":{"start":{"line":85,"column":12},"end":{"line":85,"column":40}},"32":{"start":{"line":87,"column":12},"end":{"line":87,"column":32}},"33":{"start":{"line":88,"column":12},"end":{"line":88,"column":32}},"34":{"start":{"line":90,"column":12},"end":{"line":92,"column":13}},"35":{"start":{"line":91,"column":16},"end":{"line":91,"column":38}},"36":{"start":{"line":94,"column":12},"end":{"line":96,"column":13}},"37":{"start":{"line":95,"column":16},"end":{"line":95,"column":38}},"38":{"start":{"line":98,"column":12},"end":{"line":105,"column":13}},"39":{"start":{"line":99,"column":16},"end":{"line":99,"column":41}},"40":{"start":{"line":100,"column":16},"end":{"line":104,"column":17}},"41":{"start":{"line":101,"column":20},"end":{"line":101,"column":61}},"42":{"start":{"line":103,"column":20},"end":{"line":103,"column":29}},"43":{"start":{"line":107,"column":12},"end":{"line":109,"column":13}},"44":{"start":{"line":108,"column":16},"end":{"line":108,"column":48}},"45":{"start":{"line":111,"column":12},"end":{"line":113,"column":13}},"46":{"start":{"line":112,"column":16},"end":{"line":112,"column":48}},"47":{"start":{"line":115,"column":12},"end":{"line":123,"column":13}},"48":{"start":{"line":116,"column":16},"end":{"line":118,"column":17}},"49":{"start":{"line":117,"column":20},"end":{"line":117,"column":52}},"50":{"start":{"line":120,"column":16},"end":{"line":122,"column":17}},"51":{"start":{"line":121,"column":20},"end":{"line":121,"column":52}},"52":{"start":{"line":125,"column":12},"end":{"line":133,"column":13}},"53":{"start":{"line":126,"column":16},"end":{"line":128,"column":17}},"54":{"start":{"line":127,"column":20},"end":{"line":127,"column":52}},"55":{"start":{"line":130,"column":16},"end":{"line":132,"column":17}},"56":{"start":{"line":131,"column":20},"end":{"line":131,"column":52}},"57":{"start":{"line":135,"column":12},"end":{"line":135,"column":21}},"58":{"start":{"line":138,"column":8},"end":{"line":140,"column":11}},"59":{"start":{"line":139,"column":12},"end":{"line":139,"column":45}}},"branchMap":{"1":{"line":15,"type":"if","locations":[{"start":{"line":15,"column":12},"end":{"line":15,"column":12}},{"start":{"line":15,"column":12},"end":{"line":15,"column":12}}]},"2":{"line":15,"type":"binary-expr","locations":[{"start":{"line":15,"column":15},"end":{"line":15,"column":22}},{"start":{"line":15,"column":26},"end":{"line":15,"column":30}}]},"3":{"line":22,"type":"if","locations":[{"start":{"line":22,"column":16},"end":{"line":22,"column":16}},{"start":{"line":22,"column":16},"end":{"line":22,"column":16}}]},"4":{"line":24,"type":"if","locations":[{"start":{"line":24,"column":20},"end":{"line":24,"column":20}},{"start":{"line":24,"column":20},"end":{"line":24,"column":20}}]},"5":{"line":24,"type":"binary-expr","locations":[{"start":{"line":24,"column":24},"end":{"line":24,"column":34}},{"start":{"line":24,"column":38},"end":{"line":24,"column":61}}]},"6":{"line":55,"type":"if","locations":[{"start":{"line":55,"column":8},"end":{"line":55,"column":8}},{"start":{"line":55,"column":8},"end":{"line":55,"column":8}}]},"7":{"line":64,"type":"if","locations":[{"start":{"line":64,"column":8},"end":{"line":64,"column":8}},{"start":{"line":64,"column":8},"end":{"line":64,"column":8}}]},"8":{"line":66,"type":"if","locations":[{"start":{"line":66,"column":12},"end":{"line":66,"column":12}},{"start":{"line":66,"column":12},"end":{"line":66,"column":12}}]},"9":{"line":78,"type":"if","locations":[{"start":{"line":78,"column":8},"end":{"line":78,"column":8}},{"start":{"line":78,"column":8},"end":{"line":78,"column":8}}]},"10":{"line":78,"type":"binary-expr","locations":[{"start":{"line":78,"column":12},"end":{"line":78,"column":33}},{"start":{"line":78,"column":37},"end":{"line":78,"column":56}}]},"11":{"line":90,"type":"if","locations":[{"start":{"line":90,"column":12},"end":{"line":90,"column":12}},{"start":{"line":90,"column":12},"end":{"line":90,"column":12}}]},"12":{"line":94,"type":"if","locations":[{"start":{"line":94,"column":12},"end":{"line":94,"column":12}},{"start":{"line":94,"column":12},"end":{"line":94,"column":12}}]},"13":{"line":98,"type":"if","locations":[{"start":{"line":98,"column":12},"end":{"line":98,"column":12}},{"start":{"line":98,"column":12},"end":{"line":98,"column":12}}]},"14":{"line":100,"type":"if","locations":[{"start":{"line":100,"column":16},"end":{"line":100,"column":16}},{"start":{"line":100,"column":16},"end":{"line":100,"column":16}}]},"15":{"line":100,"type":"binary-expr","locations":[{"start":{"line":100,"column":20},"end":{"line":100,"column":44}},{"start":{"line":100,"column":48},"end":{"line":100,"column":75}}]},"16":{"line":107,"type":"if","locations":[{"start":{"line":107,"column":12},"end":{"line":107,"column":12}},{"start":{"line":107,"column":12},"end":{"line":107,"column":12}}]},"17":{"line":108,"type":"cond-expr","locations":[{"start":{"line":108,"column":41},"end":{"line":108,"column":43}},{"start":{"line":108,"column":46},"end":{"line":108,"column":47}}]},"18":{"line":111,"type":"if","locations":[{"start":{"line":111,"column":12},"end":{"line":111,"column":12}},{"start":{"line":111,"column":12},"end":{"line":111,"column":12}}]},"19":{"line":112,"type":"cond-expr","locations":[{"start":{"line":112,"column":41},"end":{"line":112,"column":42}},{"start":{"line":112,"column":45},"end":{"line":112,"column":47}}]},"20":{"line":115,"type":"if","locations":[{"start":{"line":115,"column":12},"end":{"line":115,"column":12}},{"start":{"line":115,"column":12},"end":{"line":115,"column":12}}]},"21":{"line":116,"type":"if","locations":[{"start":{"line":116,"column":16},"end":{"line":116,"column":16}},{"start":{"line":116,"column":16},"end":{"line":116,"column":16}}]},"22":{"line":117,"type":"cond-expr","locations":[{"start":{"line":117,"column":45},"end":{"line":117,"column":47}},{"start":{"line":117,"column":50},"end":{"line":117,"column":51}}]},"23":{"line":120,"type":"if","locations":[{"start":{"line":120,"column":16},"end":{"line":120,"column":16}},{"start":{"line":120,"column":16},"end":{"line":120,"column":16}}]},"24":{"line":121,"type":"cond-expr","locations":[{"start":{"line":121,"column":45},"end":{"line":121,"column":46}},{"start":{"line":121,"column":49},"end":{"line":121,"column":51}}]},"25":{"line":125,"type":"if","locations":[{"start":{"line":125,"column":12},"end":{"line":125,"column":12}},{"start":{"line":125,"column":12},"end":{"line":125,"column":12}}]},"26":{"line":126,"type":"if","locations":[{"start":{"line":126,"column":16},"end":{"line":126,"column":16}},{"start":{"line":126,"column":16},"end":{"line":126,"column":16}}]},"27":{"line":127,"type":"cond-expr","locations":[{"start":{"line":127,"column":45},"end":{"line":127,"column":46}},{"start":{"line":127,"column":49},"end":{"line":127,"column":51}}]},"28":{"line":130,"type":"if","locations":[{"start":{"line":130,"column":16},"end":{"line":130,"column":16}},{"start":{"line":130,"column":16},"end":{"line":130,"column":16}}]},"29":{"line":131,"type":"cond-expr","locations":[{"start":{"line":131,"column":45},"end":{"line":131,"column":47}},{"start":{"line":131,"column":50},"end":{"line":131,"column":51}}]}}},"src/math.js":{"path":"src/math.js","s":{"1":1,"2":1,"3":22,"4":22,"5":19,"6":22,"7":19,"8":22,"9":1,"10":3,"11":3,"12":3,"13":3,"14":3,"15":3,"16":3,"17":3,"18":1,"19":1,"20":1,"21":1,"22":1,"23":1,"24":1,"25":1,"26":1,"27":1,"28":1,"29":3,"30":3,"31":3,"32":1,"33":3,"34":1,"35":1,"36":1,"37":1,"38":1,"39":2,"40":2,"41":1,"42":1,"43":1,"44":1,"45":1,"46":1,"47":4,"48":4,"49":4,"50":4,"51":4,"52":1},"b":{"1":[19,3],"2":[22,19],"3":[19,3],"4":[22,19]},"f":{"1":1,"2":22,"3":3,"4":1,"5":3,"6":3,"7":1,"8":2,"9":1},"fnMap":{"1":{"name":"(anonymous_1)","line":6,"loc":{"start":{"line":6,"column":1},"end":{"line":6,"column":11}}},"2":{"name":"(anonymous_2)","line":11,"loc":{"start":{"line":11,"column":24},"end":{"line":11,"column":36}}},"3":{"name":"(anonymous_3)","line":36,"loc":{"start":{"line":36,"column":21},"end":{"line":36,"column":47}}},"4":{"name":"(anonymous_4)","line":60,"loc":{"start":{"line":60,"column":22},"end":{"line":60,"column":39}}},"5":{"name":"(anonymous_5)","line":81,"loc":{"start":{"line":81,"column":26},"end":{"line":81,"column":43}}},"6":{"name":"(anonymous_6)","line":93,"loc":{"start":{"line":93,"column":26},"end":{"line":93,"column":43}}},"7":{"name":"(anonymous_7)","line":99,"loc":{"start":{"line":99,"column":29},"end":{"line":99,"column":46}}},"8":{"name":"(anonymous_8)","line":110,"loc":{"start":{"line":110,"column":26},"end":{"line":110,"column":44}}},"9":{"name":"(anonymous_9)","line":116,"loc":{"start":{"line":116,"column":28},"end":{"line":116,"column":45}}}},"statementMap":{"1":{"start":{"line":6,"column":0},"end":{"line":139,"column":5}},"2":{"start":{"line":11,"column":4},"end":{"line":28,"column":6}},"3":{"start":{"line":12,"column":8},"end":{"line":15,"column":10}},"4":{"start":{"line":17,"column":8},"end":{"line":20,"column":9}},"5":{"start":{"line":19,"column":12},"end":{"line":19,"column":28}},"6":{"start":{"line":22,"column":8},"end":{"line":25,"column":9}},"7":{"start":{"line":24,"column":12},"end":{"line":24,"column":28}},"8":{"start":{"line":27,"column":8},"end":{"line":27,"column":22}},"9":{"start":{"line":36,"column":4},"end":{"line":52,"column":6}},"10":{"start":{"line":38,"column":8},"end":{"line":38,"column":33}},"11":{"start":{"line":39,"column":8},"end":{"line":39,"column":43}},"12":{"start":{"line":41,"column":8},"end":{"line":41,"column":44}},"13":{"start":{"line":42,"column":8},"end":{"line":42,"column":35}},"14":{"start":{"line":43,"column":8},"end":{"line":43,"column":35}},"15":{"start":{"line":44,"column":8},"end":{"line":44,"column":33}},"16":{"start":{"line":45,"column":8},"end":{"line":45,"column":33}},"17":{"start":{"line":47,"column":8},"end":{"line":50,"column":10}},"18":{"start":{"line":60,"column":4},"end":{"line":76,"column":6}},"19":{"start":{"line":62,"column":8},"end":{"line":62,"column":35}},"20":{"start":{"line":63,"column":8},"end":{"line":63,"column":35}},"21":{"start":{"line":65,"column":8},"end":{"line":65,"column":19}},"22":{"start":{"line":66,"column":8},"end":{"line":66,"column":19}},"23":{"start":{"line":68,"column":8},"end":{"line":68,"column":25}},"24":{"start":{"line":69,"column":8},"end":{"line":69,"column":21}},"25":{"start":{"line":71,"column":8},"end":{"line":71,"column":25}},"26":{"start":{"line":72,"column":8},"end":{"line":72,"column":21}},"27":{"start":{"line":74,"column":8},"end":{"line":74,"column":34}},"28":{"start":{"line":81,"column":4},"end":{"line":88,"column":6}},"29":{"start":{"line":83,"column":8},"end":{"line":83,"column":35}},"30":{"start":{"line":84,"column":8},"end":{"line":84,"column":35}},"31":{"start":{"line":86,"column":8},"end":{"line":86,"column":52}},"32":{"start":{"line":93,"column":4},"end":{"line":97,"column":6}},"33":{"start":{"line":95,"column":8},"end":{"line":95,"column":60}},"34":{"start":{"line":99,"column":4},"end":{"line":108,"column":6}},"35":{"start":{"line":100,"column":8},"end":{"line":100,"column":39}},"36":{"start":{"line":101,"column":8},"end":{"line":101,"column":39}},"37":{"start":{"line":103,"column":8},"end":{"line":107,"column":10}},"38":{"start":{"line":110,"column":4},"end":{"line":114,"column":6}},"39":{"start":{"line":111,"column":8},"end":{"line":111,"column":33}},"40":{"start":{"line":113,"column":8},"end":{"line":113,"column":109}},"41":{"start":{"line":116,"column":4},"end":{"line":137,"column":6}},"42":{"start":{"line":118,"column":8},"end":{"line":118,"column":36}},"43":{"start":{"line":119,"column":8},"end":{"line":119,"column":36}},"44":{"start":{"line":120,"column":8},"end":{"line":120,"column":36}},"45":{"start":{"line":121,"column":8},"end":{"line":121,"column":36}},"46":{"start":{"line":123,"column":8},"end":{"line":130,"column":9}},"47":{"start":{"line":124,"column":12},"end":{"line":124,"column":49}},"48":{"start":{"line":126,"column":12},"end":{"line":126,"column":39}},"49":{"start":{"line":127,"column":12},"end":{"line":127,"column":39}},"50":{"start":{"line":128,"column":12},"end":{"line":128,"column":39}},"51":{"start":{"line":129,"column":12},"end":{"line":129,"column":39}},"52":{"start":{"line":132,"column":8},"end":{"line":137,"column":4}}},"branchMap":{"1":{"line":17,"type":"if","locations":[{"start":{"line":17,"column":8},"end":{"line":17,"column":8}},{"start":{"line":17,"column":8},"end":{"line":17,"column":8}}]},"2":{"line":17,"type":"binary-expr","locations":[{"start":{"line":17,"column":12},"end":{"line":17,"column":33}},{"start":{"line":17,"column":37},"end":{"line":17,"column":49}}]},"3":{"line":22,"type":"if","locations":[{"start":{"line":22,"column":8},"end":{"line":22,"column":8}},{"start":{"line":22,"column":8},"end":{"line":22,"column":8}}]},"4":{"line":22,"type":"binary-expr","locations":[{"start":{"line":22,"column":12},"end":{"line":22,"column":33}},{"start":{"line":22,"column":37},"end":{"line":22,"column":49}}]}}},"src/promise.js":{"path":"src/promise.js","s":{"1":1,"2":1,"3":51,"4":1,"5":30,"6":30,"7":4,"8":26,"9":26,"10":25,"11":25,"12":3,"13":30,"14":1,"15":28,"16":28,"17":28,"18":25,"19":28,"20":1,"21":1,"22":1,"23":1,"24":1,"25":1,"26":1,"27":1,"28":1,"29":1,"30":1,"31":1,"32":1,"33":2,"34":2,"35":2,"36":2,"37":1,"38":1,"39":2,"40":1,"41":1,"42":6,"43":6,"44":2,"45":4,"46":4,"47":4,"48":4,"49":4,"50":4,"51":6},"b":{"1":[4,26],"2":[3,22],"3":[25,3],"4":[1,1],"5":[2,4],"6":[4,0],"7":[4,4]},"f":{"1":1,"2":51,"3":30,"4":25,"5":28,"6":1,"7":1,"8":1,"9":2,"10":2,"11":6,"12":4,"13":4},"fnMap":{"1":{"name":"(anonymous_1)","line":6,"loc":{"start":{"line":6,"column":1},"end":{"line":6,"column":11}}},"2":{"name":"(anonymous_2)","line":8,"loc":{"start":{"line":8,"column":17},"end":{"line":8,"column":28}}},"3":{"name":"(anonymous_3)","line":12,"loc":{"start":{"line":12,"column":32},"end":{"line":12,"column":56}}},"4":{"name":"(anonymous_4)","line":22,"loc":{"start":{"line":22,"column":33},"end":{"line":22,"column":45}}},"5":{"name":"(anonymous_5)","line":36,"loc":{"start":{"line":36,"column":32},"end":{"line":36,"column":43}}},"6":{"name":"(anonymous_6)","line":48,"loc":{"start":{"line":48,"column":14},"end":{"line":48,"column":33}}},"7":{"name":"(anonymous_7)","line":52,"loc":{"start":{"line":52,"column":17},"end":{"line":52,"column":27}}},"8":{"name":"(anonymous_8)","line":63,"loc":{"start":{"line":63,"column":21},"end":{"line":63,"column":40}}},"9":{"name":"(anonymous_9)","line":70,"loc":{"start":{"line":70,"column":23},"end":{"line":70,"column":35}}},"10":{"name":"(anonymous_10)","line":71,"loc":{"start":{"line":71,"column":19},"end":{"line":71,"column":30}}},"11":{"name":"(anonymous_11)","line":88,"loc":{"start":{"line":88,"column":22},"end":{"line":88,"column":44}}},"12":{"name":"(anonymous_12)","line":100,"loc":{"start":{"line":100,"column":24},"end":{"line":100,"column":35}}},"13":{"name":"(anonymous_13)","line":104,"loc":{"start":{"line":104,"column":59},"end":{"line":104,"column":70}}}},"statementMap":{"1":{"start":{"line":6,"column":0},"end":{"line":114,"column":5}},"2":{"start":{"line":8,"column":4},"end":{"line":10,"column":6}},"3":{"start":{"line":9,"column":8},"end":{"line":9,"column":29}},"4":{"start":{"line":12,"column":4},"end":{"line":34,"column":6}},"5":{"start":{"line":14,"column":8},"end":{"line":14,"column":14}},"6":{"start":{"line":16,"column":8},"end":{"line":31,"column":9}},"7":{"start":{"line":17,"column":12},"end":{"line":17,"column":49}},"8":{"start":{"line":20,"column":12},"end":{"line":20,"column":33}},"9":{"start":{"line":22,"column":12},"end":{"line":30,"column":15}},"10":{"start":{"line":24,"column":16},"end":{"line":24,"column":57}},"11":{"start":{"line":26,"column":16},"end":{"line":28,"column":17}},"12":{"start":{"line":27,"column":20},"end":{"line":27,"column":40}},"13":{"start":{"line":33,"column":8},"end":{"line":33,"column":17}},"14":{"start":{"line":36,"column":4},"end":{"line":46,"column":6}},"15":{"start":{"line":38,"column":8},"end":{"line":38,"column":32}},"16":{"start":{"line":39,"column":8},"end":{"line":39,"column":28}},"17":{"start":{"line":41,"column":8},"end":{"line":43,"column":9}},"18":{"start":{"line":42,"column":12},"end":{"line":42,"column":54}},"19":{"start":{"line":45,"column":8},"end":{"line":45,"column":29}},"20":{"start":{"line":48,"column":4},"end":{"line":61,"column":6}},"21":{"start":{"line":50,"column":8},"end":{"line":50,"column":33}},"22":{"start":{"line":52,"column":8},"end":{"line":55,"column":10}},"23":{"start":{"line":53,"column":12},"end":{"line":53,"column":39}},"24":{"start":{"line":54,"column":12},"end":{"line":54,"column":37}},"25":{"start":{"line":57,"column":8},"end":{"line":57,"column":31}},"26":{"start":{"line":59,"column":8},"end":{"line":59,"column":17}},"27":{"start":{"line":63,"column":4},"end":{"line":86,"column":6}},"28":{"start":{"line":65,"column":8},"end":{"line":65,"column":33}},"29":{"start":{"line":66,"column":8},"end":{"line":66,"column":36}},"30":{"start":{"line":67,"column":8},"end":{"line":67,"column":24}},"31":{"start":{"line":68,"column":8},"end":{"line":68,"column":25}},"32":{"start":{"line":70,"column":8},"end":{"line":81,"column":8}},"33":{"start":{"line":71,"column":12},"end":{"line":78,"column":14}},"34":{"start":{"line":72,"column":16},"end":{"line":72,"column":29}},"35":{"start":{"line":73,"column":16},"end":{"line":73,"column":67}},"36":{"start":{"line":75,"column":16},"end":{"line":77,"column":17}},"37":{"start":{"line":76,"column":20},"end":{"line":76,"column":45}},"38":{"start":{"line":81,"column":8},"end":{"line":83,"column":9}},"39":{"start":{"line":82,"column":12},"end":{"line":82,"column":42}},"40":{"start":{"line":85,"column":8},"end":{"line":85,"column":17}},"41":{"start":{"line":88,"column":4},"end":{"line":112,"column":6}},"42":{"start":{"line":90,"column":8},"end":{"line":90,"column":33}},"43":{"start":{"line":92,"column":8},"end":{"line":110,"column":9}},"44":{"start":{"line":93,"column":12},"end":{"line":93,"column":34}},"45":{"start":{"line":96,"column":12},"end":{"line":96,"column":48}},"46":{"start":{"line":98,"column":12},"end":{"line":109,"column":13}},"47":{"start":{"line":100,"column":16},"end":{"line":107,"column":19}},"48":{"start":{"line":102,"column":20},"end":{"line":102,"column":39}},"49":{"start":{"line":104,"column":20},"end":{"line":106,"column":23}},"50":{"start":{"line":105,"column":24},"end":{"line":105,"column":51}},"51":{"start":{"line":111,"column":8},"end":{"line":111,"column":17}}},"branchMap":{"1":{"line":16,"type":"if","locations":[{"start":{"line":16,"column":8},"end":{"line":16,"column":8}},{"start":{"line":16,"column":8},"end":{"line":16,"column":8}}]},"2":{"line":26,"type":"if","locations":[{"start":{"line":26,"column":16},"end":{"line":26,"column":16}},{"start":{"line":26,"column":16},"end":{"line":26,"column":16}}]},"3":{"line":26,"type":"binary-expr","locations":[{"start":{"line":26,"column":20},"end":{"line":26,"column":23}},{"start":{"line":26,"column":27},"end":{"line":26,"column":50}}]},"4":{"line":75,"type":"if","locations":[{"start":{"line":75,"column":16},"end":{"line":75,"column":16}},{"start":{"line":75,"column":16},"end":{"line":75,"column":16}}]},"5":{"line":92,"type":"if","locations":[{"start":{"line":92,"column":8},"end":{"line":92,"column":8}},{"start":{"line":92,"column":8},"end":{"line":92,"column":8}}]},"6":{"line":98,"type":"if","locations":[{"start":{"line":98,"column":12},"end":{"line":98,"column":12}},{"start":{"line":98,"column":12},"end":{"line":98,"column":12}}]},"7":{"line":98,"type":"binary-expr","locations":[{"start":{"line":98,"column":16},"end":{"line":98,"column":18}},{"start":{"line":98,"column":22},"end":{"line":98,"column":44}}]}}},"src/mouse.js":{"path":"src/mouse.js","s":{"1":1,"2":78,"3":78,"4":78,"5":78,"6":78,"7":78,"8":78,"9":78,"10":78,"11":78,"12":78,"13":78,"14":78,"15":1,"16":78,"17":1,"18":1,"19":78,"20":1,"21":1,"22":78,"23":1,"24":1,"25":78,"26":1,"27":1,"28":1,"29":78,"30":1,"31":1,"32":1,"33":78,"34":0,"35":0,"36":0,"37":78,"38":0,"39":0,"40":0,"41":78,"42":1,"43":1,"44":78,"45":1,"46":0,"47":0,"48":78,"49":1,"50":1,"51":0,"52":0,"53":1,"54":1,"55":1,"56":78,"57":1,"58":1,"59":1,"60":1,"61":1,"62":1,"63":1,"64":1,"65":1,"66":1,"67":1,"68":0,"69":78,"70":0,"71":0,"72":0,"73":0,"74":0,"75":78,"76":0,"77":0,"78":0,"79":0,"80":0,"81":0,"82":0,"83":0,"84":0,"85":0,"86":0,"87":0,"88":0,"89":78,"90":0,"91":78,"92":0,"93":0,"94":0,"95":0,"96":0,"97":0,"98":0,"99":0,"100":0,"101":78,"102":0,"103":0,"104":0,"105":0,"106":0,"107":0,"108":0,"109":0,"110":0,"111":78,"112":0,"113":0,"114":0,"115":0,"116":0,"117":0,"118":0,"119":0,"120":78,"121":0,"122":0,"123":0,"124":0,"125":0,"126":0,"127":0,"128":0,"129":0,"130":0,"131":0,"132":0,"133":0,"134":0,"135":0,"136":0,"137":0,"138":78,"139":0,"140":0,"141":0,"142":0,"143":0,"144":0,"145":0,"146":0,"147":0,"148":0,"149":0,"150":0,"151":0,"152":0,"153":0,"154":0,"155":0,"156":0,"157":0,"158":0,"159":0,"160":0,"161":0,"162":0,"163":0,"164":0,"165":78,"166":1,"167":0,"168":1,"169":1,"170":0,"171":1,"172":1,"173":1,"174":1,"175":1,"176":0,"177":1,"178":1,"179":0,"180":1,"181":78,"182":1,"183":0,"184":0,"185":0,"186":0,"187":0,"188":0,"189":0,"190":0,"191":0,"192":0,"193":0,"194":0,"195":78,"196":1,"197":1,"198":0,"199":0,"200":1,"201":78,"202":0,"203":0,"204":0,"205":0,"206":0,"207":0,"208":0,"209":0,"210":0,"211":78,"212":1,"213":1,"214":78,"215":780,"216":8,"217":8,"218":0,"219":8,"220":8,"221":3,"222":3,"223":3,"224":78,"225":78,"226":78,"227":78,"228":78,"229":78,"230":78,"231":78,"232":78,"233":78,"234":78,"235":8,"236":0,"237":8,"238":8,"239":8,"240":0,"241":8,"242":8,"243":0,"244":8,"245":78,"246":8,"247":8,"248":5,"249":3,"250":3,"251":3,"252":3,"253":3,"254":3,"255":3},"b":{"1":[0,1],"2":[0,1],"3":[1,0],"4":[0,1],"5":[0,0],"6":[0,0],"7":[0,0],"8":[0,0],"9":[0,0],"10":[0,0],"11":[0,0],"12":[0,0],"13":[0,0],"14":[0,0],"15":[0,0],"16":[0,0],"17":[0,0],"18":[0,0],"19":[0,0],"20":[0,0],"21":[0,0],"22":[0,0],"23":[0,0],"24":[0,0],"25":[0,0],"26":[0,1],"27":[1,1],"28":[0,1],"29":[1,0],"30":[0,1],"31":[0,1],"32":[0,0],"33":[0,0],"34":[0,0],"35":[0,0],"36":[0,1],"37":[0,0],"38":[0,0],"39":[0,8],"40":[3,5],"41":[8,3],"42":[3,0],"43":[0,8],"44":[8,8],"45":[0,8],"46":[0,8],"47":[5,3],"48":[8,5],"49":[3,0]},"f":{"1":78,"2":1,"3":1,"4":1,"5":1,"6":1,"7":1,"8":0,"9":0,"10":1,"11":1,"12":1,"13":1,"14":0,"15":0,"16":0,"17":0,"18":0,"19":0,"20":0,"21":0,"22":0,"23":1,"24":1,"25":0,"26":1,"27":0,"28":1,"29":780,"30":8,"31":8,"32":8,"33":3},"fnMap":{"1":{"name":"(anonymous_1)","line":5,"loc":{"start":{"line":5,"column":30},"end":{"line":5,"column":55}}},"2":{"name":"(anonymous_2)","line":23,"loc":{"start":{"line":23,"column":27},"end":{"line":23,"column":38}}},"3":{"name":"(anonymous_3)","line":27,"loc":{"start":{"line":27,"column":25},"end":{"line":27,"column":40}}},"4":{"name":"(anonymous_4)","line":32,"loc":{"start":{"line":32,"column":23},"end":{"line":32,"column":38}}},"5":{"name":"(anonymous_5)","line":37,"loc":{"start":{"line":37,"column":25},"end":{"line":37,"column":40}}},"6":{"name":"(anonymous_6)","line":42,"loc":{"start":{"line":42,"column":27},"end":{"line":42,"column":44}}},"7":{"name":"(anonymous_7)","line":48,"loc":{"start":{"line":48,"column":42},"end":{"line":48,"column":58}}},"8":{"name":"(anonymous_8)","line":54,"loc":{"start":{"line":54,"column":40},"end":{"line":54,"column":56}}},"9":{"name":"(anonymous_9)","line":60,"loc":{"start":{"line":60,"column":41},"end":{"line":60,"column":57}}},"10":{"name":"(anonymous_10)","line":69,"loc":{"start":{"line":69,"column":25},"end":{"line":69,"column":40}}},"11":{"name":"(anonymous_11)","line":82,"loc":{"start":{"line":82,"column":25},"end":{"line":82,"column":40}}},"12":{"name":"(anonymous_12)","line":96,"loc":{"start":{"line":96,"column":23},"end":{"line":96,"column":38}}},"13":{"name":"(anonymous_13)","line":113,"loc":{"start":{"line":113,"column":26},"end":{"line":113,"column":41}}},"14":{"name":"(anonymous_14)","line":148,"loc":{"start":{"line":148,"column":25},"end":{"line":148,"column":40}}},"15":{"name":"(anonymous_15)","line":169,"loc":{"start":{"line":169,"column":24},"end":{"line":169,"column":39}}},"16":{"name":"(anonymous_16)","line":201,"loc":{"start":{"line":201,"column":28},"end":{"line":201,"column":39}}},"17":{"name":"(anonymous_17)","line":205,"loc":{"start":{"line":205,"column":28},"end":{"line":205,"column":39}}},"18":{"name":"(anonymous_18)","line":226,"loc":{"start":{"line":226,"column":36},"end":{"line":226,"column":47}}},"19":{"name":"(anonymous_19)","line":250,"loc":{"start":{"line":250,"column":32},"end":{"line":250,"column":43}}},"20":{"name":"(anonymous_20)","line":271,"loc":{"start":{"line":271,"column":29},"end":{"line":271,"column":40}}},"21":{"name":"(anonymous_21)","line":296,"loc":{"start":{"line":296,"column":29},"end":{"line":296,"column":43}}},"22":{"name":"(anonymous_22)","line":311,"loc":{"start":{"line":311,"column":24},"end":{"line":311,"column":50}}},"23":{"name":"(anonymous_23)","line":369,"loc":{"start":{"line":369,"column":39},"end":{"line":369,"column":73}}},"24":{"name":"(anonymous_24)","line":401,"loc":{"start":{"line":401,"column":45},"end":{"line":401,"column":78}}},"25":{"name":"(anonymous_25)","line":403,"loc":{"start":{"line":403,"column":38},"end":{"line":403,"column":48}}},"26":{"name":"(anonymous_26)","line":436,"loc":{"start":{"line":436,"column":26},"end":{"line":436,"column":44}}},"27":{"name":"(anonymous_27)","line":450,"loc":{"start":{"line":450,"column":22},"end":{"line":450,"column":40}}},"28":{"name":"(anonymous_28)","line":472,"loc":{"start":{"line":472,"column":23},"end":{"line":472,"column":41}}},"29":{"name":"(anonymous_29)","line":480,"loc":{"start":{"line":480,"column":24},"end":{"line":480,"column":53}}},"30":{"name":"(anonymous_30)","line":482,"loc":{"start":{"line":482,"column":27},"end":{"line":482,"column":42}}},"31":{"name":"(anonymous_31)","line":514,"loc":{"start":{"line":514,"column":33},"end":{"line":514,"column":49}}},"32":{"name":"(anonymous_32)","line":539,"loc":{"start":{"line":539,"column":41},"end":{"line":539,"column":56}}},"33":{"name":"(anonymous_33)","line":555,"loc":{"start":{"line":555,"column":20},"end":{"line":555,"column":30}}}},"statementMap":{"1":{"start":{"line":5,"column":0},"end":{"line":566,"column":2}},"2":{"start":{"line":7,"column":4},"end":{"line":7,"column":26}},"3":{"start":{"line":8,"column":4},"end":{"line":8,"column":26}},"4":{"start":{"line":9,"column":4},"end":{"line":9,"column":51}},"5":{"start":{"line":10,"column":4},"end":{"line":10,"column":31}},"6":{"start":{"line":11,"column":4},"end":{"line":11,"column":31}},"7":{"start":{"line":13,"column":4},"end":{"line":13,"column":39}},"8":{"start":{"line":14,"column":4},"end":{"line":14,"column":32}},"9":{"start":{"line":15,"column":4},"end":{"line":15,"column":32}},"10":{"start":{"line":16,"column":4},"end":{"line":16,"column":28}},"11":{"start":{"line":17,"column":4},"end":{"line":17,"column":31}},"12":{"start":{"line":18,"column":4},"end":{"line":18,"column":32}},"13":{"start":{"line":19,"column":4},"end":{"line":19,"column":35}},"14":{"start":{"line":23,"column":4},"end":{"line":25,"column":6}},"15":{"start":{"line":24,"column":5},"end":{"line":24,"column":18}},"16":{"start":{"line":27,"column":4},"end":{"line":30,"column":6}},"17":{"start":{"line":28,"column":8},"end":{"line":28,"column":30}},"18":{"start":{"line":29,"column":8},"end":{"line":29,"column":39}},"19":{"start":{"line":32,"column":4},"end":{"line":35,"column":6}},"20":{"start":{"line":33,"column":8},"end":{"line":33,"column":30}},"21":{"start":{"line":34,"column":8},"end":{"line":34,"column":37}},"22":{"start":{"line":37,"column":4},"end":{"line":40,"column":6}},"23":{"start":{"line":38,"column":8},"end":{"line":38,"column":30}},"24":{"start":{"line":39,"column":8},"end":{"line":39,"column":39}},"25":{"start":{"line":42,"column":4},"end":{"line":46,"column":6}},"26":{"start":{"line":43,"column":5},"end":{"line":43,"column":27}},"27":{"start":{"line":44,"column":8},"end":{"line":44,"column":40}},"28":{"start":{"line":45,"column":8},"end":{"line":45,"column":21}},"29":{"start":{"line":48,"column":4},"end":{"line":52,"column":14}},"30":{"start":{"line":49,"column":8},"end":{"line":49,"column":31}},"31":{"start":{"line":50,"column":8},"end":{"line":50,"column":30}},"32":{"start":{"line":51,"column":8},"end":{"line":51,"column":40}},"33":{"start":{"line":54,"column":4},"end":{"line":58,"column":14}},"34":{"start":{"line":55,"column":8},"end":{"line":55,"column":31}},"35":{"start":{"line":56,"column":8},"end":{"line":56,"column":30}},"36":{"start":{"line":57,"column":8},"end":{"line":57,"column":38}},"37":{"start":{"line":60,"column":4},"end":{"line":64,"column":14}},"38":{"start":{"line":61,"column":8},"end":{"line":61,"column":31}},"39":{"start":{"line":62,"column":8},"end":{"line":62,"column":30}},"40":{"start":{"line":63,"column":8},"end":{"line":63,"column":39}},"41":{"start":{"line":69,"column":4},"end":{"line":80,"column":7}},"42":{"start":{"line":71,"column":8},"end":{"line":76,"column":11}},"43":{"start":{"line":78,"column":8},"end":{"line":78,"column":70}},"44":{"start":{"line":82,"column":4},"end":{"line":94,"column":7}},"45":{"start":{"line":84,"column":8},"end":{"line":93,"column":9}},"46":{"start":{"line":85,"column":12},"end":{"line":85,"column":43}},"47":{"start":{"line":87,"column":12},"end":{"line":92,"column":15}},"48":{"start":{"line":96,"column":4},"end":{"line":109,"column":7}},"49":{"start":{"line":98,"column":8},"end":{"line":103,"column":9}},"50":{"start":{"line":99,"column":12},"end":{"line":102,"column":13}},"51":{"start":{"line":100,"column":16},"end":{"line":100,"column":50}},"52":{"start":{"line":101,"column":16},"end":{"line":101,"column":22}},"53":{"start":{"line":105,"column":8},"end":{"line":105,"column":64}},"54":{"start":{"line":107,"column":8},"end":{"line":107,"column":35}},"55":{"start":{"line":108,"column":8},"end":{"line":108,"column":39}},"56":{"start":{"line":113,"column":4},"end":{"line":146,"column":7}},"57":{"start":{"line":115,"column":8},"end":{"line":115,"column":43}},"58":{"start":{"line":117,"column":8},"end":{"line":139,"column":9}},"59":{"start":{"line":119,"column":12},"end":{"line":119,"column":33}},"60":{"start":{"line":121,"column":12},"end":{"line":121,"column":35}},"61":{"start":{"line":123,"column":12},"end":{"line":125,"column":13}},"62":{"start":{"line":124,"column":16},"end":{"line":124,"column":52}},"63":{"start":{"line":127,"column":12},"end":{"line":132,"column":15}},"64":{"start":{"line":135,"column":12},"end":{"line":135,"column":55}},"65":{"start":{"line":136,"column":12},"end":{"line":138,"column":13}},"66":{"start":{"line":137,"column":16},"end":{"line":137,"column":101}},"67":{"start":{"line":141,"column":8},"end":{"line":144,"column":9}},"68":{"start":{"line":143,"column":12},"end":{"line":143,"column":98}},"69":{"start":{"line":148,"column":4},"end":{"line":167,"column":7}},"70":{"start":{"line":150,"column":8},"end":{"line":150,"column":43}},"71":{"start":{"line":152,"column":8},"end":{"line":166,"column":9}},"72":{"start":{"line":153,"column":12},"end":{"line":153,"column":35}},"73":{"start":{"line":155,"column":12},"end":{"line":164,"column":13}},"74":{"start":{"line":158,"column":16},"end":{"line":163,"column":19}},"75":{"start":{"line":169,"column":4},"end":{"line":197,"column":7}},"76":{"start":{"line":171,"column":8},"end":{"line":171,"column":43}},"77":{"start":{"line":173,"column":8},"end":{"line":196,"column":9}},"78":{"start":{"line":176,"column":12},"end":{"line":195,"column":13}},"79":{"start":{"line":177,"column":16},"end":{"line":177,"column":37}},"80":{"start":{"line":179,"column":16},"end":{"line":179,"column":39}},"81":{"start":{"line":181,"column":16},"end":{"line":183,"column":17}},"82":{"start":{"line":182,"column":20},"end":{"line":182,"column":95}},"83":{"start":{"line":185,"column":16},"end":{"line":185,"column":61}},"84":{"start":{"line":186,"column":16},"end":{"line":186,"column":54}},"85":{"start":{"line":187,"column":16},"end":{"line":187,"column":47}},"86":{"start":{"line":190,"column":16},"end":{"line":190,"column":59}},"87":{"start":{"line":191,"column":16},"end":{"line":193,"column":17}},"88":{"start":{"line":192,"column":20},"end":{"line":192,"column":105}},"89":{"start":{"line":201,"column":4},"end":{"line":203,"column":6}},"90":{"start":{"line":202,"column":8},"end":{"line":202,"column":49}},"91":{"start":{"line":205,"column":4},"end":{"line":224,"column":6}},"92":{"start":{"line":207,"column":8},"end":{"line":207,"column":30}},"93":{"start":{"line":209,"column":8},"end":{"line":216,"column":9}},"94":{"start":{"line":210,"column":12},"end":{"line":215,"column":13}},"95":{"start":{"line":211,"column":16},"end":{"line":211,"column":31}},"96":{"start":{"line":213,"column":16},"end":{"line":213,"column":34}},"97":{"start":{"line":214,"column":16},"end":{"line":214,"column":22}},"98":{"start":{"line":218,"column":8},"end":{"line":221,"column":9}},"99":{"start":{"line":220,"column":12},"end":{"line":220,"column":24}},"100":{"start":{"line":223,"column":8},"end":{"line":223,"column":48}},"101":{"start":{"line":226,"column":4},"end":{"line":248,"column":6}},"102":{"start":{"line":228,"column":8},"end":{"line":230,"column":9}},"103":{"start":{"line":229,"column":12},"end":{"line":229,"column":24}},"104":{"start":{"line":232,"column":8},"end":{"line":232,"column":33}},"105":{"start":{"line":233,"column":8},"end":{"line":235,"column":9}},"106":{"start":{"line":234,"column":12},"end":{"line":234,"column":75}},"107":{"start":{"line":237,"column":8},"end":{"line":237,"column":61}},"108":{"start":{"line":238,"column":8},"end":{"line":238,"column":82}},"109":{"start":{"line":240,"column":8},"end":{"line":240,"column":60}},"110":{"start":{"line":242,"column":8},"end":{"line":246,"column":10}},"111":{"start":{"line":250,"column":4},"end":{"line":269,"column":6}},"112":{"start":{"line":252,"column":8},"end":{"line":254,"column":9}},"113":{"start":{"line":253,"column":12},"end":{"line":253,"column":24}},"114":{"start":{"line":256,"column":8},"end":{"line":256,"column":33}},"115":{"start":{"line":257,"column":8},"end":{"line":259,"column":9}},"116":{"start":{"line":258,"column":12},"end":{"line":258,"column":75}},"117":{"start":{"line":261,"column":8},"end":{"line":261,"column":66}},"118":{"start":{"line":262,"column":8},"end":{"line":262,"column":87}},"119":{"start":{"line":264,"column":8},"end":{"line":268,"column":10}},"120":{"start":{"line":271,"column":4},"end":{"line":307,"column":6}},"121":{"start":{"line":273,"column":8},"end":{"line":275,"column":9}},"122":{"start":{"line":274,"column":12},"end":{"line":274,"column":24}},"123":{"start":{"line":277,"column":8},"end":{"line":277,"column":33}},"124":{"start":{"line":278,"column":8},"end":{"line":280,"column":9}},"125":{"start":{"line":279,"column":12},"end":{"line":279,"column":75}},"126":{"start":{"line":282,"column":8},"end":{"line":282,"column":66}},"127":{"start":{"line":283,"column":8},"end":{"line":283,"column":87}},"128":{"start":{"line":285,"column":8},"end":{"line":285,"column":24}},"129":{"start":{"line":287,"column":8},"end":{"line":294,"column":9}},"130":{"start":{"line":288,"column":12},"end":{"line":288,"column":90}},"131":{"start":{"line":289,"column":12},"end":{"line":289,"column":110}},"132":{"start":{"line":291,"column":12},"end":{"line":291,"column":63}},"133":{"start":{"line":293,"column":12},"end":{"line":293,"column":37}},"134":{"start":{"line":296,"column":8},"end":{"line":298,"column":11}},"135":{"start":{"line":297,"column":12},"end":{"line":297,"column":25}},"136":{"start":{"line":300,"column":8},"end":{"line":300,"column":58}},"137":{"start":{"line":302,"column":8},"end":{"line":305,"column":10}},"138":{"start":{"line":311,"column":4},"end":{"line":367,"column":6}},"139":{"start":{"line":313,"column":8},"end":{"line":315,"column":9}},"140":{"start":{"line":314,"column":12},"end":{"line":314,"column":24}},"141":{"start":{"line":317,"column":8},"end":{"line":317,"column":28}},"142":{"start":{"line":318,"column":8},"end":{"line":318,"column":43}},"143":{"start":{"line":320,"column":8},"end":{"line":320,"column":47}},"144":{"start":{"line":322,"column":8},"end":{"line":324,"column":9}},"145":{"start":{"line":323,"column":12},"end":{"line":323,"column":24}},"146":{"start":{"line":326,"column":8},"end":{"line":326,"column":51}},"147":{"start":{"line":328,"column":8},"end":{"line":330,"column":9}},"148":{"start":{"line":329,"column":12},"end":{"line":329,"column":24}},"149":{"start":{"line":332,"column":8},"end":{"line":332,"column":50}},"150":{"start":{"line":334,"column":8},"end":{"line":341,"column":9}},"151":{"start":{"line":336,"column":12},"end":{"line":336,"column":66}},"152":{"start":{"line":337,"column":12},"end":{"line":340,"column":13}},"153":{"start":{"line":339,"column":16},"end":{"line":339,"column":28}},"154":{"start":{"line":343,"column":8},"end":{"line":343,"column":48}},"155":{"start":{"line":344,"column":8},"end":{"line":344,"column":29}},"156":{"start":{"line":346,"column":8},"end":{"line":354,"column":9}},"157":{"start":{"line":347,"column":12},"end":{"line":347,"column":31}},"158":{"start":{"line":348,"column":15},"end":{"line":354,"column":9}},"159":{"start":{"line":349,"column":12},"end":{"line":349,"column":31}},"160":{"start":{"line":350,"column":15},"end":{"line":354,"column":9}},"161":{"start":{"line":351,"column":12},"end":{"line":351,"column":32}},"162":{"start":{"line":352,"column":15},"end":{"line":354,"column":9}},"163":{"start":{"line":353,"column":12},"end":{"line":353,"column":29}},"164":{"start":{"line":357,"column":8},"end":{"line":365,"column":10}},"165":{"start":{"line":369,"column":4},"end":{"line":399,"column":6}},"166":{"start":{"line":371,"column":8},"end":{"line":373,"column":9}},"167":{"start":{"line":372,"column":12},"end":{"line":372,"column":19}},"168":{"start":{"line":375,"column":8},"end":{"line":375,"column":48}},"169":{"start":{"line":377,"column":8},"end":{"line":379,"column":9}},"170":{"start":{"line":378,"column":12},"end":{"line":378,"column":19}},"171":{"start":{"line":381,"column":8},"end":{"line":381,"column":30}},"172":{"start":{"line":382,"column":8},"end":{"line":384,"column":9}},"173":{"start":{"line":383,"column":12},"end":{"line":383,"column":32}},"174":{"start":{"line":386,"column":8},"end":{"line":386,"column":40}},"175":{"start":{"line":387,"column":8},"end":{"line":391,"column":9}},"176":{"start":{"line":388,"column":12},"end":{"line":388,"column":45}},"177":{"start":{"line":390,"column":12},"end":{"line":390,"column":38}},"178":{"start":{"line":393,"column":8},"end":{"line":395,"column":9}},"179":{"start":{"line":394,"column":12},"end":{"line":394,"column":51}},"180":{"start":{"line":397,"column":8},"end":{"line":397,"column":37}},"181":{"start":{"line":401,"column":4},"end":{"line":434,"column":6}},"182":{"start":{"line":403,"column":8},"end":{"line":433,"column":36}},"183":{"start":{"line":404,"column":12},"end":{"line":406,"column":13}},"184":{"start":{"line":405,"column":16},"end":{"line":405,"column":23}},"185":{"start":{"line":408,"column":12},"end":{"line":408,"column":52}},"186":{"start":{"line":410,"column":12},"end":{"line":431,"column":13}},"187":{"start":{"line":412,"column":16},"end":{"line":412,"column":44}},"188":{"start":{"line":413,"column":16},"end":{"line":415,"column":17}},"189":{"start":{"line":414,"column":20},"end":{"line":414,"column":44}},"190":{"start":{"line":417,"column":16},"end":{"line":419,"column":17}},"191":{"start":{"line":418,"column":20},"end":{"line":418,"column":59}},"192":{"start":{"line":421,"column":16},"end":{"line":421,"column":45}},"193":{"start":{"line":423,"column":16},"end":{"line":423,"column":38}},"194":{"start":{"line":425,"column":16},"end":{"line":430,"column":19}},"195":{"start":{"line":436,"column":4},"end":{"line":448,"column":6}},"196":{"start":{"line":437,"column":8},"end":{"line":437,"column":23}},"197":{"start":{"line":439,"column":8},"end":{"line":445,"column":9}},"198":{"start":{"line":441,"column":12},"end":{"line":444,"column":13}},"199":{"start":{"line":443,"column":16},"end":{"line":443,"column":83}},"200":{"start":{"line":447,"column":8},"end":{"line":447,"column":22}},"201":{"start":{"line":450,"column":4},"end":{"line":470,"column":6}},"202":{"start":{"line":452,"column":8},"end":{"line":452,"column":28}},"203":{"start":{"line":454,"column":8},"end":{"line":466,"column":9}},"204":{"start":{"line":455,"column":12},"end":{"line":455,"column":32}},"205":{"start":{"line":456,"column":12},"end":{"line":465,"column":13}},"206":{"start":{"line":458,"column":16},"end":{"line":460,"column":17}},"207":{"start":{"line":459,"column":20},"end":{"line":459,"column":75}},"208":{"start":{"line":462,"column":16},"end":{"line":464,"column":17}},"209":{"start":{"line":463,"column":20},"end":{"line":463,"column":35}},"210":{"start":{"line":468,"column":8},"end":{"line":468,"column":27}},"211":{"start":{"line":472,"column":4},"end":{"line":476,"column":6}},"212":{"start":{"line":473,"column":8},"end":{"line":475,"column":9}},"213":{"start":{"line":474,"column":12},"end":{"line":474,"column":26}},"214":{"start":{"line":480,"column":4},"end":{"line":501,"column":6}},"215":{"start":{"line":482,"column":8},"end":{"line":500,"column":11}},"216":{"start":{"line":484,"column":12},"end":{"line":484,"column":52}},"217":{"start":{"line":486,"column":12},"end":{"line":488,"column":13}},"218":{"start":{"line":487,"column":16},"end":{"line":487,"column":23}},"219":{"start":{"line":490,"column":12},"end":{"line":490,"column":75}},"220":{"start":{"line":492,"column":12},"end":{"line":499,"column":13}},"221":{"start":{"line":494,"column":16},"end":{"line":496,"column":17}},"222":{"start":{"line":495,"column":20},"end":{"line":495,"column":41}},"223":{"start":{"line":498,"column":16},"end":{"line":498,"column":49}},"224":{"start":{"line":503,"column":4},"end":{"line":503,"column":27}},"225":{"start":{"line":504,"column":4},"end":{"line":504,"column":33}},"226":{"start":{"line":505,"column":4},"end":{"line":505,"column":31}},"227":{"start":{"line":506,"column":4},"end":{"line":506,"column":32}},"228":{"start":{"line":507,"column":4},"end":{"line":507,"column":25}},"229":{"start":{"line":508,"column":4},"end":{"line":508,"column":31}},"230":{"start":{"line":509,"column":4},"end":{"line":509,"column":31}},"231":{"start":{"line":510,"column":4},"end":{"line":510,"column":48}},"232":{"start":{"line":511,"column":4},"end":{"line":511,"column":48}},"233":{"start":{"line":512,"column":4},"end":{"line":512,"column":48}},"234":{"start":{"line":514,"column":4},"end":{"line":537,"column":6}},"235":{"start":{"line":515,"column":8},"end":{"line":518,"column":9}},"236":{"start":{"line":517,"column":12},"end":{"line":517,"column":32}},"237":{"start":{"line":520,"column":8},"end":{"line":520,"column":22}},"238":{"start":{"line":522,"column":8},"end":{"line":522,"column":31}},"239":{"start":{"line":524,"column":8},"end":{"line":527,"column":9}},"240":{"start":{"line":526,"column":12},"end":{"line":526,"column":37}},"241":{"start":{"line":529,"column":8},"end":{"line":529,"column":31}},"242":{"start":{"line":531,"column":8},"end":{"line":534,"column":9}},"243":{"start":{"line":533,"column":12},"end":{"line":533,"column":37}},"244":{"start":{"line":536,"column":8},"end":{"line":536,"column":20}},"245":{"start":{"line":539,"column":4},"end":{"line":564,"column":6}},"246":{"start":{"line":541,"column":8},"end":{"line":546,"column":11}},"247":{"start":{"line":548,"column":8},"end":{"line":550,"column":9}},"248":{"start":{"line":549,"column":12},"end":{"line":549,"column":24}},"249":{"start":{"line":552,"column":8},"end":{"line":552,"column":80}},"250":{"start":{"line":554,"column":8},"end":{"line":554,"column":26}},"251":{"start":{"line":555,"column":8},"end":{"line":560,"column":11}},"252":{"start":{"line":556,"column":12},"end":{"line":559,"column":13}},"253":{"start":{"line":557,"column":16},"end":{"line":557,"column":30}},"254":{"start":{"line":558,"column":16},"end":{"line":558,"column":29}},"255":{"start":{"line":562,"column":8},"end":{
[...]
:17}},"59":{"start":{"line":121,"column":4},"end":{"line":121,"column":18}},"60":{"start":{"line":125,"column":2},"end":{"line":128,"column":4}},"61":{"start":{"line":126,"column":3},"end":{"line":126,"column":19}},"62":{"start":{"line":127,"column":3},"end":{"line":127,"column":17}},"63":{"start":{"line":130,"column":2},"end":{"line":134,"column":4}},"64":{"start":{"line":131,"column":3},"end":{"line":133,"column":4}},"65":{"start":{"line":132,"column":4},"end":{"line":132,"column":21}},"66":{"start":{"line":136,"column":2},"end":{"line":142,"column":4}},"67":{"start":{"line":137,"column":3},"end":{"line":139,"column":6}},"68":{"start":{"line":138,"column":4},"end":{"line":138,"column":17}},"69":{"start":{"line":141,"column":3},"end":{"line":141,"column":16}},"70":{"start":{"line":148,"column":1},"end":{"line":196,"column":6}},"71":{"start":{"line":150,"column":8},"end":{"line":152,"column":9}},"72":{"start":{"line":151,"column":12},"end":{"line":151,"column":24}},"73":{"start":{"line":154,"column":8},"end":{"line":154,"column":41}},"74":{"start":{"line":156,"column":8},"end":{"line":156,"column":31}},"75":{"start":{"line":158,"column":8},"end":{"line":177,"column":9}},"76":{"start":{"line":160,"column":9},"end":{"line":163,"column":10}},"77":{"start":{"line":162,"column":10},"end":{"line":162,"column":72}},"78":{"start":{"line":165,"column":9},"end":{"line":176,"column":11}},"79":{"start":{"line":166,"column":10},"end":{"line":166,"column":34}},"80":{"start":{"line":168,"column":10},"end":{"line":175,"column":13}},"81":{"start":{"line":169,"column":11},"end":{"line":174,"column":12}},"82":{"start":{"line":170,"column":12},"end":{"line":170,"column":37}},"83":{"start":{"line":171,"column":12},"end":{"line":171,"column":47}},"84":{"start":{"line":173,"column":12},"end":{"line":173,"column":27}},"85":{"start":{"line":179,"column":8},"end":{"line":183,"column":10}},"86":{"start":{"line":180,"column":9},"end":{"line":180,"column":28}},"87":{"start":{"line":181,"column":9},"end":{"line":181,"column":31}},"88":{"start":{"line":182,"column":9},"end":{"line":182,"column":44}},"89":{"start":{"line":185,"column":8},"end":{"line":188,"column":10}},"90":{"start":{"line":186,"column":9},"end":{"line":186,"column":31}},"91":{"start":{"line":187,"column":9},"end":{"line":187,"column":45}},"92":{"start":{"line":190,"column":8},"end":{"line":193,"column":10}},"93":{"start":{"line":191,"column":9},"end":{"line":191,"column":32}},"94":{"start":{"line":192,"column":9},"end":{"line":192,"column":44}},"95":{"start":{"line":195,"column":8},"end":{"line":195,"column":23}},"96":{"start":{"line":198,"column":1},"end":{"line":219,"column":3}},"97":{"start":{"line":200,"column":2},"end":{"line":202,"column":28}},"98":{"start":{"line":201,"column":3},"end":{"line":201,"column":40}},"99":{"start":{"line":204,"column":2},"end":{"line":215,"column":5}},"100":{"start":{"line":206,"column":3},"end":{"line":214,"column":4}},"101":{"start":{"line":207,"column":4},"end":{"line":209,"column":5}},"102":{"start":{"line":208,"column":5},"end":{"line":208,"column":27}},"103":{"start":{"line":211,"column":4},"end":{"line":213,"column":5}},"104":{"start":{"line":212,"column":5},"end":{"line":212,"column":32}},"105":{"start":{"line":217,"column":2},"end":{"line":217,"column":19}},"106":{"start":{"line":221,"column":1},"end":{"line":349,"column":3}},"107":{"start":{"line":223,"column":3},"end":{"line":223,"column":20}},"108":{"start":{"line":226,"column":3},"end":{"line":226,"column":25}},"109":{"start":{"line":229,"column":3},"end":{"line":229,"column":31}},"110":{"start":{"line":232,"column":3},"end":{"line":232,"column":40}},"111":{"start":{"line":232,"column":21},"end":{"line":232,"column":40}},"112":{"start":{"line":233,"column":3},"end":{"line":233,"column":39}},"113":{"start":{"line":236,"column":3},"end":{"line":236,"column":27}},"114":{"start":{"line":239,"column":3},"end":{"line":239,"column":36}},"115":{"start":{"line":242,"column":3},"end":{"line":242,"column":42}},"116":{"start":{"line":242,"column":21},"end":{"line":242,"column":42}},"117":{"start":{"line":243,"column":3},"end":{"line":243,"column":35}},"118":{"start":{"line":246,"column":3},"end":{"line":246,"column":29}},"119":{"start":{"line":249,"column":3},"end":{"line":249,"column":41}},"120":{"start":{"line":252,"column":3},"end":{"line":252,"column":44}},"121":{"start":{"line":252,"column":21},"end":{"line":252,"column":44}},"122":{"start":{"line":253,"column":3},"end":{"line":253,"column":40}},"123":{"start":{"line":256,"column":3},"end":{"line":256,"column":31}},"124":{"start":{"line":259,"column":3},"end":{"line":259,"column":40}},"125":{"start":{"line":262,"column":3},"end":{"line":262,"column":46}},"126":{"start":{"line":262,"column":21},"end":{"line":262,"column":46}},"127":{"start":{"line":263,"column":3},"end":{"line":263,"column":39}},"128":{"start":{"line":266,"column":3},"end":{"line":266,"column":51}},"129":{"start":{"line":269,"column":3},"end":{"line":269,"column":46}},"130":{"start":{"line":272,"column":3},"end":{"line":272,"column":49}},"131":{"start":{"line":275,"column":3},"end":{"line":275,"column":59}},"132":{"start":{"line":278,"column":3},"end":{"line":278,"column":63}},"133":{"start":{"line":281,"column":3},"end":{"line":281,"column":22}},"134":{"start":{"line":281,"column":13},"end":{"line":281,"column":22}},"135":{"start":{"line":282,"column":3},"end":{"line":282,"column":24}},"136":{"start":{"line":282,"column":13},"end":{"line":282,"column":24}},"137":{"start":{"line":283,"column":3},"end":{"line":283,"column":64}},"138":{"start":{"line":283,"column":21},"end":{"line":283,"column":64}},"139":{"start":{"line":284,"column":3},"end":{"line":284,"column":50}},"140":{"start":{"line":287,"column":3},"end":{"line":287,"column":49}},"141":{"start":{"line":290,"column":3},"end":{"line":290,"column":45}},"142":{"start":{"line":293,"column":3},"end":{"line":293,"column":64}},"143":{"start":{"line":293,"column":21},"end":{"line":293,"column":64}},"144":{"start":{"line":294,"column":3},"end":{"line":294,"column":50}},"145":{"start":{"line":297,"column":3},"end":{"line":297,"column":17}},"146":{"start":{"line":297,"column":17},"end":{"line":297,"column":25}},"147":{"start":{"line":297,"column":25},"end":{"line":297,"column":33}},"148":{"start":{"line":298,"column":3},"end":{"line":298,"column":22}},"149":{"start":{"line":298,"column":13},"end":{"line":298,"column":22}},"150":{"start":{"line":298,"column":24},"end":{"line":298,"column":50}},"151":{"start":{"line":298,"column":39},"end":{"line":298,"column":50}},"152":{"start":{"line":298,"column":52},"end":{"line":298,"column":67}},"153":{"start":{"line":298,"column":60},"end":{"line":298,"column":67}},"154":{"start":{"line":299,"column":3},"end":{"line":300,"column":48}},"155":{"start":{"line":299,"column":26},"end":{"line":299,"column":30}},"156":{"start":{"line":299,"column":31},"end":{"line":299,"column":41}},"157":{"start":{"line":300,"column":8},"end":{"line":300,"column":48}},"158":{"start":{"line":301,"column":3},"end":{"line":301,"column":77}},"159":{"start":{"line":304,"column":3},"end":{"line":304,"column":17}},"160":{"start":{"line":304,"column":17},"end":{"line":304,"column":25}},"161":{"start":{"line":304,"column":25},"end":{"line":304,"column":33}},"162":{"start":{"line":305,"column":3},"end":{"line":305,"column":22}},"163":{"start":{"line":305,"column":13},"end":{"line":305,"column":22}},"164":{"start":{"line":305,"column":24},"end":{"line":305,"column":50}},"165":{"start":{"line":305,"column":39},"end":{"line":305,"column":50}},"166":{"start":{"line":305,"column":52},"end":{"line":305,"column":67}},"167":{"start":{"line":305,"column":60},"end":{"line":305,"column":67}},"168":{"start":{"line":306,"column":3},"end":{"line":307,"column":48}},"169":{"start":{"line":306,"column":26},"end":{"line":306,"column":30}},"170":{"start":{"line":306,"column":31},"end":{"line":306,"column":41}},"171":{"start":{"line":307,"column":8},"end":{"line":307,"column":48}},"172":{"start":{"line":308,"column":3},"end":{"line":308,"column":74}},"173":{"start":{"line":311,"column":3},"end":{"line":311,"column":17}},"174":{"start":{"line":311,"column":17},"end":{"line":311,"column":25}},"175":{"start":{"line":311,"column":25},"end":{"line":311,"column":33}},"176":{"start":{"line":312,"column":3},"end":{"line":312,"column":22}},"177":{"start":{"line":312,"column":13},"end":{"line":312,"column":22}},"178":{"start":{"line":312,"column":24},"end":{"line":312,"column":52}},"179":{"start":{"line":312,"column":41},"end":{"line":312,"column":52}},"180":{"start":{"line":312,"column":54},"end":{"line":312,"column":75}},"181":{"start":{"line":312,"column":62},"end":{"line":312,"column":75}},"182":{"start":{"line":313,"column":3},"end":{"line":314,"column":48}},"183":{"start":{"line":313,"column":26},"end":{"line":313,"column":30}},"184":{"start":{"line":313,"column":31},"end":{"line":313,"column":41}},"185":{"start":{"line":314,"column":8},"end":{"line":314,"column":48}},"186":{"start":{"line":315,"column":3},"end":{"line":315,"column":91}},"187":{"start":{"line":315,"column":14},"end":{"line":315,"column":91}},"188":{"start":{"line":316,"column":3},"end":{"line":316,"column":82}},"189":{"start":{"line":319,"column":3},"end":{"line":319,"column":35}},"190":{"start":{"line":319,"column":23},"end":{"line":319,"column":35}},"191":{"start":{"line":320,"column":3},"end":{"line":320,"column":39}},"192":{"start":{"line":323,"column":3},"end":{"line":323,"column":35}},"193":{"start":{"line":323,"column":23},"end":{"line":323,"column":35}},"194":{"start":{"line":324,"column":3},"end":{"line":324,"column":48}},"195":{"start":{"line":327,"column":3},"end":{"line":327,"column":35}},"196":{"start":{"line":327,"column":23},"end":{"line":327,"column":35}},"197":{"start":{"line":328,"column":3},"end":{"line":328,"column":67}},"198":{"start":{"line":328,"column":21},"end":{"line":328,"column":67}},"199":{"start":{"line":329,"column":3},"end":{"line":329,"column":58}},"200":{"start":{"line":332,"column":3},"end":{"line":332,"column":57}},"201":{"start":{"line":335,"column":3},"end":{"line":343,"column":4}},"202":{"start":{"line":336,"column":4},"end":{"line":336,"column":30}},"203":{"start":{"line":337,"column":10},"end":{"line":343,"column":4}},"204":{"start":{"line":338,"column":4},"end":{"line":338,"column":50}},"205":{"start":{"line":339,"column":10},"end":{"line":343,"column":4}},"206":{"start":{"line":340,"column":4},"end":{"line":340,"column":53}},"207":{"start":{"line":342,"column":4},"end":{"line":342,"column":56}},"208":{"start":{"line":346,"column":3},"end":{"line":346,"column":70}},"209":{"start":{"line":346,"column":16},"end":{"line":346,"column":70}},"210":{"start":{"line":347,"column":3},"end":{"line":347,"column":67}}},"branchMap":{"1":{"line":21,"type":"if","locations":[{"start":{"line":21,"column":2},"end":{"line":21,"column":2}},{"start":{"line":21,"column":2},"end":{"line":21,"column":2}}]},"2":{"line":25,"type":"if","locations":[{"start":{"line":25,"column":2},"end":{"line":25,"column":2}},{"start":{"line":25,"column":2},"end":{"line":25,"column":2}}]},"3":{"line":29,"type":"if","locations":[{"start":{"line":29,"column":2},"end":{"line":29,"column":2}},{"start":{"line":29,"column":2},"end":{"line":29,"column":2}}]},"4":{"line":33,"type":"if","locations":[{"start":{"line":33,"column":2},"end":{"line":33,"column":2}},{"start":{"line":33,"column":2},"end":{"line":33,"column":2}}]},"5":{"line":49,"type":"if","locations":[{"start":{"line":49,"column":4},"end":{"line":49,"column":4}},{"start":{"line":49,"column":4},"end":{"line":49,"column":4}}]},"6":{"line":63,"type":"if","locations":[{"start":{"line":63,"column":4},"end":{"line":63,"column":4}},{"start":{"line":63,"column":4},"end":{"line":63,"column":4}}]},"7":{"line":63,"type":"binary-expr","locations":[{"start":{"line":63,"column":8},"end":{"line":63,"column":12}},{"start":{"line":63,"column":16},"end":{"line":63,"column":41}},{"start":{"line":63,"column":45},"end":{"line":63,"column":69}}]},"8":{"line":75,"type":"if","locations":[{"start":{"line":75,"column":4},"end":{"line":75,"column":4}},{"start":{"line":75,"column":4},"end":{"line":75,"column":4}}]},"9":{"line":79,"type":"if","locations":[{"start":{"line":79,"column":4},"end":{"line":79,"column":4}},{"start":{"line":79,"column":4},"end":{"line":79,"column":4}}]},"10":{"line":83,"type":"if","locations":[{"start":{"line":83,"column":5},"end":{"line":83,"column":5}},{"start":{"line":83,"column":5},"end":{"line":83,"column":5}}]},"11":{"line":87,"type":"if","locations":[{"start":{"line":87,"column":5},"end":{"line":87,"column":5}},{"start":{"line":87,"column":5},"end":{"line":87,"column":5}}]},"12":{"line":98,"type":"if","locations":[{"start":{"line":98,"column":4},"end":{"line":98,"column":4}},{"start":{"line":98,"column":4},"end":{"line":98,"column":4}}]},"13":{"line":104,"type":"if","locations":[{"start":{"line":104,"column":4},"end":{"line":104,"column":4}},{"start":{"line":104,"column":4},"end":{"line":104,"column":4}}]},"14":{"line":104,"type":"binary-expr","locations":[{"start":{"line":104,"column":8},"end":{"line":104,"column":18}},{"start":{"line":104,"column":22},"end":{"line":104,"column":55}}]},"15":{"line":112,"type":"if","locations":[{"start":{"line":112,"column":3},"end":{"line":112,"column":3}},{"start":{"line":112,"column":3},"end":{"line":112,"column":3}}]},"16":{"line":118,"type":"if","locations":[{"start":{"line":118,"column":3},"end":{"line":118,"column":3}},{"start":{"line":118,"column":3},"end":{"line":118,"column":3}}]},"17":{"line":150,"type":"if","locations":[{"start":{"line":150,"column":8},"end":{"line":150,"column":8}},{"start":{"line":150,"column":8},"end":{"line":150,"column":8}}]},"18":{"line":160,"type":"if","locations":[{"start":{"line":160,"column":9},"end":{"line":160,"column":9}},{"start":{"line":160,"column":9},"end":{"line":160,"column":9}}]},"19":{"line":169,"type":"if","locations":[{"start":{"line":169,"column":11},"end":{"line":169,"column":11}},{"start":{"line":169,"column":11},"end":{"line":169,"column":11}}]},"20":{"line":206,"type":"if","locations":[{"start":{"line":206,"column":3},"end":{"line":206,"column":3}},{"start":{"line":206,"column":3},"end":{"line":206,"column":3}}]},"21":{"line":207,"type":"if","locations":[{"start":{"line":207,"column":4},"end":{"line":207,"column":4}},{"start":{"line":207,"column":4},"end":{"line":207,"column":4}}]},"22":{"line":211,"type":"if","locations":[{"start":{"line":211,"column":4},"end":{"line":211,"column":4}},{"start":{"line":211,"column":4},"end":{"line":211,"column":4}}]},"23":{"line":232,"type":"if","locations":[{"start":{"line":232,"column":3},"end":{"line":232,"column":3}},{"start":{"line":232,"column":3},"end":{"line":232,"column":3}}]},"24":{"line":242,"type":"if","locations":[{"start":{"line":242,"column":3},"end":{"line":242,"column":3}},{"start":{"line":242,"column":3},"end":{"line":242,"column":3}}]},"25":{"line":252,"type":"if","locations":[{"start":{"line":252,"column":3},"end":{"line":252,"column":3}},{"start":{"line":252,"column":3},"end":{"line":252,"column":3}}]},"26":{"line":262,"type":"if","locations":[{"start":{"line":262,"column":3},"end":{"line":262,"column":3}},{"start":{"line":262,"column":3},"end":{"line":262,"column":3}}]},"27":{"line":275,"type":"cond-expr","locations":[{"start":{"line":275,"column":19},"end":{"line":275,"column":20}},{"start":{"line":275,"column":23},"end":{"line":275,"column":58}}]},"28":{"line":278,"type":"cond-expr","locations":[{"start":{"line":278,"column":19},"end":{"line":278,"column":22}},{"start":{"line":278,"column":25},"end":{"line":278,"column":62}}]},"29":{"line":281,"type":"if","locations":[{"start":{"line":281,"column":3},"end":{"line":281,"column":3}},{"start":{"line":281,"column":3},"end":{"line":281,"column":3}}]},"30":{"line":282,"type":"if","locations":[{"start":{"line":282,"column":3},"end":{"line":282,"column":3}},{"start":{"line":282,"column":3},"end":{"line":282,"column":3}}]},"31":{"line":283,"type":"if","locations":[{"start":{"line":283,"column":3},"end":{"line":283,"column":3}},{"start":{"line":283,"column":3},"end":{"line":283,"column":3}}]},"32":{"line":293,"type":"if","locations":[{"start":{"line":293,"column":3},"end":{"line":293,"column":3}},{"start":{"line":293,"column":3},"end":{"line":293,"column":3}}]},"33":{"line":298,"type":"if","locations":[{"start":{"line":298,"column":3},"end":{"line":298,"column":3}},{"start":{"line":298,"column":3},"end":{"line":298,"column":3}}]},"34":{"line":298,"type":"if","locations":[{"start":{"line":298,"column":24},"end":{"line":298,"column":24}},{"start":{"line":298,"column":24},"end":{"line":298,"column":24}}]},"35":{"line":298,"type":"if","locations":[{"start":{"line":298,"column":52},"end":{"line":298,"column":52}},{"start":{"line":298,"column":52},"end":{"line":298,"column":52}}]},"36":{"line":299,"type":"if","locations":[{"start":{"line":299,"column":3},"end":{"line":299,"column":3}},{"start":{"line":299,"column":3},"end":{"line":299,"column":3}}]},"37":{"line":305,"type":"if","locations":[{"start":{"line":305,"column":3},"end":{"line":305,"column":3}},{"start":{"line":305,"column":3},"end":{"line":305,"column":3}}]},"38":{"line":305,"type":"if","locations":[{"start":{"line":305,"column":24},"end":{"line":305,"column":24}},{"start":{"line":305,"column":24},"end":{"line":305,"column":24}}]},"39":{"line":305,"type":"if","locations":[{"start":{"line":305,"column":52},"end":{"line":305,"column":52}},{"start":{"line":305,"column":52},"end":{"line":305,"column":52}}]},"40":{"line":306,"type":"if","locations":[{"start":{"line":306,"column":3},"end":{"line":306,"column":3}},{"start":{"line":306,"column":3},"end":{"line":306,"column":3}}]},"41":{"line":312,"type":"if","locations":[{"start":{"line":312,"column":3},"end":{"line":312,"column":3}},{"start":{"line":312,"column":3},"end":{"line":312,"column":3}}]},"42":{"line":312,"type":"if","locations":[{"start":{"line":312,"column":24},"end":{"line":312,"column":24}},{"start":{"line":312,"column":24},"end":{"line":312,"column":24}}]},"43":{"line":312,"type":"if","locations":[{"start":{"line":312,"column":54},"end":{"line":312,"column":54}},{"start":{"line":312,"column":54},"end":{"line":312,"column":54}}]},"44":{"line":313,"type":"if","locations":[{"start":{"line":313,"column":3},"end":{"line":313,"column":3}},{"start":{"line":313,"column":3},"end":{"line":313,"column":3}}]},"45":{"line":315,"type":"if","locations":[{"start":{"line":315,"column":3},"end":{"line":315,"column":3}},{"start":{"line":315,"column":3},"end":{"line":315,"column":3}}]},"46":{"line":319,"type":"if","locations":[{"start":{"line":319,"column":3},"end":{"line":319,"column":3}},{"start":{"line":319,"column":3},"end":{"line":319,"column":3}}]},"47":{"line":323,"type":"if","locations":[{"start":{"line":323,"column":3},"end":{"line":323,"column":3}},{"start":{"line":323,"column":3},"end":{"line":323,"column":3}}]},"48":{"line":327,"type":"if","locations":[{"start":{"line":327,"column":3},"end":{"line":327,"column":3}},{"start":{"line":327,"column":3},"end":{"line":327,"column":3}}]},"49":{"line":328,"type":"if","locations":[{"start":{"line":328,"column":3},"end":{"line":328,"column":3}},{"start":{"line":328,"column":3},"end":{"line":328,"column":3}}]},"50":{"line":335,"type":"if","locations":[{"start":{"line":335,"column":3},"end":{"line":335,"column":3}},{"start":{"line":335,"column":3},"end":{"line":335,"column":3}}]},"51":{"line":337,"type":"if","locations":[{"start":{"line":337,"column":10},"end":{"line":337,"column":10}},{"start":{"line":337,"column":10},"end":{"line":337,"column":10}}]},"52":{"line":339,"type":"if","locations":[{"start":{"line":339,"column":10},"end":{"line":339,"column":10}},{"start":{"line":339,"column":10},"end":{"line":339,"column":10}}]},"53":{"line":346,"type":"if","locations":[{"start":{"line":346,"column":3},"end":{"line":346,"column":3}},{"start":{"line":346,"column":3},"end":{"line":346,"column":3}}]}}}}